<?xml version="1.0" encoding="UTF-8"?>
<coverage generated="1589139712810" clover="3.2.0">
  <project timestamp="1589139712810" name="All files">
    <metrics statements="989" coveredstatements="815" conditionals="471" coveredconditionals="361" methods="302" coveredmethods="238" elements="1762" coveredelements="1414" complexity="0" loc="989" ncloc="989" packages="4" files="19" classes="19"/>
    <package name="src">
      <metrics statements="807" coveredstatements="652" conditionals="409" coveredconditionals="315" methods="266" coveredmethods="204"/>
      <file name="base64.ts" path="C:\Repos\Kea Software\Librerias\pureutils\src\base64.ts">
        <metrics statements="41" coveredstatements="8" conditionals="8" coveredconditionals="0" methods="10" coveredmethods="2"/>
        <line num="2" count="1" type="stmt"/>
        <line num="3" count="0" type="stmt"/>
        <line num="4" count="0" type="stmt"/>
        <line num="5" count="0" type="stmt"/>
        <line num="6" count="0" type="stmt"/>
        <line num="7" count="0" type="cond" truecount="0" falsecount="2"/>
        <line num="8" count="0" type="stmt"/>
        <line num="12" count="0" type="cond" truecount="0" falsecount="2"/>
        <line num="13" count="0" type="stmt"/>
        <line num="15" count="0" type="stmt"/>
        <line num="16" count="0" type="stmt"/>
        <line num="17" count="0" type="stmt"/>
        <line num="19" count="0" type="stmt"/>
        <line num="24" count="1" type="stmt"/>
        <line num="25" count="1" type="stmt"/>
        <line num="29" count="1" type="stmt"/>
        <line num="30" count="1" type="stmt"/>
        <line num="34" count="1" type="stmt"/>
        <line num="38" count="0" type="cond" truecount="0" falsecount="2"/>
        <line num="39" count="0" type="stmt"/>
        <line num="40" count="0" type="stmt"/>
        <line num="44" count="1" type="stmt"/>
        <line num="45" count="0" type="stmt"/>
        <line num="46" count="0" type="stmt"/>
        <line num="48" count="0" type="stmt"/>
        <line num="49" count="0" type="stmt"/>
        <line num="51" count="0" type="stmt"/>
        <line num="52" count="0" type="stmt"/>
        <line num="53" count="0" type="stmt"/>
        <line num="56" count="0" type="stmt"/>
        <line num="58" count="0" type="stmt"/>
        <line num="61" count="0" type="stmt"/>
        <line num="62" count="0" type="stmt"/>
        <line num="66" count="1" type="stmt"/>
        <line num="67" count="0" type="stmt"/>
        <line num="69" count="0" type="stmt"/>
        <line num="70" count="0" type="stmt"/>
        <line num="71" count="0" type="cond" truecount="0" falsecount="2"/>
        <line num="72" count="0" type="stmt"/>
        <line num="75" count="0" type="stmt"/>
        <line num="78" count="0" type="stmt"/>
      </file>
      <file name="compare.ts" path="C:\Repos\Kea Software\Librerias\pureutils\src\compare.ts">
        <metrics statements="11" coveredstatements="11" conditionals="7" coveredconditionals="6" methods="4" coveredmethods="4"/>
        <line num="1" count="2" type="stmt"/>
        <line num="21" count="2" type="stmt"/>
        <line num="22" count="4" type="cond" truecount="4" falsecount="0"/>
        <line num="23" count="3" type="stmt"/>
        <line num="26" count="1" type="stmt"/>
        <line num="39" count="2" type="stmt"/>
        <line num="45" count="4" type="stmt"/>
        <line num="46" count="12" type="stmt"/>
        <line num="52" count="12" type="stmt"/>
        <line num="53" count="4" type="stmt"/>
        <line num="54" count="4" type="stmt"/>
      </file>
      <file name="dates.ts" path="C:\Repos\Kea Software\Librerias\pureutils\src\dates.ts">
        <metrics statements="31" coveredstatements="30" conditionals="14" coveredconditionals="13" methods="2" coveredmethods="2"/>
        <line num="3" count="1" type="stmt"/>
        <line num="4" count="7" type="stmt"/>
        <line num="5" count="7" type="stmt"/>
        <line num="6" count="7" type="stmt"/>
        <line num="7" count="7" type="stmt"/>
        <line num="8" count="7" type="stmt"/>
        <line num="9" count="7" type="stmt"/>
        <line num="11" count="7" type="stmt"/>
        <line num="13" count="1" type="stmt"/>
        <line num="15" count="1" type="stmt"/>
        <line num="17" count="1" type="stmt"/>
        <line num="19" count="1" type="stmt"/>
        <line num="21" count="1" type="stmt"/>
        <line num="23" count="1" type="stmt"/>
        <line num="25" count="1" type="stmt"/>
        <line num="30" count="1" type="stmt"/>
        <line num="31" count="6" type="stmt"/>
        <line num="32" count="6" type="stmt"/>
        <line num="34" count="1" type="stmt"/>
        <line num="36" count="1" type="stmt"/>
        <line num="38" count="1" type="stmt"/>
        <line num="40" count="0" type="stmt"/>
        <line num="44" count="1" type="stmt"/>
        <line num="45" count="1" type="stmt"/>
        <line num="46" count="1" type="stmt"/>
        <line num="50" count="1" type="stmt"/>
        <line num="51" count="1" type="stmt"/>
        <line num="52" count="1" type="stmt"/>
        <line num="56" count="1" type="stmt"/>
        <line num="57" count="1" type="stmt"/>
        <line num="58" count="1" type="stmt"/>
      </file>
      <file name="debounce.ts" path="C:\Repos\Kea Software\Librerias\pureutils\src\debounce.ts">
        <metrics statements="31" coveredstatements="2" conditionals="8" coveredconditionals="0" methods="8" coveredmethods="0"/>
        <line num="1" count="1" type="stmt"/>
        <line num="6" count="1" type="stmt"/>
        <line num="7" count="0" type="stmt"/>
        <line num="8" count="0" type="stmt"/>
        <line num="10" count="0" type="stmt"/>
        <line num="11" count="0" type="stmt"/>
        <line num="12" count="0" type="stmt"/>
        <line num="13" count="0" type="cond" truecount="0" falsecount="4"/>
        <line num="15" count="0" type="stmt"/>
        <line num="16" count="0" type="stmt"/>
        <line num="20" count="0" type="stmt"/>
        <line num="21" count="0" type="cond" truecount="0" falsecount="2"/>
        <line num="22" count="0" type="stmt"/>
        <line num="24" count="0" type="stmt"/>
        <line num="25" count="0" type="stmt"/>
        <line num="26" count="0" type="stmt"/>
        <line num="27" count="0" type="stmt"/>
        <line num="29" count="0" type="cond" truecount="0" falsecount="2"/>
        <line num="30" count="0" type="stmt"/>
        <line num="33" count="0" type="stmt"/>
        <line num="36" count="0" type="stmt"/>
        <line num="37" count="0" type="stmt"/>
        <line num="38" count="0" type="stmt"/>
        <line num="40" count="0" type="stmt"/>
        <line num="43" count="0" type="stmt"/>
        <line num="44" count="0" type="stmt"/>
        <line num="45" count="0" type="stmt"/>
        <line num="47" count="0" type="stmt"/>
        <line num="48" count="0" type="stmt"/>
        <line num="49" count="0" type="stmt"/>
        <line num="52" count="0" type="stmt"/>
      </file>
      <file name="diacritics.ts" path="C:\Repos\Kea Software\Librerias\pureutils\src\diacritics.ts">
        <metrics statements="9" coveredstatements="9" conditionals="2" coveredconditionals="1" methods="2" coveredmethods="2"/>
        <line num="1" count="1" type="stmt"/>
        <line num="90" count="1" type="stmt"/>
        <line num="91" count="1" type="stmt"/>
        <line num="92" count="86" type="stmt"/>
        <line num="93" count="86" type="stmt"/>
        <line num="94" count="875" type="stmt"/>
        <line num="99" count="1" type="stmt"/>
        <line num="100" count="8" type="stmt"/>
        <line num="101" count="4" type="cond" truecount="1" falsecount="1"/>
      </file>
      <file name="index.ts" path="C:\Repos\Kea Software\Librerias\pureutils\src\index.ts">
        <metrics statements="11" coveredstatements="11" conditionals="0" coveredconditionals="0" methods="0" coveredmethods="0"/>
        <line num="1" count="1" type="stmt"/>
        <line num="2" count="1" type="stmt"/>
        <line num="3" count="1" type="stmt"/>
        <line num="4" count="1" type="stmt"/>
        <line num="5" count="1" type="stmt"/>
        <line num="6" count="1" type="stmt"/>
        <line num="7" count="1" type="stmt"/>
        <line num="8" count="1" type="stmt"/>
        <line num="10" count="1" type="stmt"/>
        <line num="11" count="1" type="stmt"/>
        <line num="12" count="1" type="stmt"/>
      </file>
      <file name="interop.ts" path="C:\Repos\Kea Software\Librerias\pureutils\src\interop.ts">
        <metrics statements="3" coveredstatements="1" conditionals="2" coveredconditionals="0" methods="1" coveredmethods="0"/>
        <line num="11" count="1" type="stmt"/>
        <line num="12" count="0" type="stmt"/>
        <line num="13" count="0" type="cond" truecount="0" falsecount="2"/>
      </file>
      <file name="logic.ts" path="C:\Repos\Kea Software\Librerias\pureutils\src\logic.ts">
        <metrics statements="630" coveredstatements="561" conditionals="336" coveredconditionals="289" methods="220" coveredmethods="189"/>
        <line num="1" count="9" type="stmt"/>
        <line num="2" count="9" type="stmt"/>
        <line num="5" count="9" type="stmt"/>
        <line num="6" count="9" type="stmt"/>
        <line num="7" count="9" type="stmt"/>
        <line num="13" count="9" type="stmt"/>
        <line num="14" count="16" type="cond" truecount="2" falsecount="0"/>
        <line num="16" count="52" type="stmt"/>
        <line num="17" count="52" type="cond" truecount="2" falsecount="0"/>
        <line num="18" count="7" type="stmt"/>
        <line num="20" count="9" type="stmt"/>
        <line num="27" count="9" type="stmt"/>
        <line num="28" count="6" type="cond" truecount="2" falsecount="0"/>
        <line num="29" count="5" type="cond" truecount="2" falsecount="0"/>
        <line num="30" count="5" type="stmt"/>
        <line num="31" count="5" type="stmt"/>
        <line num="32" count="8" type="stmt"/>
        <line num="33" count="8" type="cond" truecount="2" falsecount="0"/>
        <line num="34" count="2" type="stmt"/>
        <line num="36" count="3" type="stmt"/>
        <line num="44" count="9" type="stmt"/>
        <line num="45" count="214" type="cond" truecount="1" falsecount="1"/>
        <line num="46" count="503" type="stmt"/>
        <line num="47" count="503" type="cond" truecount="2" falsecount="0"/>
        <line num="49" count="58" type="stmt"/>
        <line num="51" count="0" type="stmt"/>
        <line num="56" count="9" type="stmt"/>
        <line num="57" count="200" type="cond" truecount="2" falsecount="0"/>
        <line num="58" count="479" type="stmt"/>
        <line num="62" count="9" type="stmt"/>
        <line num="63" count="43" type="stmt"/>
        <line num="67" count="9" type="stmt"/>
        <line num="68" count="10" type="stmt"/>
        <line num="76" count="9" type="stmt"/>
        <line num="77" count="994" type="stmt"/>
        <line num="81" count="9" type="stmt"/>
        <line num="82" count="134" type="cond" truecount="2" falsecount="0"/>
        <line num="83" count="130" type="cond" truecount="4" falsecount="0"/>
        <line num="84" count="129" type="cond" truecount="2" falsecount="0"/>
        <line num="86" count="146" type="cond" truecount="2" falsecount="0"/>
        <line num="87" count="125" type="stmt"/>
        <line num="88" count="255" type="cond" truecount="2" falsecount="0"/>
        <line num="90" count="87" type="stmt"/>
        <line num="96" count="9" type="stmt"/>
        <line num="97" count="37" type="stmt"/>
        <line num="98" count="37" type="cond" truecount="2" falsecount="0"/>
        <line num="100" count="35" type="stmt"/>
        <line num="101" count="35" type="cond" truecount="1" falsecount="1"/>
        <line num="103" count="8" type="stmt"/>
        <line num="107" count="367" type="stmt"/>
        <line num="108" count="367" type="cond" truecount="5" falsecount="0"/>
        <line num="109" count="367" type="cond" truecount="3" falsecount="0"/>
        <line num="113" count="9" type="stmt"/>
        <line num="114" count="251" type="cond" truecount="4" falsecount="0"/>
        <line num="116" count="6" type="stmt"/>
        <line num="119" count="245" type="cond" truecount="1" falsecount="1"/>
        <line num="120" count="0" type="stmt"/>
        <line num="122" count="245" type="cond" truecount="4" falsecount="0"/>
        <line num="123" count="123" type="stmt"/>
        <line num="125" count="122" type="cond" truecount="4" falsecount="0"/>
        <line num="126" count="4" type="cond" truecount="3" falsecount="1"/>
        <line num="127" count="4" type="stmt"/>
        <line num="128" count="0" type="stmt"/>
        <line num="131" count="118" type="cond" truecount="2" falsecount="0"/>
        <line num="132" count="116" type="cond" truecount="3" falsecount="1"/>
        <line num="134" count="116" type="cond" truecount="4" falsecount="0"/>
        <line num="135" count="50" type="stmt"/>
        <line num="138" count="124" type="stmt"/>
        <line num="139" count="126" type="stmt"/>
        <line num="141" count="66" type="cond" truecount="2" falsecount="0"/>
        <line num="142" count="122" type="stmt"/>
        <line num="160" count="9" type="stmt"/>
        <line num="161" count="3" type="cond" truecount="2" falsecount="0"/>
        <line num="163" count="3" type="stmt"/>
        <line num="165" count="8" type="stmt"/>
        <line num="166" count="8" type="stmt"/>
        <line num="168" count="4" type="stmt"/>
        <line num="170" count="4" type="stmt"/>
        <line num="174" count="3" type="stmt"/>
        <line num="178" count="9" type="stmt"/>
        <line num="179" count="100" type="cond" truecount="1" falsecount="1"/>
        <line num="180" count="100" type="stmt"/>
        <line num="183" count="0" type="stmt"/>
        <line num="184" count="0" type="stmt"/>
        <line num="185" count="0" type="cond" truecount="0" falsecount="2"/>
        <line num="186" count="0" type="stmt"/>
        <line num="187" count="0" type="stmt"/>
        <line num="190" count="0" type="stmt"/>
        <line num="191" count="0" type="stmt"/>
        <line num="194" count="0" type="stmt"/>
        <line num="198" count="9" type="stmt"/>
        <line num="199" count="166" type="cond" truecount="2" falsecount="0"/>
        <line num="203" count="9" type="stmt"/>
        <line num="204" count="171" type="cond" truecount="2" falsecount="0"/>
        <line num="207" count="66" type="cond" truecount="2" falsecount="0"/>
        <line num="209" count="9" type="stmt"/>
        <line num="210" count="147" type="stmt"/>
        <line num="211" count="41" type="stmt"/>
        <line num="215" count="9" type="stmt"/>
        <line num="216" count="0" type="stmt"/>
        <line num="217" count="0" type="stmt"/>
        <line num="218" count="0" type="stmt"/>
        <line num="220" count="0" type="stmt"/>
        <line num="225" count="9" type="stmt"/>
        <line num="226" count="2" type="stmt"/>
        <line num="227" count="8" type="stmt"/>
        <line num="228" count="8" type="stmt"/>
        <line num="229" count="2" type="stmt"/>
        <line num="236" count="9" type="stmt"/>
        <line num="237" count="124" type="stmt"/>
        <line num="238" count="124" type="cond" truecount="4" falsecount="0"/>
        <line num="239" count="42" type="stmt"/>
        <line num="241" count="34" type="stmt"/>
        <line num="247" count="9" type="stmt"/>
        <line num="248" count="7" type="stmt"/>
        <line num="249" count="7" type="stmt"/>
        <line num="250" count="14" type="stmt"/>
        <line num="251" count="14" type="cond" truecount="2" falsecount="0"/>
        <line num="253" count="14" type="cond" truecount="2" falsecount="0"/>
        <line num="254" count="9" type="cond" truecount="2" falsecount="0"/>
        <line num="256" count="3" type="stmt"/>
        <line num="258" count="6" type="stmt"/>
        <line num="259" count="6" type="stmt"/>
        <line num="263" count="4" type="stmt"/>
        <line num="267" count="9" type="stmt"/>
        <line num="268" count="0" type="stmt"/>
        <line num="277" count="9" type="stmt"/>
        <line num="278" count="11" type="stmt"/>
        <line num="279" count="11" type="cond" truecount="2" falsecount="0"/>
        <line num="280" count="71" type="stmt"/>
        <line num="281" count="71" type="stmt"/>
        <line num="282" count="113" type="stmt"/>
        <line num="283" count="71" type="cond" truecount="2" falsecount="0"/>
        <line num="284" count="34" type="stmt"/>
        <line num="286" count="37" type="stmt"/>
        <line num="289" count="11" type="stmt"/>
        <line num="306" count="9" type="stmt"/>
        <line num="307" count="6" type="stmt"/>
        <line num="308" count="2" type="cond" truecount="2" falsecount="0"/>
        <line num="309" count="2" type="cond" truecount="1" falsecount="1"/>
        <line num="310" count="0" type="stmt"/>
        <line num="312" count="6" type="stmt"/>
        <line num="327" count="9" type="stmt"/>
        <line num="328" count="24" type="stmt"/>
        <line num="329" count="24" type="stmt"/>
        <line num="331" count="11" type="cond" truecount="2" falsecount="0"/>
        <line num="332" count="11" type="cond" truecount="2" falsecount="0"/>
        <line num="333" count="11" type="stmt"/>
        <line num="334" count="28" type="stmt"/>
        <line num="335" count="28" type="stmt"/>
        <line num="336" count="28" type="stmt"/>
        <line num="337" count="28" type="stmt"/>
        <line num="339" count="11" type="stmt"/>
        <line num="344" count="9" type="stmt"/>
        <line num="345" count="6" type="stmt"/>
        <line num="355" count="9" type="stmt"/>
        <line num="356" count="5" type="stmt"/>
        <line num="357" count="5" type="stmt"/>
        <line num="358" count="15" type="stmt"/>
        <line num="359" count="15" type="cond" truecount="2" falsecount="0"/>
        <line num="360" count="10" type="stmt"/>
        <line num="363" count="5" type="stmt"/>
        <line num="371" count="9" type="stmt"/>
        <line num="372" count="4" type="stmt"/>
        <line num="377" count="9" type="stmt"/>
        <line num="378" count="2" type="stmt"/>
        <line num="382" count="19" type="stmt"/>
        <line num="383" count="5" type="stmt"/>
        <line num="384" count="9" type="stmt"/>
        <line num="385" count="9" type="cond" truecount="2" falsecount="0"/>
        <line num="386" count="8" type="stmt"/>
        <line num="389" count="5" type="stmt"/>
        <line num="393" count="9" type="stmt"/>
        <line num="394" count="2" type="cond" truecount="2" falsecount="0"/>
        <line num="395" count="1" type="cond" truecount="3" falsecount="1"/>
        <line num="396" count="0" type="stmt"/>
        <line num="398" count="1" type="stmt"/>
        <line num="399" count="5" type="cond" truecount="2" falsecount="0"/>
        <line num="407" count="9" type="stmt"/>
        <line num="408" count="18" type="cond" truecount="2" falsecount="0"/>
        <line num="409" count="9" type="cond" truecount="3" falsecount="1"/>
        <line num="410" count="0" type="stmt"/>
        <line num="413" count="9" type="cond" truecount="2" falsecount="0"/>
        <line num="416" count="8" type="stmt"/>
        <line num="417" count="8" type="stmt"/>
        <line num="418" count="8" type="stmt"/>
        <line num="419" count="8" type="stmt"/>
        <line num="420" count="36" type="cond" truecount="4" falsecount="0"/>
        <line num="427" count="9" type="stmt"/>
        <line num="428" count="6" type="cond" truecount="6" falsecount="0"/>
        <line num="429" count="2" type="stmt"/>
        <line num="431" count="4" type="cond" truecount="2" falsecount="0"/>
        <line num="439" count="9" type="stmt"/>
        <line num="440" count="1" type="stmt"/>
        <line num="441" count="2" type="stmt"/>
        <line num="442" count="1" type="stmt"/>
        <line num="443" count="2" type="stmt"/>
        <line num="444" count="1" type="stmt"/>
        <line num="462" count="9" type="stmt"/>
        <line num="463" count="1" type="stmt"/>
        <line num="470" count="1" type="stmt"/>
        <line num="471" count="3" type="stmt"/>
        <line num="472" count="7" type="stmt"/>
        <line num="481" count="5" type="stmt"/>
        <line num="482" count="1" type="stmt"/>
        <line num="489" count="9" type="stmt"/>
        <line num="490" count="2" type="stmt"/>
        <line num="492" count="5" type="stmt"/>
        <line num="493" count="5" type="stmt"/>
        <line num="496" count="2" type="stmt"/>
        <line num="502" count="9" type="stmt"/>
        <line num="503" count="59" type="stmt"/>
        <line num="509" count="32" type="stmt"/>
        <line num="510" count="8" type="stmt"/>
        <line num="519" count="9" type="stmt"/>
        <line num="520" count="1" type="cond" truecount="2" falsecount="0"/>
        <line num="521" count="1" type="stmt"/>
        <line num="524" count="1" type="stmt"/>
        <line num="527" count="2" type="stmt"/>
        <line num="528" count="2" type="stmt"/>
        <line num="529" count="2" type="cond" truecount="2" falsecount="0"/>
        <line num="530" count="1" type="stmt"/>
        <line num="535" count="1" type="stmt"/>
        <line num="536" count="1" type="stmt"/>
        <line num="540" count="9" type="stmt"/>
        <line num="541" count="18" type="cond" truecount="2" falsecount="0"/>
        <line num="542" count="46" type="stmt"/>
        <line num="549" count="9" type="stmt"/>
        <line num="550" count="1" type="cond" truecount="2" falsecount="0"/>
        <line num="551" count="9" type="stmt"/>
        <line num="555" count="32" type="stmt"/>
        <line num="556" count="16" type="stmt"/>
        <line num="560" count="9" type="stmt"/>
        <line num="561" count="2" type="cond" truecount="2" falsecount="0"/>
        <line num="571" count="9" type="stmt"/>
        <line num="572" count="1" type="cond" truecount="2" falsecount="0"/>
        <line num="573" count="11" type="stmt"/>
        <line num="579" count="9" type="stmt"/>
        <line num="580" count="7" type="cond" truecount="2" falsecount="0"/>
        <line num="584" count="9" type="stmt"/>
        <line num="589" count="1" type="stmt"/>
        <line num="590" count="4" type="stmt"/>
        <line num="595" count="1" type="stmt"/>
        <line num="601" count="9" type="stmt"/>
        <line num="603" count="14" type="stmt"/>
        <line num="610" count="9" type="stmt"/>
        <line num="611" count="7" type="cond" truecount="1" falsecount="1"/>
        <line num="615" count="9" type="stmt"/>
        <line num="616" count="7" type="stmt"/>
        <line num="617" count="7" type="cond" truecount="2" falsecount="0"/>
        <line num="618" count="7" type="stmt"/>
        <line num="620" count="7" type="stmt"/>
        <line num="621" count="33" type="stmt"/>
        <line num="623" count="7" type="stmt"/>
        <line num="629" count="9" type="stmt"/>
        <line num="630" count="0" type="stmt"/>
        <line num="636" count="9" type="stmt"/>
        <line num="637" count="0" type="cond" truecount="0" falsecount="2"/>
        <line num="641" count="9" type="stmt"/>
        <line num="642" count="0" type="stmt"/>
        <line num="646" count="9" type="stmt"/>
        <line num="647" count="0" type="stmt"/>
        <line num="655" count="88" type="stmt"/>
        <line num="656" count="23" type="stmt"/>
        <line num="657" count="130" type="stmt"/>
        <line num="658" count="130" type="stmt"/>
        <line num="659" count="130" type="cond" truecount="2" falsecount="0"/>
        <line num="661" count="0" type="stmt"/>
        <line num="666" count="9" type="stmt"/>
        <line num="667" count="140" type="cond" truecount="2" falsecount="0"/>
        <line num="668" count="8" type="stmt"/>
        <line num="669" count="132" type="cond" truecount="2" falsecount="2"/>
        <line num="670" count="0" type="stmt"/>
        <line num="671" count="132" type="cond" truecount="2" falsecount="2"/>
        <line num="672" count="0" type="stmt"/>
        <line num="674" count="132" type="cond" truecount="4" falsecount="0"/>
        <line num="682" count="46" type="stmt"/>
        <line num="683" count="16" type="cond" truecount="2" falsecount="0"/>
        <line num="685" count="87" type="stmt"/>
        <line num="687" count="16" type="stmt"/>
        <line num="689" count="9" type="stmt"/>
        <line num="691" count="16" type="stmt"/>
        <line num="693" count="66" type="stmt"/>
        <line num="694" count="16" type="stmt"/>
        <line num="696" count="66" type="stmt"/>
        <line num="697" count="16" type="stmt"/>
        <line num="705" count="33" type="stmt"/>
        <line num="706" count="47" type="stmt"/>
        <line num="707" count="11" type="stmt"/>
        <line num="711" count="9" type="stmt"/>
        <line num="712" count="0" type="stmt"/>
        <line num="713" count="0" type="stmt"/>
        <line num="718" count="7" type="cond" truecount="2" falsecount="0"/>
        <line num="719" count="22" type="stmt"/>
        <line num="720" count="7" type="stmt"/>
        <line num="724" count="11" type="stmt"/>
        <line num="725" count="4" type="stmt"/>
        <line num="726" count="4" type="stmt"/>
        <line num="730" count="9" type="stmt"/>
        <line num="731" count="3" type="stmt"/>
        <line num="732" count="15" type="stmt"/>
        <line num="733" count="3" type="stmt"/>
        <line num="738" count="7" type="stmt"/>
        <line num="739" count="7" type="stmt"/>
        <line num="741" count="38" type="stmt"/>
        <line num="742" count="38" type="cond" truecount="4" falsecount="0"/>
        <line num="743" count="16" type="stmt"/>
        <line num="744" count="16" type="stmt"/>
        <line num="747" count="7" type="stmt"/>
        <line num="751" count="9" type="stmt"/>
        <line num="752" count="6" type="stmt"/>
        <line num="753" count="1" type="stmt"/>
        <line num="759" count="9" type="stmt"/>
        <line num="760" count="0" type="cond" truecount="0" falsecount="2"/>
        <line num="761" count="0" type="stmt"/>
        <line num="763" count="0" type="stmt"/>
        <line num="767" count="9" type="stmt"/>
        <line num="768" count="6" type="stmt"/>
        <line num="769" count="6" type="stmt"/>
        <line num="770" count="5" type="stmt"/>
        <line num="771" count="5" type="stmt"/>
        <line num="772" count="0" type="stmt"/>
        <line num="774" count="6" type="stmt"/>
        <line num="786" count="9" type="stmt"/>
        <line num="787" count="2" type="stmt"/>
        <line num="790" count="2" type="stmt"/>
        <line num="792" count="2" type="stmt"/>
        <line num="793" count="5" type="cond" truecount="2" falsecount="0"/>
        <line num="795" count="2" type="stmt"/>
        <line num="796" count="2" type="stmt"/>
        <line num="797" count="2" type="stmt"/>
        <line num="798" count="0" type="stmt"/>
        <line num="800" count="2" type="stmt"/>
        <line num="803" count="5" type="stmt"/>
        <line num="808" count="9" type="stmt"/>
        <line num="809" count="12" type="cond" truecount="2" falsecount="0"/>
        <line num="810" count="3" type="stmt"/>
        <line num="811" count="9" type="cond" truecount="2" falsecount="0"/>
        <line num="812" count="6" type="stmt"/>
        <line num="815" count="3" type="stmt"/>
        <line num="819" count="9" type="stmt"/>
        <line num="820" count="1" type="stmt"/>
        <line num="821" count="1" type="stmt"/>
        <line num="822" count="2" type="stmt"/>
        <line num="824" count="1" type="stmt"/>
        <line num="828" count="9" type="stmt"/>
        <line num="829" count="7" type="stmt"/>
        <line num="830" count="7" type="stmt"/>
        <line num="831" count="4" type="stmt"/>
        <line num="833" count="7" type="stmt"/>
        <line num="837" count="9" type="stmt"/>
        <line num="838" count="2" type="stmt"/>
        <line num="839" count="7" type="stmt"/>
        <line num="840" count="7" type="cond" truecount="2" falsecount="0"/>
        <line num="841" count="1" type="stmt"/>
        <line num="844" count="1" type="stmt"/>
        <line num="852" count="9" type="stmt"/>
        <line num="853" count="16" type="stmt"/>
        <line num="854" count="4" type="stmt"/>
        <line num="855" count="13" type="stmt"/>
        <line num="856" count="13" type="cond" truecount="2" falsecount="0"/>
        <line num="857" count="3" type="cond" truecount="4" falsecount="0"/>
        <line num="858" count="1" type="stmt"/>
        <line num="860" count="2" type="stmt"/>
        <line num="864" count="2" type="stmt"/>
        <line num="874" count="9" type="stmt"/>
        <line num="875" count="6" type="stmt"/>
        <line num="876" count="2" type="stmt"/>
        <line num="880" count="9" type="stmt"/>
        <line num="881" count="302" type="cond" truecount="2" falsecount="0"/>
        <line num="885" count="9" type="stmt"/>
        <line num="886" count="287" type="stmt"/>
        <line num="890" count="9" type="stmt"/>
        <line num="891" count="5" type="stmt"/>
        <line num="895" count="9" type="stmt"/>
        <line num="897" count="1" type="stmt"/>
        <line num="898" count="5" type="stmt"/>
        <line num="899" count="4" type="stmt"/>
        <line num="901" count="1" type="stmt"/>
        <line num="905" count="9" type="stmt"/>
        <line num="906" count="1" type="stmt"/>
        <line num="907" count="1" type="stmt"/>
        <line num="908" count="6" type="stmt"/>
        <line num="909" count="6" type="stmt"/>
        <line num="910" count="6" type="stmt"/>
        <line num="912" count="1" type="stmt"/>
        <line num="916" count="9" type="stmt"/>
        <line num="917" count="2" type="stmt"/>
        <line num="919" count="2" type="stmt"/>
        <line num="920" count="12" type="stmt"/>
        <line num="921" count="12" type="stmt"/>
        <line num="922" count="12" type="stmt"/>
        <line num="923" count="12" type="stmt"/>
        <line num="925" count="12" type="stmt"/>
        <line num="927" count="2" type="stmt"/>
        <line num="931" count="9" type="stmt"/>
        <line num="932" count="5" type="stmt"/>
        <line num="933" count="10" type="stmt"/>
        <line num="934" count="10" type="stmt"/>
        <line num="935" count="10" type="stmt"/>
        <line num="937" count="5" type="stmt"/>
        <line num="941" count="9" type="stmt"/>
        <line num="943" count="3" type="stmt"/>
        <line num="944" count="1" type="cond" truecount="1" falsecount="1"/>
        <line num="945" count="0" type="stmt"/>
        <line num="947" count="1" type="cond" truecount="1" falsecount="1"/>
        <line num="949" count="1" type="stmt"/>
        <line num="950" count="1" type="stmt"/>
        <line num="951" count="5" type="stmt"/>
        <line num="952" count="15" type="stmt"/>
        <line num="953" count="5" type="stmt"/>
        <line num="955" count="1" type="stmt"/>
        <line num="961" count="82" type="cond" truecount="1" falsecount="1"/>
        <line num="962" count="41" type="cond" truecount="2" falsecount="0"/>
        <line num="963" count="6" type="stmt"/>
        <line num="965" count="35" type="stmt"/>
        <line num="966" count="35" type="stmt"/>
        <line num="967" count="35" type="stmt"/>
        <line num="968" count="65" type="stmt"/>
        <line num="969" count="65" type="cond" truecount="2" falsecount="0"/>
        <line num="971" count="35" type="stmt"/>
        <line num="976" count="9" type="stmt"/>
        <line num="977" count="0" type="stmt"/>
        <line num="988" count="252" type="cond" truecount="7" falsecount="1"/>
        <line num="989" count="128" type="cond" truecount="1" falsecount="1"/>
        <line num="990" count="128" type="stmt"/>
        <line num="992" count="128" type="stmt"/>
        <line num="993" count="128" type="cond" truecount="2" falsecount="0"/>
        <line num="994" count="128" type="stmt"/>
        <line num="995" count="128" type="stmt"/>
        <line num="996" count="128" type="stmt"/>
        <line num="998" count="128" type="stmt"/>
        <line num="999" count="128" type="stmt"/>
        <line num="1001" count="128" type="stmt"/>
        <line num="1002" count="128" type="cond" truecount="2" falsecount="0"/>
        <line num="1004" count="128" type="cond" truecount="2" falsecount="0"/>
        <line num="1005" count="66" type="stmt"/>
        <line num="1007" count="62" type="stmt"/>
        <line num="1008" count="62" type="stmt"/>
        <line num="1009" count="62" type="stmt"/>
        <line num="1010" count="62" type="stmt"/>
        <line num="1012" count="62" type="stmt"/>
        <line num="1023" count="9" type="stmt"/>
        <line num="1024" count="0" type="cond" truecount="0" falsecount="2"/>
        <line num="1027" count="9" type="stmt"/>
        <line num="1031" count="9" type="stmt"/>
        <line num="1032" count="6" type="cond" truecount="1" falsecount="1"/>
        <line num="1033" count="6" type="stmt"/>
        <line num="1035" count="6" type="stmt"/>
        <line num="1036" count="6" type="stmt"/>
        <line num="1037" count="6" type="stmt"/>
        <line num="1039" count="6" type="stmt"/>
        <line num="1040" count="6" type="stmt"/>
        <line num="1043" count="6" type="cond" truecount="4" falsecount="0"/>
        <line num="1045" count="6" type="stmt"/>
        <line num="1046" count="6" type="cond" truecount="2" falsecount="0"/>
        <line num="1047" count="2" type="stmt"/>
        <line num="1048" count="2" type="stmt"/>
        <line num="1050" count="4" type="stmt"/>
        <line num="1058" count="9" type="stmt"/>
        <line num="1059" count="0" type="cond" truecount="0" falsecount="2"/>
        <line num="1060" count="0" type="stmt"/>
        <line num="1062" count="0" type="cond" truecount="0" falsecount="4"/>
        <line num="1063" count="0" type="stmt"/>
        <line num="1067" count="9" type="stmt"/>
        <line num="1068" count="0" type="stmt"/>
        <line num="1069" count="0" type="stmt"/>
        <line num="1070" count="0" type="stmt"/>
        <line num="1072" count="0" type="stmt"/>
        <line num="1073" count="0" type="stmt"/>
        <line num="1074" count="0" type="stmt"/>
        <line num="1076" count="0" type="stmt"/>
        <line num="1077" count="0" type="stmt"/>
        <line num="1078" count="0" type="stmt"/>
        <line num="1079" count="0" type="cond" truecount="0" falsecount="2"/>
        <line num="1080" count="0" type="stmt"/>
        <line num="1081" count="0" type="stmt"/>
        <line num="1085" count="9" type="stmt"/>
        <line num="1086" count="20" type="stmt"/>
        <line num="1087" count="4" type="stmt"/>
        <line num="1089" count="4" type="stmt"/>
        <line num="1093" count="9" type="stmt"/>
        <line num="1094" count="17" type="stmt"/>
        <line num="1098" count="9" type="stmt"/>
        <line num="1099" count="0" type="stmt"/>
        <line num="1103" count="88" type="cond" truecount="1" falsecount="1"/>
        <line num="1104" count="44" type="stmt"/>
        <line num="1105" count="106" type="cond" truecount="2" falsecount="0"/>
        <line num="1106" count="42" type="stmt"/>
        <line num="1109" count="2" type="stmt"/>
        <line num="1113" count="84" type="cond" truecount="1" falsecount="1"/>
        <line num="1114" count="42" type="stmt"/>
        <line num="1115" count="42" type="stmt"/>
        <line num="1116" count="234" type="cond" truecount="2" falsecount="0"/>
        <line num="1117" count="123" type="stmt"/>
        <line num="1120" count="42" type="stmt"/>
        <line num="1126" count="9" type="stmt"/>
        <line num="1127" count="12" type="cond" truecount="2" falsecount="0"/>
        <line num="1128" count="12" type="stmt"/>
        <line num="1129" count="12" type="stmt"/>
        <line num="1130" count="12" type="stmt"/>
        <line num="1133" count="12" type="stmt"/>
        <line num="1134" count="31" type="stmt"/>
        <line num="1135" count="31" type="stmt"/>
        <line num="1137" count="31" type="stmt"/>
        <line num="1138" count="31" type="cond" truecount="2" falsecount="0"/>
        <line num="1139" count="16" type="stmt"/>
        <line num="1141" count="15" type="cond" truecount="2" falsecount="0"/>
        <line num="1142" count="12" type="stmt"/>
        <line num="1145" count="3" type="stmt"/>
        <line num="1149" count="9" type="stmt"/>
        <line num="1160" count="9" type="stmt"/>
        <line num="1161" count="1" type="stmt"/>
        <line num="1162" count="6" type="stmt"/>
        <line num="1163" count="12" type="stmt"/>
        <line num="1164" count="12" type="cond" truecount="2" falsecount="0"/>
        <line num="1165" count="5" type="stmt"/>
        <line num="1169" count="1" type="stmt"/>
        <line num="1180" count="9" type="stmt"/>
        <line num="1181" count="1" type="stmt"/>
        <line num="1182" count="6" type="stmt"/>
        <line num="1183" count="6" type="stmt"/>
        <line num="1184" count="12" type="stmt"/>
        <line num="1185" count="12" type="cond" truecount="2" falsecount="0"/>
        <line num="1186" count="5" type="stmt"/>
        <line num="1187" count="5" type="stmt"/>
        <line num="1190" count="6" type="cond" truecount="2" falsecount="0"/>
        <line num="1191" count="1" type="stmt"/>
        <line num="1194" count="1" type="stmt"/>
        <line num="1204" count="54" type="cond" truecount="3" falsecount="3"/>
        <line num="1206" count="54" type="cond" truecount="2" falsecount="0"/>
        <line num="1207" count="54" type="cond" truecount="2" falsecount="0"/>
        <line num="1208" count="54" type="stmt"/>
        <line num="1211" count="27" type="stmt"/>
        <line num="1212" count="27" type="stmt"/>
        <line num="1214" count="27" type="stmt"/>
        <line num="1215" count="27" type="stmt"/>
        <line num="1217" count="27" type="cond" truecount="2" falsecount="0"/>
        <line num="1219" count="27" type="cond" truecount="2" falsecount="0"/>
        <line num="1220" count="27" type="stmt"/>
        <line num="1221" count="27" type="cond" truecount="2" falsecount="0"/>
        <line num="1222" count="62" type="stmt"/>
        <line num="1223" count="62" type="cond" truecount="4" falsecount="0"/>
        <line num="1224" count="49" type="cond" truecount="1" falsecount="1"/>
        <line num="1226" count="62" type="cond" truecount="2" falsecount="0"/>
        <line num="1228" count="55" type="cond" truecount="2" falsecount="0"/>
        <line num="1229" count="42" type="stmt"/>
        <line num="1230" count="42" type="stmt"/>
        <line num="1232" count="13" type="stmt"/>
        <line num="1233" count="13" type="cond" truecount="2" falsecount="0"/>
        <line num="1238" count="27" type="cond" truecount="2" falsecount="0"/>
        <line num="1239" count="27" type="stmt"/>
        <line num="1242" count="27" type="cond" truecount="2" falsecount="3"/>
        <line num="1243" count="27" type="stmt"/>
        <line num="1245" count="27" type="cond" truecount="3" falsecount="2"/>
        <line num="1246" count="0" type="stmt"/>
        <line num="1248" count="27" type="stmt"/>
        <line num="1254" count="9" type="stmt"/>
        <line num="1255" count="14" type="stmt"/>
        <line num="1261" count="9" type="stmt"/>
        <line num="1262" count="2" type="stmt"/>
        <line num="1284" count="9" type="stmt"/>
        <line num="1285" count="13" type="cond" truecount="7" falsecount="0"/>
        <line num="1286" count="4" type="stmt"/>
        <line num="1287" count="9" type="cond" truecount="7" falsecount="0"/>
        <line num="1288" count="5" type="stmt"/>
        <line num="1289" count="4" type="stmt"/>
        <line num="1293" count="9" type="stmt"/>
        <line num="1296" count="0" type="stmt"/>
        <line num="1297" count="0" type="stmt"/>
        <line num="1298" count="0" type="stmt"/>
        <line num="1299" count="0" type="stmt"/>
        <line num="1300" count="0" type="stmt"/>
        <line num="1303" count="0" type="stmt"/>
        <line num="1304" count="0" type="stmt"/>
        <line num="1306" count="0" type="stmt"/>
        <line num="1314" count="9" type="stmt"/>
        <line num="1315" count="8" type="stmt"/>
        <line num="1316" count="8" type="stmt"/>
        <line num="1317" count="23" type="stmt"/>
        <line num="1318" count="23" type="stmt"/>
        <line num="1320" count="8" type="stmt"/>
        <line num="1324" count="33" type="stmt"/>
        <line num="1326" count="12" type="stmt"/>
        <line num="1327" count="12" type="cond" truecount="4" falsecount="0"/>
        <line num="1328" count="5" type="stmt"/>
        <line num="1329" count="7" type="cond" truecount="2" falsecount="0"/>
        <line num="1330" count="2" type="stmt"/>
        <line num="1333" count="5" type="stmt"/>
        <line num="1335" count="5" type="stmt"/>
        <line num="1336" count="22" type="cond" truecount="4" falsecount="0"/>
        <line num="1337" count="19" type="stmt"/>
        <line num="1340" count="22" type="stmt"/>
        <line num="1342" count="13" type="cond" truecount="2" falsecount="0"/>
        <line num="1343" count="13" type="stmt"/>
        <line num="1345" count="26" type="stmt"/>
        <line num="1348" count="5" type="stmt"/>
        <line num="1349" count="5" type="stmt"/>
        <line num="1350" count="13" type="stmt"/>
        <line num="1351" count="7" type="stmt"/>
        <line num="1356" count="9" type="stmt"/>
        <line num="1357" count="5" type="cond" truecount="2" falsecount="0"/>
        <line num="1359" count="4" type="stmt"/>
        <line num="1360" count="4" type="stmt"/>
        <line num="1362" count="4" type="stmt"/>
        <line num="1371" count="9" type="stmt"/>
        <line num="1372" count="0" type="stmt"/>
        <line num="1373" count="0" type="stmt"/>
        <line num="1374" count="0" type="stmt"/>
        <line num="1375" count="0" type="stmt"/>
        <line num="1388" count="9" type="stmt"/>
        <line num="1389" count="0" type="stmt"/>
        <line num="1398" count="9" type="stmt"/>
        <line num="1399" count="2" type="stmt"/>
        <line num="1400" count="2" type="stmt"/>
        <line num="1401" count="2" type="stmt"/>
        <line num="1403" count="2" type="stmt"/>
        <line num="1412" count="9" type="stmt"/>
        <line num="1418" count="3" type="stmt"/>
        <line num="1419" count="3" type="stmt"/>
        <line num="1421" count="3" type="stmt"/>
        <line num="1423" count="3" type="stmt"/>
        <line num="1424" count="4" type="stmt"/>
        <line num="1426" count="0" type="stmt"/>
        <line num="1427" count="0" type="stmt"/>
        <line num="1429" count="3" type="stmt"/>
        <line num="1430" count="3" type="stmt"/>
        <line num="1433" count="3" type="cond" truecount="2" falsecount="0"/>
        <line num="1435" count="2" type="stmt"/>
        <line num="1437" count="1" type="stmt"/>
      </file>
      <file name="pipe.ts" path="C:\Repos\Kea Software\Librerias\pureutils\src\pipe.ts">
        <metrics statements="2" coveredstatements="2" conditionals="0" coveredconditionals="0" methods="2" coveredmethods="2"/>
        <line num="22" count="31" type="stmt"/>
        <line num="23" count="19" type="stmt"/>
      </file>
      <file name="search.ts" path="C:\Repos\Kea Software\Librerias\pureutils\src\search.ts">
        <metrics statements="13" coveredstatements="13" conditionals="10" coveredconditionals="6" methods="3" coveredmethods="3"/>
        <line num="1" count="1" type="stmt"/>
        <line num="9" count="1" type="stmt"/>
        <line num="10" count="4" type="cond" truecount="1" falsecount="1"/>
        <line num="11" count="4" type="cond" truecount="1" falsecount="1"/>
        <line num="13" count="4" type="stmt"/>
        <line num="14" count="4" type="stmt"/>
        <line num="16" count="4" type="stmt"/>
        <line num="17" count="4" type="stmt"/>
        <line num="18" count="4" type="stmt"/>
        <line num="20" count="4" type="cond" truecount="1" falsecount="1"/>
        <line num="21" count="4" type="cond" truecount="1" falsecount="1"/>
        <line num="23" count="10" type="cond" truecount="2" falsecount="0"/>
        <line num="25" count="4" type="stmt"/>
      </file>
      <file name="url.ts" path="C:\Repos\Kea Software\Librerias\pureutils\src\url.ts">
        <metrics statements="25" coveredstatements="4" conditionals="22" coveredconditionals="0" methods="14" coveredmethods="0"/>
        <line num="10" count="1" type="stmt"/>
        <line num="12" count="0" type="cond" truecount="0" falsecount="2"/>
        <line num="17" count="0" type="stmt"/>
        <line num="23" count="0" type="stmt"/>
        <line num="26" count="0" type="stmt"/>
        <line num="28" count="0" type="cond" truecount="0" falsecount="2"/>
        <line num="30" count="0" type="stmt"/>
        <line num="31" count="0" type="stmt"/>
        <line num="32" count="0" type="stmt"/>
        <line num="33" count="0" type="stmt"/>
        <line num="35" count="0" type="stmt"/>
        <line num="41" count="1" type="stmt"/>
        <line num="42" count="0" type="stmt"/>
        <line num="43" count="0" type="stmt"/>
        <line num="44" count="0" type="stmt"/>
        <line num="51" count="1" type="stmt"/>
        <line num="53" count="0" type="cond" truecount="0" falsecount="2"/>
        <line num="57" count="1" type="stmt"/>
        <line num="60" count="0" type="cond" truecount="0" falsecount="2"/>
        <line num="61" count="0" type="cond" truecount="0" falsecount="2"/>
        <line num="62" count="0" type="cond" truecount="0" falsecount="2"/>
        <line num="63" count="0" type="cond" truecount="0" falsecount="2"/>
        <line num="64" count="0" type="cond" truecount="0" falsecount="2"/>
        <line num="65" count="0" type="cond" truecount="0" falsecount="2"/>
        <line num="66" count="0" type="stmt"/>
      </file>
    </package>
    <package name="src.promise">
      <metrics statements="77" coveredstatements="69" conditionals="25" coveredconditionals="19" methods="23" coveredmethods="21"/>
      <file name="index.ts" path="C:\Repos\Kea Software\Librerias\pureutils\src\promise\index.ts">
        <metrics statements="2" coveredstatements="2" conditionals="0" coveredconditionals="0" methods="0" coveredmethods="0"/>
        <line num="1" count="9" type="stmt"/>
        <line num="2" count="9" type="stmt"/>
      </file>
      <file name="logic.ts" path="C:\Repos\Kea Software\Librerias\pureutils\src\promise\logic.ts">
        <metrics statements="21" coveredstatements="20" conditionals="2" coveredconditionals="1" methods="10" coveredmethods="10"/>
        <line num="1" count="9" type="stmt"/>
        <line num="4" count="9" type="stmt"/>
        <line num="5" count="15" type="stmt"/>
        <line num="15" count="9" type="stmt"/>
        <line num="16" count="20" type="stmt"/>
        <line num="20" count="26" type="stmt"/>
        <line num="23" count="2" type="stmt"/>
        <line num="27" count="20" type="stmt"/>
        <line num="38" count="9" type="stmt"/>
        <line num="39" count="2" type="stmt"/>
        <line num="47" count="9" type="stmt"/>
        <line num="48" count="3" type="cond" truecount="1" falsecount="1"/>
        <line num="49" count="0" type="stmt"/>
        <line num="51" count="3" type="stmt"/>
        <line num="55" count="9" type="stmt"/>
        <line num="56" count="3" type="stmt"/>
        <line num="57" count="3" type="stmt"/>
        <line num="59" count="3" type="stmt"/>
        <line num="61" count="3" type="stmt"/>
        <line num="62" count="3" type="stmt"/>
        <line num="66" count="3" type="stmt"/>
      </file>
      <file name="split.ts" path="C:\Repos\Kea Software\Librerias\pureutils\src\promise\split.ts">
        <metrics statements="54" coveredstatements="47" conditionals="23" coveredconditionals="18" methods="13" coveredmethods="11"/>
        <line num="1" count="9" type="stmt"/>
        <line num="17" count="9" type="stmt"/>
        <line num="18" count="72" type="stmt"/>
        <line num="22" count="72" type="stmt"/>
        <line num="25" count="72" type="stmt"/>
        <line num="26" count="467" type="stmt"/>
        <line num="27" count="467" type="stmt"/>
        <line num="28" count="467" type="stmt"/>
        <line num="31" count="72" type="stmt"/>
        <line num="32" count="99" type="stmt"/>
        <line num="33" count="99" type="stmt"/>
        <line num="34" count="99" type="stmt"/>
        <line num="37" count="72" type="stmt"/>
        <line num="38" count="72" type="stmt"/>
        <line num="39" count="566" type="stmt"/>
        <line num="40" count="378" type="stmt"/>
        <line num="45" count="72" type="stmt"/>
        <line num="47" count="72" type="stmt"/>
        <line num="48" count="378" type="cond" truecount="1" falsecount="1"/>
        <line num="49" count="0" type="stmt"/>
        <line num="51" count="378" type="stmt"/>
        <line num="53" count="279" type="cond" truecount="1" falsecount="1"/>
        <line num="54" count="279" type="stmt"/>
        <line num="57" count="0" type="stmt"/>
        <line num="59" count="99" type="cond" truecount="2" falsecount="0"/>
        <line num="60" count="65" type="stmt"/>
        <line num="63" count="34" type="stmt"/>
        <line num="67" count="49" type="stmt"/>
        <line num="72" count="49" type="stmt"/>
        <line num="75" count="28" type="stmt"/>
        <line num="76" count="28" type="stmt"/>
        <line num="77" count="28" type="stmt"/>
        <line num="78" count="378" type="stmt"/>
        <line num="79" count="378" type="cond" truecount="4" falsecount="0"/>
        <line num="80" count="344" type="stmt"/>
        <line num="82" count="34" type="stmt"/>
        <line num="89" count="20" type="cond" truecount="2" falsecount="0"/>
        <line num="90" count="19" type="stmt"/>
        <line num="91" count="19" type="cond" truecount="1" falsecount="1"/>
        <line num="92" count="0" type="stmt"/>
        <line num="94" count="19" type="stmt"/>
        <line num="98" count="1" type="stmt"/>
        <line num="102" count="1" type="cond" truecount="1" falsecount="1"/>
        <line num="103" count="1" type="stmt"/>
        <line num="104" count="1" type="cond" truecount="1" falsecount="1"/>
        <line num="105" count="0" type="stmt"/>
        <line num="107" count="1" type="stmt"/>
        <line num="109" count="0" type="stmt"/>
        <line num="110" count="0" type="stmt"/>
        <line num="115" count="9" type="stmt"/>
        <line num="121" count="9" type="stmt"/>
        <line num="122" count="28" type="stmt"/>
        <line num="128" count="9" type="stmt"/>
        <line num="129" count="0" type="stmt"/>
      </file>
    </package>
    <package name="src.strings">
      <metrics statements="62" coveredstatements="53" conditionals="20" coveredconditionals="12" methods="9" coveredmethods="9"/>
      <file name="index.ts" path="C:\Repos\Kea Software\Librerias\pureutils\src\strings\index.ts">
        <metrics statements="3" coveredstatements="3" conditionals="0" coveredconditionals="0" methods="0" coveredmethods="0"/>
        <line num="1" count="2" type="stmt"/>
        <line num="2" count="2" type="stmt"/>
        <line num="3" count="2" type="stmt"/>
      </file>
      <file name="regex.ts" path="C:\Repos\Kea Software\Librerias\pureutils\src\strings\regex.ts">
        <metrics statements="22" coveredstatements="20" conditionals="6" coveredconditionals="4" methods="4" coveredmethods="4"/>
        <line num="1" count="3" type="stmt"/>
        <line num="16" count="3" type="stmt"/>
        <line num="17" count="1" type="stmt"/>
        <line num="18" count="1" type="stmt"/>
        <line num="19" count="1" type="stmt"/>
        <line num="21" count="7" type="stmt"/>
        <line num="23" count="7" type="stmt"/>
        <line num="24" count="21" type="stmt"/>
        <line num="28" count="21" type="stmt"/>
        <line num="31" count="34" type="stmt"/>
        <line num="33" count="7" type="cond" truecount="1" falsecount="1"/>
        <line num="38" count="7" type="stmt"/>
        <line num="39" count="7" type="stmt"/>
        <line num="40" count="7" type="stmt"/>
        <line num="42" count="7" type="cond" truecount="2" falsecount="0"/>
        <line num="44" count="2" type="stmt"/>
        <line num="49" count="7" type="stmt"/>
        <line num="54" count="7" type="stmt"/>
        <line num="57" count="1" type="cond" truecount="1" falsecount="1"/>
        <line num="58" count="0" type="stmt"/>
        <line num="59" count="0" type="stmt"/>
        <line num="64" count="1" type="stmt"/>
      </file>
      <file name="strings.ts" path="C:\Repos\Kea Software\Librerias\pureutils\src\strings\strings.ts">
        <metrics statements="37" coveredstatements="30" conditionals="14" coveredconditionals="8" methods="5" coveredmethods="5"/>
        <line num="5" count="8" type="cond" truecount="1" falsecount="1"/>
        <line num="6" count="0" type="stmt"/>
        <line num="7" count="0" type="cond" truecount="0" falsecount="2"/>
        <line num="8" count="0" type="stmt"/>
        <line num="10" count="0" type="stmt"/>
        <line num="17" count="8" type="stmt"/>
        <line num="18" count="8" type="cond" truecount="1" falsecount="1"/>
        <line num="19" count="0" type="stmt"/>
        <line num="21" count="8" type="stmt"/>
        <line num="22" count="8" type="stmt"/>
        <line num="31" count="8" type="stmt"/>
        <line num="32" count="8" type="stmt"/>
        <line num="34" count="8" type="cond" truecount="1" falsecount="1"/>
        <line num="35" count="0" type="stmt"/>
        <line num="37" count="8" type="stmt"/>
        <line num="44" count="2" type="stmt"/>
        <line num="45" count="4" type="stmt"/>
        <line num="46" count="4" type="stmt"/>
        <line num="47" count="4" type="stmt"/>
        <line num="48" count="8" type="stmt"/>
        <line num="49" count="8" type="cond" truecount="1" falsecount="1"/>
        <line num="50" count="0" type="stmt"/>
        <line num="53" count="8" type="stmt"/>
        <line num="54" count="8" type="stmt"/>
        <line num="55" count="8" type="cond" truecount="2" falsecount="0"/>
        <line num="56" count="1" type="stmt"/>
        <line num="58" count="7" type="stmt"/>
        <line num="61" count="3" type="stmt"/>
        <line num="82" count="2" type="stmt"/>
        <line num="84" count="3" type="stmt"/>
        <line num="86" count="3" type="stmt"/>
        <line num="87" count="7" type="stmt"/>
        <line num="88" count="7" type="stmt"/>
        <line num="89" count="7" type="stmt"/>
        <line num="92" count="7" type="stmt"/>
        <line num="94" count="17" type="cond" truecount="2" falsecount="0"/>
        <line num="100" count="3" type="stmt"/>
      </file>
    </package>
    <package name="src.strings.distance">
      <metrics statements="43" coveredstatements="41" conditionals="17" coveredconditionals="15" methods="4" coveredmethods="4"/>
      <file name="index.ts" path="C:\Repos\Kea Software\Librerias\pureutils\src\strings\distance\index.ts">
        <metrics statements="1" coveredstatements="1" conditionals="0" coveredconditionals="0" methods="0" coveredmethods="0"/>
        <line num="1" count="2" type="stmt"/>
      </file>
      <file name="moveRemove.ts" path="C:\Repos\Kea Software\Librerias\pureutils\src\strings\distance\moveRemove.ts">
        <metrics statements="42" coveredstatements="40" conditionals="17" coveredconditionals="15" methods="4" coveredmethods="4"/>
        <line num="1" count="3" type="stmt"/>
        <line num="38" count="3" type="stmt"/>
        <line num="39" count="117" type="stmt"/>
        <line num="41" count="5" type="stmt"/>
        <line num="43" count="26" type="stmt"/>
        <line num="45" count="25" type="cond" truecount="1" falsecount="1"/>
        <line num="46" count="0" type="stmt"/>
        <line num="48" count="25" type="cond" truecount="2" falsecount="0"/>
        <line num="49" count="1" type="stmt"/>
        <line num="55" count="24" type="stmt"/>
        <line num="62" count="61" type="stmt"/>
        <line num="67" count="0" type="stmt"/>
        <line num="74" count="3" type="stmt"/>
        <line num="75" count="22" type="cond" truecount="2" falsecount="0"/>
        <line num="77" count="22" type="stmt"/>
        <line num="79" count="22" type="stmt"/>
        <line num="80" count="22" type="stmt"/>
        <line num="81" count="90" type="cond" truecount="2" falsecount="0"/>
        <line num="83" count="46" type="stmt"/>
        <line num="87" count="44" type="stmt"/>
        <line num="88" count="106" type="stmt"/>
        <line num="89" count="44" type="cond" truecount="2" falsecount="0"/>
        <line num="91" count="2" type="stmt"/>
        <line num="96" count="2" type="stmt"/>
        <line num="98" count="2" type="stmt"/>
        <line num="99" count="2" type="stmt"/>
        <line num="105" count="234" type="stmt"/>
        <line num="106" count="42" type="stmt"/>
        <line num="107" count="42" type="cond" truecount="2" falsecount="0"/>
        <line num="108" count="30" type="stmt"/>
        <line num="113" count="30" type="stmt"/>
        <line num="115" count="30" type="stmt"/>
        <line num="116" count="30" type="stmt"/>
        <line num="122" count="12" type="stmt"/>
        <line num="127" count="12" type="stmt"/>
        <line num="129" count="12" type="stmt"/>
        <line num="130" count="12" type="stmt"/>
        <line num="135" count="22" type="stmt"/>
        <line num="136" count="22" type="stmt"/>
        <line num="138" count="28" type="stmt"/>
        <line num="142" count="28" type="stmt"/>
        <line num="145" count="22" type="stmt"/>
      </file>
    </package>
  </project>
</coverage>
