{"C:\\Repos\\Kea Software\\Librerias\\pureutils\\src\\base64.ts": {"path":"C:\\Repos\\Kea Software\\Librerias\\pureutils\\src\\base64.ts","statementMap":{"0":{"start":{"line":3,"column":4},"end":{"line":20,"column":7}},"1":{"start":{"line":4,"column":23},"end":{"line":4,"column":39}},"2":{"start":{"line":5,"column":8},"end":{"line":18,"column":10}},"3":{"start":{"line":6,"column":28},"end":{"line":6,"column":41}},"4":{"start":{"line":7,"column":12},"end":{"line":9,"column":null}},"5":{"start":{"line":8,"column":16},"end":{"line":8,"column":123}},"6":{"start":{"line":12,"column":12},"end":{"line":13,"column":28}},"7":{"start":{"line":13,"column":16},"end":{"line":13,"column":28}},"8":{"start":{"line":15,"column":33},"end":{"line":15,"column":42}},"9":{"start":{"line":16,"column":27},"end":{"line":16,"column":97}},"10":{"start":{"line":17,"column":12},"end":{"line":17,"column":28}},"11":{"start":{"line":19,"column":8},"end":{"line":19,"column":38}},"12":{"start":{"line":2,"column":0},"end":{"line":2,"column":16}},"13":{"start":{"line":25,"column":4},"end":{"line":25,"column":24}},"14":{"start":{"line":24,"column":0},"end":{"line":24,"column":16}},"15":{"start":{"line":30,"column":4},"end":{"line":30,"column":21}},"16":{"start":{"line":29,"column":0},"end":{"line":29,"column":16}},"17":{"start":{"line":38,"column":4},"end":{"line":38,"column":36}},"18":{"start":{"line":39,"column":25},"end":{"line":39,"column":47}},"19":{"start":{"line":40,"column":4},"end":{"line":40,"column":53}},"20":{"start":{"line":34,"column":0},"end":{"line":34,"column":16}},"21":{"start":{"line":45,"column":22},"end":{"line":45,"column":25}},"22":{"start":{"line":46,"column":37},"end":{"line":46,"column":39}},"23":{"start":{"line":48,"column":4},"end":{"line":59,"column":null}},"24":{"start":{"line":48,"column":22},"end":{"line":48,"column":23}},"25":{"start":{"line":49,"column":22},"end":{"line":49,"column":61}},"26":{"start":{"line":51,"column":28},"end":{"line":51,"column":51}},"27":{"start":{"line":52,"column":8},"end":{"line":54,"column":null}},"28":{"start":{"line":52,"column":21},"end":{"line":52,"column":22}},"29":{"start":{"line":53,"column":12},"end":{"line":53,"column":49}},"30":{"start":{"line":56,"column":24},"end":{"line":56,"column":51}},"31":{"start":{"line":58,"column":8},"end":{"line":58,"column":35}},"32":{"start":{"line":61,"column":15},"end":{"line":61,"column":58}},"33":{"start":{"line":62,"column":4},"end":{"line":62,"column":16}},"34":{"start":{"line":44,"column":0},"end":{"line":44,"column":16}},"35":{"start":{"line":67,"column":19},"end":{"line":67,"column":35}},"36":{"start":{"line":69,"column":4},"end":{"line":79,"column":null}},"37":{"start":{"line":70,"column":8},"end":{"line":77,"column":null}},"38":{"start":{"line":71,"column":12},"end":{"line":76,"column":null}},"39":{"start":{"line":72,"column":16},"end":{"line":72,"column":39}},"40":{"start":{"line":75,"column":16},"end":{"line":75,"column":125}},"41":{"start":{"line":78,"column":8},"end":{"line":78,"column":33}},"42":{"start":{"line":66,"column":0},"end":{"line":66,"column":16}}},"fnMap":{"0":{"name":"blobToBase64","decl":{"start":{"line":2,"column":16},"end":{"line":2,"column":28}},"loc":{"start":{"line":2,"column":42},"end":{"line":21,"column":1}}},"1":{"name":"(anonymous_1)","decl":{"start":{"line":3,"column":23},"end":{"line":3,"column":30}},"loc":{"start":{"line":3,"column":30},"end":{"line":20,"column":5}}},"2":{"name":"(anonymous_2)","decl":{"start":{"line":5,"column":24},"end":{"line":5,"column":null}},"loc":{"start":{"line":5,"column":24},"end":{"line":18,"column":9}}},"3":{"name":"base64ToString","decl":{"start":{"line":24,"column":16},"end":{"line":24,"column":30}},"loc":{"start":{"line":24,"column":45},"end":{"line":26,"column":1}}},"4":{"name":"stringToBase64","decl":{"start":{"line":29,"column":16},"end":{"line":29,"column":30}},"loc":{"start":{"line":29,"column":42},"end":{"line":31,"column":1}}},"5":{"name":"base64ToBlob","decl":{"start":{"line":34,"column":16},"end":{"line":34,"column":28}},"loc":{"start":{"line":34,"column":65},"end":{"line":41,"column":1}}},"6":{"name":"stringToBlob","decl":{"start":{"line":44,"column":16},"end":{"line":44,"column":28}},"loc":{"start":{"line":44,"column":64},"end":{"line":63,"column":1}}},"7":{"name":"blobToString","decl":{"start":{"line":66,"column":16},"end":{"line":66,"column":28}},"loc":{"start":{"line":66,"column":40},"end":{"line":81,"column":1}}},"8":{"name":"(anonymous_8)","decl":{"start":{"line":69,"column":23},"end":{"line":69,"column":24}},"loc":{"start":{"line":69,"column":39},"end":{"line":79,"column":5}}},"9":{"name":"(anonymous_9)","decl":{"start":{"line":70,"column":24},"end":{"line":70,"column":null}},"loc":{"start":{"line":70,"column":24},"end":{"line":77,"column":9}}}},"branchMap":{"0":{"loc":{"start":{"line":7,"column":12},"end":{"line":9,"column":null}},"type":"if","locations":[{"start":{"line":7,"column":12},"end":{"line":9,"column":null}},{"start":{"line":7,"column":12},"end":{"line":9,"column":null}}]},"1":{"loc":{"start":{"line":12,"column":12},"end":{"line":13,"column":28}},"type":"if","locations":[{"start":{"line":12,"column":12},"end":{"line":13,"column":28}},{"start":{"line":12,"column":12},"end":{"line":13,"column":28}}]},"2":{"loc":{"start":{"line":38,"column":18},"end":{"line":38,"column":29}},"type":"binary-expr","locations":[{"start":{"line":38,"column":18},"end":{"line":38,"column":29}},{"start":{"line":38,"column":33},"end":{"line":38,"column":35}}]},"3":{"loc":{"start":{"line":71,"column":12},"end":{"line":76,"column":null}},"type":"if","locations":[{"start":{"line":71,"column":12},"end":{"line":76,"column":null}},{"start":{"line":71,"column":12},"end":{"line":76,"column":null}}]}},"s":{"0":0,"1":0,"2":0,"3":0,"4":0,"5":0,"6":0,"7":0,"8":0,"9":0,"10":0,"11":0,"12":1,"13":1,"14":1,"15":1,"16":1,"17":0,"18":0,"19":0,"20":1,"21":0,"22":0,"23":0,"24":0,"25":0,"26":0,"27":0,"28":0,"29":0,"30":0,"31":0,"32":0,"33":0,"34":1,"35":0,"36":0,"37":0,"38":0,"39":0,"40":0,"41":0,"42":1},"f":{"0":0,"1":0,"2":0,"3":1,"4":1,"5":0,"6":0,"7":0,"8":0,"9":0},"b":{"0":[0,0],"1":[0,0],"2":[0,0],"3":[0,0]}}
,"C:\\Repos\\Kea Software\\Librerias\\pureutils\\src\\compare.ts": {"path":"C:\\Repos\\Kea Software\\Librerias\\pureutils\\src\\compare.ts","statementMap":{"0":{"start":{"line":1,"column":0},"end":{"line":1,"column":69}},"1":{"start":{"line":22,"column":4},"end":{"line":24,"column":null}},"2":{"start":{"line":23,"column":8},"end":{"line":23,"column":20}},"3":{"start":{"line":26,"column":4},"end":{"line":26,"column":19}},"4":{"start":{"line":21,"column":0},"end":{"line":21,"column":16}},"5":{"start":{"line":45,"column":18},"end":{"line":45,"column":70}},"6":{"start":{"line":46,"column":23},"end":{"line":50,"column":7}},"7":{"start":{"line":46,"column":38},"end":{"line":50,"column":7}},"8":{"start":{"line":52,"column":21},"end":{"line":52,"column":62}},"9":{"start":{"line":52,"column":41},"end":{"line":52,"column":62}},"10":{"start":{"line":53,"column":16},"end":{"line":53,"column":29}},"11":{"start":{"line":54,"column":4},"end":{"line":54,"column":15}},"12":{"start":{"line":39,"column":0},"end":{"line":39,"column":16}}},"fnMap":{"0":{"name":"referenceFuncIgnoreEquals","decl":{"start":{"line":21,"column":16},"end":{"line":21,"column":41}},"loc":{"start":{"line":21,"column":56},"end":{"line":27,"column":1}}},"1":{"name":"shallowEqualsCustom","decl":{"start":{"line":39,"column":16},"end":{"line":39,"column":35}},"loc":{"start":{"line":43,"column":36},"end":{"line":55,"column":1}}},"2":{"name":"(anonymous_2)","decl":{"start":{"line":46,"column":33},"end":{"line":46,"column":34}},"loc":{"start":{"line":46,"column":34},"end":{"line":46,"column":39}}},"3":{"name":"(anonymous_3)","decl":{"start":{"line":52,"column":36},"end":{"line":52,"column":37}},"loc":{"start":{"line":52,"column":37},"end":{"line":52,"column":42}}}},"branchMap":{"0":{"loc":{"start":{"line":22,"column":4},"end":{"line":24,"column":null}},"type":"if","locations":[{"start":{"line":22,"column":4},"end":{"line":24,"column":null}},{"start":{"line":22,"column":4},"end":{"line":24,"column":null}}]},"1":{"loc":{"start":{"line":22,"column":8},"end":{"line":22,"column":32}},"type":"binary-expr","locations":[{"start":{"line":22,"column":8},"end":{"line":22,"column":32}},{"start":{"line":22,"column":36},"end":{"line":22,"column":60}}]},"2":{"loc":{"start":{"line":47,"column":19},"end":{"line":47,"column":47}},"type":"binary-expr","locations":[{"start":{"line":47,"column":19},"end":{"line":47,"column":47}},{"start":{"line":47,"column":51},"end":{"line":47,"column":66}},{"start":{"line":47,"column":70},"end":{"line":47,"column":85}}]}},"s":{"0":2,"1":4,"2":3,"3":1,"4":2,"5":4,"6":4,"7":12,"8":4,"9":12,"10":4,"11":4,"12":2},"f":{"0":4,"1":4,"2":12,"3":12},"b":{"0":[3,1],"1":[4,4],"2":[12,4,0]}}
,"C:\\Repos\\Kea Software\\Librerias\\pureutils\\src\\dates.ts": {"path":"C:\\Repos\\Kea Software\\Librerias\\pureutils\\src\\dates.ts","statementMap":{"0":{"start":{"line":4,"column":17},"end":{"line":4,"column":36}},"1":{"start":{"line":5,"column":18},"end":{"line":5,"column":34}},"2":{"start":{"line":6,"column":16},"end":{"line":6,"column":31}},"3":{"start":{"line":7,"column":17},"end":{"line":7,"column":33}},"4":{"start":{"line":8,"column":20},"end":{"line":8,"column":38}},"5":{"start":{"line":9,"column":20},"end":{"line":9,"column":38}},"6":{"start":{"line":11,"column":4},"end":{"line":26,"column":null}},"7":{"start":{"line":13,"column":12},"end":{"line":13,"column":25}},"8":{"start":{"line":15,"column":12},"end":{"line":15,"column":70}},"9":{"start":{"line":17,"column":12},"end":{"line":17,"column":61}},"10":{"start":{"line":19,"column":12},"end":{"line":19,"column":52}},"11":{"start":{"line":21,"column":12},"end":{"line":21,"column":46}},"12":{"start":{"line":23,"column":12},"end":{"line":23,"column":41}},"13":{"start":{"line":25,"column":12},"end":{"line":25,"column":37}},"14":{"start":{"line":3,"column":0},"end":{"line":3,"column":16}},"15":{"start":{"line":31,"column":15},"end":{"line":31,"column":29}},"16":{"start":{"line":32,"column":4},"end":{"line":60,"column":null}},"17":{"start":{"line":34,"column":12},"end":{"line":34,"column":40}},"18":{"start":{"line":36,"column":12},"end":{"line":36,"column":47}},"19":{"start":{"line":38,"column":12},"end":{"line":38,"column":52}},"20":{"start":{"line":40,"column":12},"end":{"line":40,"column":57}},"21":{"start":{"line":44,"column":26},"end":{"line":44,"column":38}},"22":{"start":{"line":45,"column":16},"end":{"line":45,"column":47}},"23":{"start":{"line":46,"column":16},"end":{"line":46,"column":25}},"24":{"start":{"line":50,"column":26},"end":{"line":50,"column":38}},"25":{"start":{"line":51,"column":16},"end":{"line":51,"column":49}},"26":{"start":{"line":52,"column":16},"end":{"line":52,"column":25}},"27":{"start":{"line":56,"column":26},"end":{"line":56,"column":38}},"28":{"start":{"line":57,"column":16},"end":{"line":57,"column":55}},"29":{"start":{"line":58,"column":16},"end":{"line":58,"column":25}},"30":{"start":{"line":30,"column":0},"end":{"line":30,"column":16}}},"fnMap":{"0":{"name":"truncateDate","decl":{"start":{"line":3,"column":16},"end":{"line":3,"column":28}},"loc":{"start":{"line":3,"column":62},"end":{"line":27,"column":1}}},"1":{"name":"addDate","decl":{"start":{"line":30,"column":16},"end":{"line":30,"column":23}},"loc":{"start":{"line":30,"column":67},"end":{"line":61,"column":1}}}},"branchMap":{"0":{"loc":{"start":{"line":12,"column":8},"end":{"line":13,"column":25}},"type":"switch","locations":[{"start":{"line":12,"column":8},"end":{"line":13,"column":25}},{"start":{"line":14,"column":8},"end":{"line":15,"column":70}},{"start":{"line":16,"column":8},"end":{"line":17,"column":61}},{"start":{"line":18,"column":8},"end":{"line":19,"column":52}},{"start":{"line":20,"column":8},"end":{"line":21,"column":46}},{"start":{"line":22,"column":8},"end":{"line":23,"column":41}},{"start":{"line":24,"column":8},"end":{"line":25,"column":37}}]},"1":{"loc":{"start":{"line":33,"column":8},"end":{"line":34,"column":40}},"type":"switch","locations":[{"start":{"line":33,"column":8},"end":{"line":34,"column":40}},{"start":{"line":35,"column":8},"end":{"line":36,"column":47}},{"start":{"line":37,"column":8},"end":{"line":38,"column":52}},{"start":{"line":39,"column":8},"end":{"line":40,"column":57}},{"start":{"line":41,"column":8},"end":{"line":47,"column":null}},{"start":{"line":48,"column":8},"end":{"line":53,"column":null}},{"start":{"line":54,"column":8},"end":{"line":59,"column":null}}]}},"s":{"0":7,"1":7,"2":7,"3":7,"4":7,"5":7,"6":7,"7":1,"8":1,"9":1,"10":1,"11":1,"12":1,"13":1,"14":1,"15":6,"16":6,"17":1,"18":1,"19":1,"20":0,"21":1,"22":1,"23":1,"24":1,"25":1,"26":1,"27":1,"28":1,"29":1,"30":1},"f":{"0":7,"1":6},"b":{"0":[1,1,1,1,1,1,1],"1":[1,1,1,0,1,1,1]}}
,"C:\\Repos\\Kea Software\\Librerias\\pureutils\\src\\debounce.ts": {"path":"C:\\Repos\\Kea Software\\Librerias\\pureutils\\src\\debounce.ts","statementMap":{"0":{"start":{"line":1,"column":0},"end":{"line":1,"column":27}},"1":{"start":{"line":7,"column":4},"end":{"line":53,"column":7}},"2":{"start":{"line":7,"column":20},"end":{"line":53,"column":7}},"3":{"start":{"line":8,"column":32},"end":{"line":8,"column":37}},"4":{"start":{"line":10,"column":46},"end":{"line":10,"column":55}},"5":{"start":{"line":11,"column":22},"end":{"line":11,"column":23}},"6":{"start":{"line":12,"column":34},"end":{"line":18,"column":9}},"7":{"start":{"line":13,"column":12},"end":{"line":17,"column":null}},"8":{"start":{"line":15,"column":16},"end":{"line":15,"column":39}},"9":{"start":{"line":16,"column":16},"end":{"line":16,"column":38}},"10":{"start":{"line":20,"column":20},"end":{"line":50,"column":10}},"11":{"start":{"line":21,"column":12},"end":{"line":22,"column":23}},"12":{"start":{"line":22,"column":16},"end":{"line":22,"column":23}},"13":{"start":{"line":24,"column":35},"end":{"line":24,"column":39}},"14":{"start":{"line":25,"column":12},"end":{"line":25,"column":22}},"15":{"start":{"line":26,"column":29},"end":{"line":26,"column":36}},"16":{"start":{"line":27,"column":30},"end":{"line":34,"column":13}},"17":{"start":{"line":29,"column":16},"end":{"line":30,"column":27}},"18":{"start":{"line":30,"column":20},"end":{"line":30,"column":27}},"19":{"start":{"line":33,"column":16},"end":{"line":33,"column":36}},"20":{"start":{"line":36,"column":12},"end":{"line":36,"column":36}},"21":{"start":{"line":37,"column":25},"end":{"line":37,"column":39}},"22":{"start":{"line":38,"column":12},"end":{"line":38,"column":33}},"23":{"start":{"line":40,"column":12},"end":{"line":40,"column":37}},"24":{"start":{"line":43,"column":12},"end":{"line":43,"column":32}},"25":{"start":{"line":44,"column":12},"end":{"line":44,"column":30}},"26":{"start":{"line":45,"column":12},"end":{"line":45,"column":28}},"27":{"start":{"line":47,"column":12},"end":{"line":47,"column":32}},"28":{"start":{"line":48,"column":12},"end":{"line":48,"column":28}},"29":{"start":{"line":49,"column":12},"end":{"line":49,"column":28}},"30":{"start":{"line":52,"column":8},"end":{"line":52,"column":19}},"31":{"start":{"line":6,"column":0},"end":{"line":6,"column":16}}},"fnMap":{"0":{"name":"debounceSync","decl":{"start":{"line":6,"column":16},"end":{"line":6,"column":28}},"loc":{"start":{"line":6,"column":69},"end":{"line":54,"column":1}}},"1":{"name":"(anonymous_1)","decl":{"start":{"line":7,"column":11},"end":{"line":7,"column":12}},"loc":{"start":{"line":7,"column":15},"end":{"line":7,"column":24}}},"2":{"name":"(anonymous_2)","decl":{"start":{"line":7,"column":38},"end":{"line":7,"column":42}},"loc":{"start":{"line":7,"column":42},"end":{"line":53,"column":5}}},"3":{"name":"(anonymous_3)","decl":{"start":{"line":12,"column":34},"end":{"line":12,"column":null}},"loc":{"start":{"line":12,"column":34},"end":{"line":18,"column":9}}},"4":{"name":"(anonymous_4)","decl":{"start":{"line":20,"column":34},"end":{"line":20,"column":38}},"loc":{"start":{"line":20,"column":38},"end":{"line":42,"column":9}}},"5":{"name":"(anonymous_5)","decl":{"start":{"line":27,"column":30},"end":{"line":27,"column":null}},"loc":{"start":{"line":27,"column":30},"end":{"line":34,"column":13}}},"6":{"name":"(anonymous_6)","decl":{"start":{"line":42,"column":11},"end":{"line":42,"column":16}},"loc":{"start":{"line":42,"column":16},"end":{"line":46,"column":9}}},"7":{"name":"(anonymous_7)","decl":{"start":{"line":46,"column":11},"end":{"line":46,"column":null}},"loc":{"start":{"line":46,"column":11},"end":{"line":50,"column":9}}}},"branchMap":{"0":{"loc":{"start":{"line":13,"column":12},"end":{"line":17,"column":null}},"type":"if","locations":[{"start":{"line":13,"column":12},"end":{"line":17,"column":null}},{"start":{"line":13,"column":12},"end":{"line":17,"column":null}}]},"1":{"loc":{"start":{"line":13,"column":16},"end":{"line":13,"column":25}},"type":"binary-expr","locations":[{"start":{"line":13,"column":16},"end":{"line":13,"column":25}},{"start":{"line":13,"column":29},"end":{"line":13,"column":38}}]},"2":{"loc":{"start":{"line":21,"column":12},"end":{"line":22,"column":23}},"type":"if","locations":[{"start":{"line":21,"column":12},"end":{"line":22,"column":23}},{"start":{"line":21,"column":12},"end":{"line":22,"column":23}}]},"3":{"loc":{"start":{"line":29,"column":16},"end":{"line":30,"column":27}},"type":"if","locations":[{"start":{"line":29,"column":16},"end":{"line":30,"column":27}},{"start":{"line":29,"column":16},"end":{"line":30,"column":27}}]}},"s":{"0":1,"1":0,"2":0,"3":0,"4":0,"5":0,"6":0,"7":0,"8":0,"9":0,"10":0,"11":0,"12":0,"13":0,"14":0,"15":0,"16":0,"17":0,"18":0,"19":0,"20":0,"21":0,"22":0,"23":0,"24":0,"25":0,"26":0,"27":0,"28":0,"29":0,"30":0,"31":1},"f":{"0":0,"1":0,"2":0,"3":0,"4":0,"5":0,"6":0,"7":0},"b":{"0":[0,0],"1":[0,0],"2":[0,0],"3":[0,0]}}
,"C:\\Repos\\Kea Software\\Librerias\\pureutils\\src\\diacritics.ts": {"path":"C:\\Repos\\Kea Software\\Librerias\\pureutils\\src\\diacritics.ts","statementMap":{"0":{"start":{"line":1,"column":36},"end":{"line":88,"column":2}},"1":{"start":{"line":90,"column":20},"end":{"line":90,"column":22}},"2":{"start":{"line":91,"column":0},"end":{"line":96,"column":null}},"3":{"start":{"line":91,"column":13},"end":{"line":91,"column":14}},"4":{"start":{"line":92,"column":18},"end":{"line":92,"column":56}},"5":{"start":{"line":93,"column":4},"end":{"line":95,"column":null}},"6":{"start":{"line":93,"column":17},"end":{"line":93,"column":18}},"7":{"start":{"line":94,"column":8},"end":{"line":94,"column":72}},"8":{"start":{"line":100,"column":4},"end":{"line":102,"column":7}},"9":{"start":{"line":101,"column":8},"end":{"line":101,"column":37}},"10":{"start":{"line":99,"column":0},"end":{"line":99,"column":16}}},"fnMap":{"0":{"name":"removeDiacritics","decl":{"start":{"line":99,"column":16},"end":{"line":99,"column":32}},"loc":{"start":{"line":99,"column":44},"end":{"line":103,"column":1}}},"1":{"name":"(anonymous_1)","decl":{"start":{"line":100,"column":44},"end":{"line":100,"column":54}},"loc":{"start":{"line":100,"column":55},"end":{"line":102,"column":5}}}},"branchMap":{"0":{"loc":{"start":{"line":101,"column":15},"end":{"line":101,"column":31}},"type":"binary-expr","locations":[{"start":{"line":101,"column":15},"end":{"line":101,"column":31}},{"start":{"line":101,"column":35},"end":{"line":101,"column":36}}]}},"s":{"0":1,"1":1,"2":1,"3":1,"4":86,"5":86,"6":86,"7":875,"8":8,"9":4,"10":1},"f":{"0":8,"1":4},"b":{"0":[4,0]}}
,"C:\\Repos\\Kea Software\\Librerias\\pureutils\\src\\index.ts": {"path":"C:\\Repos\\Kea Software\\Librerias\\pureutils\\src\\index.ts","statementMap":{"0":{"start":{"line":1,"column":0},"end":{"line":1,"column":9}},"1":{"start":{"line":1,"column":9},"end":{"line":1,"column":29}},"2":{"start":{"line":1,"column":29},"end":{"line":1,"column":59}},"3":{"start":{"line":2,"column":0},"end":{"line":2,"column":9}},"4":{"start":{"line":2,"column":9},"end":{"line":2,"column":34}},"5":{"start":{"line":3,"column":0},"end":{"line":3,"column":9}},"6":{"start":{"line":3,"column":9},"end":{"line":3,"column":48}},"7":{"start":{"line":4,"column":0},"end":{"line":4,"column":9}},"8":{"start":{"line":4,"column":9},"end":{"line":4,"column":50}},"9":{"start":{"line":5,"column":0},"end":{"line":5,"column":24}},"10":{"start":{"line":6,"column":0},"end":{"line":6,"column":22}},"11":{"start":{"line":7,"column":0},"end":{"line":7,"column":25}},"12":{"start":{"line":8,"column":0},"end":{"line":8,"column":27}},"13":{"start":{"line":10,"column":0},"end":{"line":10,"column":26}},"14":{"start":{"line":11,"column":0},"end":{"line":11,"column":26}},"15":{"start":{"line":12,"column":0},"end":{"line":12,"column":26}}},"fnMap":{},"branchMap":{},"s":{"0":1,"1":1,"2":1,"3":1,"4":1,"5":1,"6":1,"7":1,"8":1,"9":1,"10":1,"11":1,"12":1,"13":1,"14":1,"15":1},"f":{},"b":{}}
,"C:\\Repos\\Kea Software\\Librerias\\pureutils\\src\\interop.ts": {"path":"C:\\Repos\\Kea Software\\Librerias\\pureutils\\src\\interop.ts","statementMap":{"0":{"start":{"line":12,"column":16},"end":{"line":12,"column":29}},"1":{"start":{"line":13,"column":4},"end":{"line":13,"column":43}},"2":{"start":{"line":11,"column":0},"end":{"line":11,"column":16}}},"fnMap":{"0":{"name":"interopRequireDefault","decl":{"start":{"line":11,"column":16},"end":{"line":11,"column":37}},"loc":{"start":{"line":11,"column":63},"end":{"line":14,"column":1}}}},"branchMap":{"0":{"loc":{"start":{"line":13,"column":25},"end":{"line":13,"column":36}},"type":"cond-expr","locations":[{"start":{"line":13,"column":25},"end":{"line":13,"column":36}},{"start":{"line":13,"column":39},"end":{"line":13,"column":42}}]}},"s":{"0":0,"1":0,"2":1},"f":{"0":0},"b":{"0":[0,0]}}
,"C:\\Repos\\Kea Software\\Librerias\\pureutils\\src\\logic.ts": {"path":"C:\\Repos\\Kea Software\\Librerias\\pureutils\\src\\logic.ts","statementMap":{"0":{"start":{"line":1,"column":0},"end":{"line":1,"column":153}},"1":{"start":{"line":2,"column":0},"end":{"line":2,"column":145}},"2":{"start":{"line":5,"column":0},"end":{"line":5,"column":29}},"3":{"start":{"line":6,"column":0},"end":{"line":6,"column":54}},"4":{"start":{"line":7,"column":0},"end":{"line":7,"column":30}},"5":{"start":{"line":14,"column":4},"end":{"line":14,"column":30}},"6":{"start":{"line":14,"column":25},"end":{"line":14,"column":29}},"7":{"start":{"line":16,"column":4},"end":{"line":19,"column":null}},"8":{"start":{"line":16,"column":20},"end":{"line":16,"column":25}},"9":{"start":{"line":16,"column":23},"end":{"line":16,"column":25}},"10":{"start":{"line":16,"column":16},"end":{"line":16,"column":20}},"11":{"start":{"line":17,"column":8},"end":{"line":18,"column":25}},"12":{"start":{"line":18,"column":12},"end":{"line":18,"column":25}},"13":{"start":{"line":20,"column":4},"end":{"line":20,"column":16}},"14":{"start":{"line":13,"column":0},"end":{"line":13,"column":16}},"15":{"start":{"line":28,"column":4},"end":{"line":28,"column":37}},"16":{"start":{"line":28,"column":25},"end":{"line":28,"column":37}},"17":{"start":{"line":29,"column":30},"end":{"line":29,"column":57}},"18":{"start":{"line":30,"column":18},"end":{"line":30,"column":24}},"19":{"start":{"line":31,"column":4},"end":{"line":35,"column":null}},"20":{"start":{"line":31,"column":17},"end":{"line":31,"column":18}},"21":{"start":{"line":32,"column":19},"end":{"line":32,"column":25}},"22":{"start":{"line":33,"column":8},"end":{"line":34,"column":25}},"23":{"start":{"line":34,"column":12},"end":{"line":34,"column":25}},"24":{"start":{"line":36,"column":4},"end":{"line":36,"column":16}},"25":{"start":{"line":27,"column":0},"end":{"line":27,"column":16}},"26":{"start":{"line":45,"column":4},"end":{"line":52,"column":null}},"27":{"start":{"line":46,"column":8},"end":{"line":48,"column":null}},"28":{"start":{"line":46,"column":24},"end":{"line":46,"column":29}},"29":{"start":{"line":46,"column":27},"end":{"line":46,"column":29}},"30":{"start":{"line":46,"column":20},"end":{"line":46,"column":24}},"31":{"start":{"line":47,"column":12},"end":{"line":47,"column":37}},"32":{"start":{"line":47,"column":25},"end":{"line":47,"column":37}},"33":{"start":{"line":49,"column":8},"end":{"line":49,"column":21}},"34":{"start":{"line":51,"column":8},"end":{"line":51,"column":30}},"35":{"start":{"line":44,"column":0},"end":{"line":44,"column":16}},"36":{"start":{"line":57,"column":30},"end":{"line":57,"column":57}},"37":{"start":{"line":58,"column":4},"end":{"line":58,"column":61}},"38":{"start":{"line":58,"column":25},"end":{"line":58,"column":60}},"39":{"start":{"line":56,"column":0},"end":{"line":56,"column":16}},"40":{"start":{"line":63,"column":4},"end":{"line":63,"column":56}},"41":{"start":{"line":63,"column":28},"end":{"line":63,"column":55}},"42":{"start":{"line":62,"column":0},"end":{"line":62,"column":16}},"43":{"start":{"line":68,"column":4},"end":{"line":68,"column":56}},"44":{"start":{"line":68,"column":28},"end":{"line":68,"column":55}},"45":{"start":{"line":67,"column":0},"end":{"line":67,"column":16}},"46":{"start":{"line":77,"column":4},"end":{"line":77,"column":19}},"47":{"start":{"line":76,"column":0},"end":{"line":76,"column":16}},"48":{"start":{"line":82,"column":4},"end":{"line":82,"column":29}},"49":{"start":{"line":82,"column":17},"end":{"line":82,"column":29}},"50":{"start":{"line":83,"column":4},"end":{"line":83,"column":45}},"51":{"start":{"line":83,"column":32},"end":{"line":83,"column":45}},"52":{"start":{"line":84,"column":4},"end":{"line":84,"column":43}},"53":{"start":{"line":84,"column":30},"end":{"line":84,"column":43}},"54":{"start":{"line":86,"column":4},"end":{"line":86,"column":47}},"55":{"start":{"line":86,"column":38},"end":{"line":86,"column":46}},"56":{"start":{"line":87,"column":4},"end":{"line":89,"column":null}},"57":{"start":{"line":87,"column":17},"end":{"line":87,"column":18}},"58":{"start":{"line":88,"column":8},"end":{"line":88,"column":48}},"59":{"start":{"line":88,"column":35},"end":{"line":88,"column":48}},"60":{"start":{"line":90,"column":4},"end":{"line":90,"column":16}},"61":{"start":{"line":81,"column":0},"end":{"line":81,"column":16}},"62":{"start":{"line":97,"column":4},"end":{"line":99,"column":null}},"63":{"start":{"line":97,"column":24},"end":{"line":97,"column":27}},"64":{"start":{"line":97,"column":25},"end":{"line":97,"column":27}},"65":{"start":{"line":97,"column":20},"end":{"line":97,"column":24}},"66":{"start":{"line":98,"column":8},"end":{"line":98,"column":56}},"67":{"start":{"line":98,"column":43},"end":{"line":98,"column":56}},"68":{"start":{"line":100,"column":4},"end":{"line":102,"column":null}},"69":{"start":{"line":100,"column":24},"end":{"line":100,"column":27}},"70":{"start":{"line":100,"column":25},"end":{"line":100,"column":27}},"71":{"start":{"line":100,"column":20},"end":{"line":100,"column":24}},"72":{"start":{"line":101,"column":8},"end":{"line":101,"column":56}},"73":{"start":{"line":101,"column":43},"end":{"line":101,"column":56}},"74":{"start":{"line":103,"column":4},"end":{"line":103,"column":16}},"75":{"start":{"line":96,"column":0},"end":{"line":96,"column":16}},"76":{"start":{"line":107,"column":17},"end":{"line":107,"column":25}},"77":{"start":{"line":108,"column":26},"end":{"line":108,"column":125}},"78":{"start":{"line":109,"column":4},"end":{"line":109,"column":64}},"79":{"start":{"line":114,"column":4},"end":{"line":117,"column":null}},"80":{"start":{"line":116,"column":8},"end":{"line":116,"column":23}},"81":{"start":{"line":119,"column":4},"end":{"line":120,"column":21}},"82":{"start":{"line":120,"column":8},"end":{"line":120,"column":21}},"83":{"start":{"line":122,"column":4},"end":{"line":124,"column":null}},"84":{"start":{"line":123,"column":8},"end":{"line":123,"column":23}},"85":{"start":{"line":125,"column":4},"end":{"line":129,"column":null}},"86":{"start":{"line":126,"column":8},"end":{"line":128,"column":28}},"87":{"start":{"line":127,"column":12},"end":{"line":127,"column":46}},"88":{"start":{"line":128,"column":15},"end":{"line":128,"column":28}},"89":{"start":{"line":131,"column":4},"end":{"line":131,"column":29}},"90":{"start":{"line":131,"column":17},"end":{"line":131,"column":29}},"91":{"start":{"line":132,"column":4},"end":{"line":132,"column":45}},"92":{"start":{"line":132,"column":32},"end":{"line":132,"column":45}},"93":{"start":{"line":134,"column":4},"end":{"line":136,"column":null}},"94":{"start":{"line":135,"column":8},"end":{"line":135,"column":64}},"95":{"start":{"line":138,"column":18},"end":{"line":138,"column":55}},"96":{"start":{"line":138,"column":42},"end":{"line":138,"column":55}},"97":{"start":{"line":139,"column":18},"end":{"line":139,"column":55}},"98":{"start":{"line":139,"column":42},"end":{"line":139,"column":55}},"99":{"start":{"line":141,"column":4},"end":{"line":141,"column":51}},"100":{"start":{"line":141,"column":38},"end":{"line":141,"column":51}},"101":{"start":{"line":142,"column":4},"end":{"line":142,"column":80}},"102":{"start":{"line":142,"column":41},"end":{"line":142,"column":46}},"103":{"start":{"line":142,"column":63},"end":{"line":142,"column":68}},"104":{"start":{"line":113,"column":0},"end":{"line":113,"column":16}},"105":{"start":{"line":161,"column":18},"end":{"line":161,"column":45}},"106":{"start":{"line":163,"column":8},"end":{"line":170,"column":null}},"107":{"start":{"line":165,"column":20},"end":{"line":165,"column":null}},"108":{"start":{"line":165,"column":34},"end":{"line":165,"column":104}},"109":{"start":{"line":166,"column":20},"end":{"line":166,"column":null}},"110":{"start":{"line":166,"column":37},"end":{"line":166,"column":67}},"111":{"start":{"line":168,"column":20},"end":{"line":168,"column":null}},"112":{"start":{"line":168,"column":34},"end":{"line":168,"column":40}},"113":{"start":{"line":170,"column":20},"end":{"line":170,"column":null}},"114":{"start":{"line":170,"column":45},"end":{"line":170,"column":51}},"115":{"start":{"line":170,"column":59},"end":{"line":170,"column":64}},"116":{"start":{"line":174,"column":4},"end":{"line":174,"column":24}},"117":{"start":{"line":160,"column":0},"end":{"line":160,"column":16}},"118":{"start":{"line":179,"column":4},"end":{"line":181,"column":null}},"119":{"start":{"line":180,"column":8},"end":{"line":180,"column":19}},"120":{"start":{"line":183,"column":24},"end":{"line":183,"column":58}},"121":{"start":{"line":183,"column":57},"end":{"line":183,"column":80}},"122":{"start":{"line":184,"column":21},"end":{"line":184,"column":23}},"123":{"start":{"line":185,"column":4},"end":{"line":193,"column":null}},"124":{"start":{"line":186,"column":8},"end":{"line":188,"column":null}},"125":{"start":{"line":186,"column":21},"end":{"line":186,"column":22}},"126":{"start":{"line":187,"column":12},"end":{"line":187,"column":29}},"127":{"start":{"line":190,"column":8},"end":{"line":192,"column":null}},"128":{"start":{"line":190,"column":24},"end":{"line":190,"column":29}},"129":{"start":{"line":190,"column":27},"end":{"line":190,"column":29}},"130":{"start":{"line":190,"column":20},"end":{"line":190,"column":24}},"131":{"start":{"line":191,"column":12},"end":{"line":191,"column":24}},"132":{"start":{"line":194,"column":4},"end":{"line":194,"column":15}},"133":{"start":{"line":178,"column":0},"end":{"line":178,"column":16}},"134":{"start":{"line":199,"column":4},"end":{"line":199,"column":57}},"135":{"start":{"line":198,"column":0},"end":{"line":198,"column":16}},"136":{"start":{"line":204,"column":4},"end":{"line":204,"column":47}},"137":{"start":{"line":203,"column":0},"end":{"line":203,"column":16}},"138":{"start":{"line":207,"column":29},"end":{"line":207,"column":83}},"139":{"start":{"line":207,"column":75},"end":{"line":207,"column":132}},"140":{"start":{"line":210,"column":17},"end":{"line":210,"column":40}},"141":{"start":{"line":210,"column":27},"end":{"line":210,"column":53}},"142":{"start":{"line":211,"column":4},"end":{"line":211,"column":22}},"143":{"start":{"line":209,"column":0},"end":{"line":209,"column":16}},"144":{"start":{"line":216,"column":45},"end":{"line":216,"column":47}},"145":{"start":{"line":217,"column":4},"end":{"line":218,"column":null}},"146":{"start":{"line":217,"column":20},"end":{"line":217,"column":null}},"147":{"start":{"line":217,"column":23},"end":{"line":217,"column":null}},"148":{"start":{"line":217,"column":16},"end":{"line":217,"column":20}},"149":{"start":{"line":218,"column":8},"end":{"line":218,"column":31}},"150":{"start":{"line":220,"column":4},"end":{"line":220,"column":15}},"151":{"start":{"line":215,"column":0},"end":{"line":215,"column":16}},"152":{"start":{"line":226,"column":21},"end":{"line":226,"column":23}},"153":{"start":{"line":227,"column":4},"end":{"line":228,"column":null}},"154":{"start":{"line":227,"column":20},"end":{"line":227,"column":null}},"155":{"start":{"line":227,"column":23},"end":{"line":227,"column":null}},"156":{"start":{"line":227,"column":16},"end":{"line":227,"column":20}},"157":{"start":{"line":228,"column":8},"end":{"line":228,"column":23}},"158":{"start":{"line":229,"column":4},"end":{"line":229,"column":15}},"159":{"start":{"line":225,"column":0},"end":{"line":225,"column":16}},"160":{"start":{"line":237,"column":4},"end":{"line":240,"column":null}},"161":{"start":{"line":237,"column":20},"end":{"line":237,"column":25}},"162":{"start":{"line":237,"column":23},"end":{"line":237,"column":25}},"163":{"start":{"line":237,"column":16},"end":{"line":237,"column":20}},"164":{"start":{"line":238,"column":8},"end":{"line":239,"column":21}},"165":{"start":{"line":239,"column":12},"end":{"line":239,"column":21}},"166":{"start":{"line":241,"column":4},"end":{"line":241,"column":21}},"167":{"start":{"line":236,"column":0},"end":{"line":236,"column":16}},"168":{"start":{"line":248,"column":35},"end":{"line":248,"column":44}},"169":{"start":{"line":249,"column":25},"end":{"line":249,"column":30}},"170":{"start":{"line":250,"column":4},"end":{"line":262,"column":null}},"171":{"start":{"line":250,"column":20},"end":{"line":250,"column":25}},"172":{"start":{"line":250,"column":23},"end":{"line":250,"column":25}},"173":{"start":{"line":250,"column":16},"end":{"line":250,"column":20}},"174":{"start":{"line":251,"column":21},"end":{"line":251,"column":37}},"175":{"start":{"line":253,"column":8},"end":{"line":261,"column":null}},"176":{"start":{"line":254,"column":12},"end":{"line":260,"column":null}},"177":{"start":{"line":256,"column":16},"end":{"line":256,"column":33}},"178":{"start":{"line":258,"column":16},"end":{"line":258,"column":30}},"179":{"start":{"line":259,"column":16},"end":{"line":259,"column":29}},"180":{"start":{"line":263,"column":4},"end":{"line":263,"column":21}},"181":{"start":{"line":247,"column":0},"end":{"line":247,"column":16}},"182":{"start":{"line":268,"column":4},"end":{"line":268,"column":31}},"183":{"start":{"line":267,"column":0},"end":{"line":267,"column":16}},"184":{"start":{"line":278,"column":37},"end":{"line":278,"column":39}},"185":{"start":{"line":279,"column":28},"end":{"line":279,"column":53}},"186":{"start":{"line":281,"column":20},"end":{"line":281,"column":30}},"187":{"start":{"line":282,"column":26},"end":{"line":282,"column":70}},"188":{"start":{"line":282,"column":42},"end":{"line":282,"column":70}},"189":{"start":{"line":283,"column":8},"end":{"line":287,"column":null}},"190":{"start":{"line":284,"column":12},"end":{"line":284,"column":47}},"191":{"start":{"line":286,"column":12},"end":{"line":286,"column":36}},"192":{"start":{"line":280,"column":4},"end":{"line":288,"column":null}},"193":{"start":{"line":280,"column":20},"end":{"line":280,"column":null}},"194":{"start":{"line":280,"column":23},"end":{"line":280,"column":null}},"195":{"start":{"line":280,"column":16},"end":{"line":280,"column":20}},"196":{"start":{"line":280,"column":15},"end":{"line":280,"column":20}},"197":{"start":{"line":289,"column":4},"end":{"line":289,"column":15}},"198":{"start":{"line":277,"column":0},"end":{"line":277,"column":16}},"199":{"start":{"line":307,"column":29},"end":{"line":307,"column":67}},"200":{"start":{"line":307,"column":66},"end":{"line":307,"column":83}},"201":{"start":{"line":308,"column":30},"end":{"line":308,"column":57}},"202":{"start":{"line":309,"column":4},"end":{"line":313,"column":null}},"203":{"start":{"line":310,"column":8},"end":{"line":310,"column":79}},"204":{"start":{"line":310,"column":43},"end":{"line":310,"column":78}},"205":{"start":{"line":312,"column":8},"end":{"line":312,"column":102}},"206":{"start":{"line":312,"column":43},"end":{"line":312,"column":58}},"207":{"start":{"line":312,"column":70},"end":{"line":312,"column":101}},"208":{"start":{"line":306,"column":0},"end":{"line":306,"column":16}},"209":{"start":{"line":328,"column":31},"end":{"line":328,"column":50}},"210":{"start":{"line":328,"column":46},"end":{"line":328,"column":55}},"211":{"start":{"line":329,"column":33},"end":{"line":329,"column":52}},"212":{"start":{"line":329,"column":48},"end":{"line":329,"column":59}},"213":{"start":{"line":331,"column":33},"end":{"line":331,"column":66}},"214":{"start":{"line":332,"column":35},"end":{"line":332,"column":72}},"215":{"start":{"line":333,"column":16},"end":{"line":333,"column":18}},"216":{"start":{"line":334,"column":4},"end":{"line":338,"column":null}},"217":{"start":{"line":334,"column":20},"end":{"line":334,"column":27}},"218":{"start":{"line":334,"column":25},"end":{"line":334,"column":27}},"219":{"start":{"line":334,"column":16},"end":{"line":334,"column":20}},"220":{"start":{"line":335,"column":20},"end":{"line":335,"column":43}},"221":{"start":{"line":336,"column":22},"end":{"line":336,"column":47}},"222":{"start":{"line":337,"column":8},"end":{"line":337,"column":25}},"223":{"start":{"line":339,"column":4},"end":{"line":339,"column":15}},"224":{"start":{"line":327,"column":0},"end":{"line":327,"column":16}},"225":{"start":{"line":345,"column":4},"end":{"line":345,"column":84}},"226":{"start":{"line":345,"column":35},"end":{"line":345,"column":40}},"227":{"start":{"line":345,"column":53},"end":{"line":345,"column":83}},"228":{"start":{"line":344,"column":0},"end":{"line":344,"column":16}},"229":{"start":{"line":356,"column":16},"end":{"line":356,"column":18}},"230":{"start":{"line":357,"column":4},"end":{"line":362,"column":null}},"231":{"start":{"line":358,"column":22},"end":{"line":358,"column":30}},"232":{"start":{"line":359,"column":8},"end":{"line":361,"column":null}},"233":{"start":{"line":360,"column":12},"end":{"line":360,"column":39}},"234":{"start":{"line":363,"column":4},"end":{"line":363,"column":20}},"235":{"start":{"line":355,"column":0},"end":{"line":355,"column":16}},"236":{"start":{"line":372,"column":4},"end":{"line":372,"column":67}},"237":{"start":{"line":372,"column":45},"end":{"line":372,"column":66}},"238":{"start":{"line":371,"column":0},"end":{"line":371,"column":16}},"239":{"start":{"line":378,"column":4},"end":{"line":378,"column":59}},"240":{"start":{"line":378,"column":38},"end":{"line":378,"column":58}},"241":{"start":{"line":377,"column":0},"end":{"line":377,"column":16}},"242":{"start":{"line":382,"column":65},"end":{"line":382,"column":81}},"243":{"start":{"line":383,"column":26},"end":{"line":383,"column":28}},"244":{"start":{"line":384,"column":4},"end":{"line":388,"column":null}},"245":{"start":{"line":384,"column":22},"end":{"line":384,"column":29}},"246":{"start":{"line":384,"column":27},"end":{"line":384,"column":29}},"247":{"start":{"line":384,"column":18},"end":{"line":384,"column":22}},"248":{"start":{"line":385,"column":8},"end":{"line":387,"column":null}},"249":{"start":{"line":386,"column":12},"end":{"line":386,"column":32}},"250":{"start":{"line":389,"column":4},"end":{"line":389,"column":22}},"251":{"start":{"line":382,"column":0},"end":{"line":382,"column":16}},"252":{"start":{"line":394,"column":19},"end":{"line":394,"column":35}},"253":{"start":{"line":394,"column":34},"end":{"line":394,"column":61}},"254":{"start":{"line":395,"column":4},"end":{"line":396,"column":49}},"255":{"start":{"line":396,"column":8},"end":{"line":396,"column":49}},"256":{"start":{"line":398,"column":4},"end":{"line":401,"column":24}},"257":{"start":{"line":399,"column":8},"end":{"line":401,"column":23}},"258":{"start":{"line":393,"column":0},"end":{"line":393,"column":16}},"259":{"start":{"line":408,"column":19},"end":{"line":408,"column":35}},"260":{"start":{"line":408,"column":34},"end":{"line":408,"column":61}},"261":{"start":{"line":409,"column":4},"end":{"line":410,"column":49}},"262":{"start":{"line":410,"column":8},"end":{"line":410,"column":49}},"263":{"start":{"line":413,"column":4},"end":{"line":413,"column":47}},"264":{"start":{"line":413,"column":34},"end":{"line":413,"column":47}},"265":{"start":{"line":416,"column":16},"end":{"line":416,"column":62}},"266":{"start":{"line":417,"column":16},"end":{"line":417,"column":48}},"267":{"start":{"line":418,"column":16},"end":{"line":418,"column":48}},"268":{"start":{"line":419,"column":4},"end":{"line":422,"column":30}},"269":{"start":{"line":420,"column":8},"end":{"line":422,"column":29}},"270":{"start":{"line":407,"column":0},"end":{"line":407,"column":16}},"271":{"start":{"line":428,"column":4},"end":{"line":432,"column":null}},"272":{"start":{"line":429,"column":8},"end":{"line":429,"column":21}},"273":{"start":{"line":431,"column":8},"end":{"line":431,"column":77}},"274":{"start":{"line":427,"column":0},"end":{"line":427,"column":16}},"275":{"start":{"line":440,"column":17},"end":{"line":440,"column":33}},"276":{"start":{"line":441,"column":19},"end":{"line":441,"column":44}},"277":{"start":{"line":441,"column":35},"end":{"line":441,"column":44}},"278":{"start":{"line":442,"column":16},"end":{"line":442,"column":35}},"279":{"start":{"line":443,"column":16},"end":{"line":443,"column":121}},"280":{"start":{"line":443,"column":32},"end":{"line":443,"column":96}},"281":{"start":{"line":443,"column":58},"end":{"line":443,"column":95}},"282":{"start":{"line":443,"column":107},"end":{"line":443,"column":121}},"283":{"start":{"line":444,"column":4},"end":{"line":444,"column":15}},"284":{"start":{"line":439,"column":0},"end":{"line":439,"column":16}},"285":{"start":{"line":463,"column":17},"end":{"line":463,"column":48}},"286":{"start":{"line":470,"column":19},"end":{"line":476,"column":null}},"287":{"start":{"line":471,"column":8},"end":{"line":476,"column":null}},"288":{"start":{"line":472,"column":23},"end":{"line":475,"column":15}},"289":{"start":{"line":481,"column":20},"end":{"line":481,"column":75}},"290":{"start":{"line":481,"column":60},"end":{"line":481,"column":74}},"291":{"start":{"line":482,"column":4},"end":{"line":482,"column":38}},"292":{"start":{"line":462,"column":0},"end":{"line":462,"column":16}},"293":{"start":{"line":490,"column":16},"end":{"line":493,"column":null}},"294":{"start":{"line":492,"column":15},"end":{"line":492,"column":null}},"295":{"start":{"line":492,"column":38},"end":{"line":492,"column":42}},"296":{"start":{"line":493,"column":15},"end":{"line":493,"column":null}},"297":{"start":{"line":493,"column":101},"end":{"line":493,"column":130}},"298":{"start":{"line":493,"column":115},"end":{"line":493,"column":129}},"299":{"start":{"line":496,"column":4},"end":{"line":496,"column":22}},"300":{"start":{"line":489,"column":0},"end":{"line":489,"column":16}},"301":{"start":{"line":503,"column":4},"end":{"line":503,"column":null}},"302":{"start":{"line":503,"column":35},"end":{"line":503,"column":38}},"303":{"start":{"line":503,"column":64},"end":{"line":503,"column":70}},"304":{"start":{"line":502,"column":0},"end":{"line":502,"column":16}},"305":{"start":{"line":509,"column":25},"end":{"line":509,"column":38}},"306":{"start":{"line":510,"column":4},"end":{"line":510,"column":34}},"307":{"start":{"line":509,"column":0},"end":{"line":509,"column":16}},"308":{"start":{"line":520,"column":24},"end":{"line":520,"column":46}},"309":{"start":{"line":521,"column":30},"end":{"line":521,"column":32}},"310":{"start":{"line":524,"column":18},"end":{"line":524,"column":31}},"311":{"start":{"line":527,"column":4},"end":{"line":532,"column":null}},"312":{"start":{"line":527,"column":24},"end":{"line":527,"column":27}},"313":{"start":{"line":527,"column":25},"end":{"line":527,"column":27}},"314":{"start":{"line":527,"column":20},"end":{"line":527,"column":24}},"315":{"start":{"line":528,"column":21},"end":{"line":528,"column":34}},"316":{"start":{"line":529,"column":8},"end":{"line":531,"column":null}},"317":{"start":{"line":530,"column":12},"end":{"line":530,"column":31}},"318":{"start":{"line":535,"column":4},"end":{"line":535,"column":22}},"319":{"start":{"line":536,"column":4},"end":{"line":536,"column":18}},"320":{"start":{"line":519,"column":0},"end":{"line":519,"column":16}},"321":{"start":{"line":541,"column":24},"end":{"line":541,"column":70}},"322":{"start":{"line":541,"column":55},"end":{"line":541,"column":70}},"323":{"start":{"line":542,"column":4},"end":{"line":542,"column":63}},"324":{"start":{"line":542,"column":29},"end":{"line":542,"column":62}},"325":{"start":{"line":540,"column":0},"end":{"line":540,"column":16}},"326":{"start":{"line":550,"column":24},"end":{"line":550,"column":49}},"327":{"start":{"line":551,"column":4},"end":{"line":551,"column":74}},"328":{"start":{"line":551,"column":42},"end":{"line":551,"column":73}},"329":{"start":{"line":549,"column":0},"end":{"line":549,"column":16}},"330":{"start":{"line":555,"column":26},"end":{"line":555,"column":39}},"331":{"start":{"line":556,"column":4},"end":{"line":556,"column":62}},"332":{"start":{"line":556,"column":38},"end":{"line":556,"column":56}},"333":{"start":{"line":555,"column":0},"end":{"line":555,"column":16}},"334":{"start":{"line":561,"column":4},"end":{"line":561,"column":51}},"335":{"start":{"line":560,"column":0},"end":{"line":560,"column":16}},"336":{"start":{"line":572,"column":33},"end":{"line":572,"column":61}},"337":{"start":{"line":573,"column":4},"end":{"line":573,"column":92}},"338":{"start":{"line":573,"column":27},"end":{"line":573,"column":91}},"339":{"start":{"line":573,"column":50},"end":{"line":573,"column":90}},"340":{"start":{"line":571,"column":0},"end":{"line":571,"column":16}},"341":{"start":{"line":580,"column":4},"end":{"line":580,"column":68}},"342":{"start":{"line":580,"column":36},"end":{"line":580,"column":39}},"343":{"start":{"line":579,"column":0},"end":{"line":579,"column":16}},"344":{"start":{"line":589,"column":17},"end":{"line":589,"column":54}},"345":{"start":{"line":590,"column":19},"end":{"line":593,"column":7}},"346":{"start":{"line":590,"column":35},"end":{"line":593,"column":7}},"347":{"start":{"line":595,"column":4},"end":{"line":595,"column":37}},"348":{"start":{"line":584,"column":0},"end":{"line":584,"column":16}},"349":{"start":{"line":603,"column":4},"end":{"line":603,"column":48}},"350":{"start":{"line":603,"column":29},"end":{"line":603,"column":47}},"351":{"start":{"line":601,"column":0},"end":{"line":601,"column":16}},"352":{"start":{"line":611,"column":4},"end":{"line":611,"column":94}},"353":{"start":{"line":611,"column":32},"end":{"line":611,"column":93}},"354":{"start":{"line":610,"column":0},"end":{"line":610,"column":16}},"355":{"start":{"line":616,"column":24},"end":{"line":616,"column":26}},"356":{"start":{"line":617,"column":4},"end":{"line":617,"column":21}},"357":{"start":{"line":618,"column":16},"end":{"line":618,"column":36}},"358":{"start":{"line":620,"column":4},"end":{"line":622,"column":null}},"359":{"start":{"line":620,"column":17},"end":{"line":620,"column":22}},"360":{"start":{"line":621,"column":8},"end":{"line":621,"column":20}},"361":{"start":{"line":623,"column":4},"end":{"line":623,"column":15}},"362":{"start":{"line":615,"column":0},"end":{"line":615,"column":16}},"363":{"start":{"line":630,"column":4},"end":{"line":630,"column":26}},"364":{"start":{"line":629,"column":0},"end":{"line":629,"column":16}},"365":{"start":{"line":637,"column":4},"end":{"line":637,"column":61}},"366":{"start":{"line":637,"column":29},"end":{"line":637,"column":60}},"367":{"start":{"line":636,"column":0},"end":{"line":636,"column":16}},"368":{"start":{"line":642,"column":4},"end":{"line":642,"column":38}},"369":{"start":{"line":642,"column":27},"end":{"line":642,"column":37}},"370":{"start":{"line":641,"column":0},"end":{"line":641,"column":16}},"371":{"start":{"line":647,"column":4},"end":{"line":647,"column":44}},"372":{"start":{"line":647,"column":32},"end":{"line":647,"column":43}},"373":{"start":{"line":646,"column":0},"end":{"line":646,"column":16}},"374":{"start":{"line":655,"column":36},"end":{"line":655,"column":76}},"375":{"start":{"line":656,"column":4},"end":{"line":662,"column":6}},"376":{"start":{"line":657,"column":8},"end":{"line":660,"column":null}},"377":{"start":{"line":657,"column":27},"end":{"line":657,"column":38}},"378":{"start":{"line":657,"column":36},"end":{"line":657,"column":38}},"379":{"start":{"line":657,"column":23},"end":{"line":657,"column":27}},"380":{"start":{"line":658,"column":27},"end":{"line":658,"column":37}},"381":{"start":{"line":659,"column":12},"end":{"line":659,"column":43}},"382":{"start":{"line":659,"column":29},"end":{"line":659,"column":43}},"383":{"start":{"line":661,"column":8},"end":{"line":661,"column":17}},"384":{"start":{"line":655,"column":0},"end":{"line":655,"column":16}},"385":{"start":{"line":667,"column":4},"end":{"line":674,"column":42}},"386":{"start":{"line":668,"column":8},"end":{"line":668,"column":17}},"387":{"start":{"line":669,"column":11},"end":{"line":674,"column":42}},"388":{"start":{"line":670,"column":8},"end":{"line":670,"column":17}},"389":{"start":{"line":671,"column":11},"end":{"line":674,"column":42}},"390":{"start":{"line":672,"column":8},"end":{"line":672,"column":18}},"391":{"start":{"line":674,"column":8},"end":{"line":674,"column":42}},"392":{"start":{"line":666,"column":0},"end":{"line":666,"column":16}},"393":{"start":{"line":682,"column":34},"end":{"line":682,"column":71}},"394":{"start":{"line":683,"column":4},"end":{"line":683,"column":70}},"395":{"start":{"line":685,"column":26},"end":{"line":685,"column":58}},"396":{"start":{"line":685,"column":57},"end":{"line":685,"column":98}},"397":{"start":{"line":685,"column":75},"end":{"line":685,"column":98}},"398":{"start":{"line":687,"column":22},"end":{"line":690,"column":6}},"399":{"start":{"line":689,"column":18},"end":{"line":689,"column":null}},"400":{"start":{"line":691,"column":30},"end":{"line":691,"column":63}},"401":{"start":{"line":693,"column":17},"end":{"line":693,"column":60}},"402":{"start":{"line":693,"column":35},"end":{"line":693,"column":60}},"403":{"start":{"line":694,"column":4},"end":{"line":694,"column":33}},"404":{"start":{"line":696,"column":16},"end":{"line":696,"column":38}},"405":{"start":{"line":696,"column":30},"end":{"line":696,"column":38}},"406":{"start":{"line":697,"column":4},"end":{"line":697,"column":15}},"407":{"start":{"line":682,"column":0},"end":{"line":682,"column":16}},"408":{"start":{"line":705,"column":37},"end":{"line":705,"column":71}},"409":{"start":{"line":706,"column":22},"end":{"line":706,"column":110}},"410":{"start":{"line":706,"column":51},"end":{"line":706,"column":110}},"411":{"start":{"line":706,"column":67},"end":{"line":706,"column":110}},"412":{"start":{"line":707,"column":4},"end":{"line":707,"column":35}},"413":{"start":{"line":705,"column":0},"end":{"line":705,"column":16}},"414":{"start":{"line":711,"column":41},"end":{"line":711,"column":75}},"415":{"start":{"line":712,"column":22},"end":{"line":712,"column":110}},"416":{"start":{"line":712,"column":51},"end":{"line":712,"column":110}},"417":{"start":{"line":712,"column":67},"end":{"line":712,"column":110}},"418":{"start":{"line":713,"column":4},"end":{"line":713,"column":35}},"419":{"start":{"line":711,"column":0},"end":{"line":711,"column":16}},"420":{"start":{"line":718,"column":8},"end":{"line":719,"column":102}},"421":{"start":{"line":719,"column":42},"end":{"line":719,"column":101}},"422":{"start":{"line":719,"column":58},"end":{"line":719,"column":101}},"423":{"start":{"line":720,"column":4},"end":{"line":720,"column":42}},"424":{"start":{"line":724,"column":33},"end":{"line":724,"column":67}},"425":{"start":{"line":725,"column":17},"end":{"line":725,"column":45}},"426":{"start":{"line":726,"column":4},"end":{"line":726,"column":34}},"427":{"start":{"line":724,"column":0},"end":{"line":724,"column":16}},"428":{"start":{"line":730,"column":33},"end":{"line":730,"column":67}},"429":{"start":{"line":731,"column":17},"end":{"line":731,"column":45}},"430":{"start":{"line":732,"column":16},"end":{"line":732,"column":33}},"431":{"start":{"line":732,"column":32},"end":{"line":732,"column":44}},"432":{"start":{"line":733,"column":4},"end":{"line":733,"column":33}},"433":{"start":{"line":730,"column":0},"end":{"line":730,"column":16}},"434":{"start":{"line":738,"column":16},"end":{"line":738,"column":20}},"435":{"start":{"line":739,"column":29},"end":{"line":739,"column":38}},"436":{"start":{"line":741,"column":4},"end":{"line":746,"column":null}},"437":{"start":{"line":741,"column":20},"end":{"line":741,"column":25}},"438":{"start":{"line":741,"column":23},"end":{"line":741,"column":25}},"439":{"start":{"line":741,"column":16},"end":{"line":741,"column":20}},"440":{"start":{"line":742,"column":8},"end":{"line":745,"column":null}},"441":{"start":{"line":743,"column":12},"end":{"line":743,"column":20}},"442":{"start":{"line":744,"column":12},"end":{"line":744,"column":26}},"443":{"start":{"line":747,"column":4},"end":{"line":747,"column":15}},"444":{"start":{"line":752,"column":21},"end":{"line":752,"column":65}},"445":{"start":{"line":752,"column":48},"end":{"line":752,"column":64}},"446":{"start":{"line":753,"column":4},"end":{"line":753,"column":40}},"447":{"start":{"line":751,"column":0},"end":{"line":751,"column":16}},"448":{"start":{"line":760,"column":4},"end":{"line":761,"column":21}},"449":{"start":{"line":761,"column":8},"end":{"line":761,"column":21}},"450":{"start":{"line":763,"column":4},"end":{"line":763,"column":30}},"451":{"start":{"line":759,"column":0},"end":{"line":759,"column":16}},"452":{"start":{"line":768,"column":16},"end":{"line":768,"column":39}},"453":{"start":{"line":769,"column":4},"end":{"line":772,"column":30}},"454":{"start":{"line":770,"column":8},"end":{"line":770,"column":20}},"455":{"start":{"line":771,"column":8},"end":{"line":771,"column":23}},"456":{"start":{"line":772,"column":14},"end":{"line":772,"column":29}},"457":{"start":{"line":774,"column":4},"end":{"line":774,"column":15}},"458":{"start":{"line":767,"column":0},"end":{"line":767,"column":16}},"459":{"start":{"line":787,"column":16},"end":{"line":787,"column":39}},"460":{"start":{"line":790,"column":16},"end":{"line":790,"column":20}},"461":{"start":{"line":792,"column":4},"end":{"line":804,"column":7}},"462":{"start":{"line":793,"column":8},"end":{"line":801,"column":null}},"463":{"start":{"line":795,"column":12},"end":{"line":798,"column":38}},"464":{"start":{"line":796,"column":16},"end":{"line":796,"column":28}},"465":{"start":{"line":797,"column":16},"end":{"line":797,"column":31}},"466":{"start":{"line":798,"column":22},"end":{"line":798,"column":37}},"467":{"start":{"line":800,"column":12},"end":{"line":800,"column":26}},"468":{"start":{"line":803,"column":8},"end":{"line":803,"column":39}},"469":{"start":{"line":786,"column":0},"end":{"line":786,"column":16}},"470":{"start":{"line":809,"column":4},"end":{"line":813,"column":null}},"471":{"start":{"line":810,"column":8},"end":{"line":810,"column":21}},"472":{"start":{"line":811,"column":11},"end":{"line":813,"column":null}},"473":{"start":{"line":812,"column":8},"end":{"line":812,"column":42}},"474":{"start":{"line":815,"column":4},"end":{"line":815,"column":25}},"475":{"start":{"line":808,"column":0},"end":{"line":808,"column":16}},"476":{"start":{"line":820,"column":19},"end":{"line":820,"column":21}},"477":{"start":{"line":821,"column":4},"end":{"line":823,"column":null}},"478":{"start":{"line":821,"column":17},"end":{"line":821,"column":18}},"479":{"start":{"line":822,"column":8},"end":{"line":822,"column":25}},"480":{"start":{"line":824,"column":4},"end":{"line":824,"column":15}},"481":{"start":{"line":819,"column":0},"end":{"line":819,"column":16}},"482":{"start":{"line":829,"column":19},"end":{"line":829,"column":21}},"483":{"start":{"line":830,"column":4},"end":{"line":832,"column":null}},"484":{"start":{"line":830,"column":17},"end":{"line":830,"column":22}},"485":{"start":{"line":831,"column":8},"end":{"line":831,"column":25}},"486":{"start":{"line":833,"column":4},"end":{"line":833,"column":15}},"487":{"start":{"line":828,"column":0},"end":{"line":828,"column":16}},"488":{"start":{"line":838,"column":4},"end":{"line":843,"column":null}},"489":{"start":{"line":838,"column":17},"end":{"line":838,"column":18}},"490":{"start":{"line":839,"column":18},"end":{"line":839,"column":24}},"491":{"start":{"line":840,"column":8},"end":{"line":842,"column":null}},"492":{"start":{"line":841,"column":12},"end":{"line":841,"column":29}},"493":{"start":{"line":844,"column":4},"end":{"line":844,"column":21}},"494":{"start":{"line":837,"column":0},"end":{"line":837,"column":16}},"495":{"start":{"line":853,"column":21},"end":{"line":853,"column":50}},"496":{"start":{"line":853,"column":37},"end":{"line":853,"column":83}},"497":{"start":{"line":854,"column":24},"end":{"line":854,"column":29}},"498":{"start":{"line":855,"column":4},"end":{"line":863,"column":null}},"499":{"start":{"line":855,"column":23},"end":{"line":855,"column":28}},"500":{"start":{"line":855,"column":26},"end":{"line":855,"column":28}},"501":{"start":{"line":855,"column":19},"end":{"line":855,"column":23}},"502":{"start":{"line":856,"column":8},"end":{"line":862,"column":null}},"503":{"start":{"line":857,"column":12},"end":{"line":861,"column":null}},"504":{"start":{"line":858,"column":16},"end":{"line":858,"column":37}},"505":{"start":{"line":860,"column":16},"end":{"line":860,"column":28}},"506":{"start":{"line":864,"column":4},"end":{"line":864,"column":17}},"507":{"start":{"line":852,"column":0},"end":{"line":852,"column":16}},"508":{"start":{"line":875,"column":21},"end":{"line":875,"column":50}},"509":{"start":{"line":875,"column":37},"end":{"line":875,"column":83}},"510":{"start":{"line":876,"column":4},"end":{"line":876,"column":45}},"511":{"start":{"line":874,"column":0},"end":{"line":874,"column":16}},"512":{"start":{"line":881,"column":4},"end":{"line":881,"column":76}},"513":{"start":{"line":880,"column":0},"end":{"line":880,"column":16}},"514":{"start":{"line":886,"column":4},"end":{"line":886,"column":29}},"515":{"start":{"line":885,"column":0},"end":{"line":885,"column":16}},"516":{"start":{"line":891,"column":4},"end":{"line":891,"column":30}},"517":{"start":{"line":890,"column":0},"end":{"line":890,"column":16}},"518":{"start":{"line":897,"column":8},"end":{"line":899,"column":null}},"519":{"start":{"line":898,"column":23},"end":{"line":898,"column":54}},"520":{"start":{"line":899,"column":33},"end":{"line":899,"column":70}},"521":{"start":{"line":901,"column":4},"end":{"line":901,"column":15}},"522":{"start":{"line":895,"column":0},"end":{"line":895,"column":16}},"523":{"start":{"line":906,"column":15},"end":{"line":906,"column":22}},"524":{"start":{"line":907,"column":20},"end":{"line":907,"column":22}},"525":{"start":{"line":908,"column":4},"end":{"line":911,"column":null}},"526":{"start":{"line":908,"column":21},"end":{"line":908,"column":28}},"527":{"start":{"line":908,"column":26},"end":{"line":908,"column":28}},"528":{"start":{"line":908,"column":17},"end":{"line":908,"column":21}},"529":{"start":{"line":909,"column":8},"end":{"line":909,"column":32}},"530":{"start":{"line":910,"column":8},"end":{"line":910,"column":18}},"531":{"start":{"line":912,"column":4},"end":{"line":912,"column":15}},"532":{"start":{"line":905,"column":0},"end":{"line":905,"column":16}},"533":{"start":{"line":917,"column":22},"end":{"line":917,"column":24}},"534":{"start":{"line":919,"column":16},"end":{"line":919,"column":20}},"535":{"start":{"line":920,"column":4},"end":{"line":926,"column":null}},"536":{"start":{"line":920,"column":21},"end":{"line":920,"column":28}},"537":{"start":{"line":920,"column":26},"end":{"line":920,"column":28}},"538":{"start":{"line":920,"column":17},"end":{"line":920,"column":21}},"539":{"start":{"line":921,"column":21},"end":{"line":921,"column":43}},"540":{"start":{"line":922,"column":8},"end":{"line":922,"column":21}},"541":{"start":{"line":923,"column":23},"end":{"line":923,"column":37}},"542":{"start":{"line":925,"column":8},"end":{"line":925,"column":25}},"543":{"start":{"line":927,"column":4},"end":{"line":927,"column":15}},"544":{"start":{"line":916,"column":0},"end":{"line":916,"column":16}},"545":{"start":{"line":932,"column":23},"end":{"line":932,"column":25}},"546":{"start":{"line":933,"column":4},"end":{"line":936,"column":null}},"547":{"start":{"line":933,"column":20},"end":{"line":933,"column":27}},"548":{"start":{"line":933,"column":25},"end":{"line":933,"column":27}},"549":{"start":{"line":933,"column":16},"end":{"line":933,"column":20}},"550":{"start":{"line":934,"column":26},"end":{"line":934,"column":32}},"551":{"start":{"line":935,"column":8},"end":{"line":935,"column":34}},"552":{"start":{"line":937,"column":4},"end":{"line":937,"column":18}},"553":{"start":{"line":931,"column":0},"end":{"line":931,"column":16}},"554":{"start":{"line":943,"column":20},"end":{"line":943,"column":61}},"555":{"start":{"line":943,"column":46},"end":{"line":943,"column":61}},"556":{"start":{"line":944,"column":4},"end":{"line":946,"column":null}},"557":{"start":{"line":945,"column":8},"end":{"line":945,"column":79}},"558":{"start":{"line":947,"column":4},"end":{"line":947,"column":39}},"559":{"start":{"line":947,"column":29},"end":{"line":947,"column":39}},"560":{"start":{"line":949,"column":18},"end":{"line":949,"column":28}},"561":{"start":{"line":950,"column":25},"end":{"line":950,"column":27}},"562":{"start":{"line":952,"column":21},"end":{"line":952,"column":73}},"563":{"start":{"line":952,"column":53},"end":{"line":952,"column":73}},"564":{"start":{"line":953,"column":8},"end":{"line":953,"column":23}},"565":{"start":{"line":951,"column":4},"end":{"line":954,"column":null}},"566":{"start":{"line":951,"column":17},"end":{"line":951,"column":18}},"567":{"start":{"line":951,"column":13},"end":{"line":951,"column":17}},"568":{"start":{"line":955,"column":4},"end":{"line":955,"column":15}},"569":{"start":{"line":941,"column":0},"end":{"line":941,"column":16}},"570":{"start":{"line":961,"column":42},"end":{"line":961,"column":null}},"571":{"start":{"line":962,"column":4},"end":{"line":963,"column":23}},"572":{"start":{"line":963,"column":8},"end":{"line":963,"column":23}},"573":{"start":{"line":965,"column":18},"end":{"line":965,"column":36}},"574":{"start":{"line":966,"column":14},"end":{"line":966,"column":38}},"575":{"start":{"line":967,"column":4},"end":{"line":970,"column":null}},"576":{"start":{"line":967,"column":17},"end":{"line":967,"column":22}},"577":{"start":{"line":968,"column":24},"end":{"line":968,"column":44}},"578":{"start":{"line":969,"column":8},"end":{"line":969,"column":50}},"579":{"start":{"line":971,"column":4},"end":{"line":971,"column":15}},"580":{"start":{"line":977,"column":4},"end":{"line":977,"column":49}},"581":{"start":{"line":976,"column":0},"end":{"line":976,"column":16}},"582":{"start":{"line":988,"column":73},"end":{"line":988,"column":94}},"583":{"start":{"line":988,"column":94},"end":{"line":988,"column":116}},"584":{"start":{"line":988,"column":116},"end":{"line":988,"column":142}},"585":{"start":{"line":988,"column":142},"end":{"line":988,"column":null}},"586":{"start":{"line":989,"column":4},"end":{"line":989,"column":34}},"587":{"start":{"line":989,"column":24},"end":{"line":989,"column":34}},"588":{"start":{"line":990,"column":4},"end":{"line":990,"column":28}},"589":{"start":{"line":992,"column":19},"end":{"line":992,"column":41}},"590":{"start":{"line":993,"column":17},"end":{"line":993,"column":38}},"591":{"start":{"line":994,"column":14},"end":{"line":994,"column":30}},"592":{"start":{"line":995,"column":16},"end":{"line":995,"column":29}},"593":{"start":{"line":996,"column":17},"end":{"line":996,"column":24}},"594":{"start":{"line":998,"column":20},"end":{"line":998,"column":28}},"595":{"start":{"line":999,"column":23},"end":{"line":999,"column":39}},"596":{"start":{"line":1001,"column":26},"end":{"line":1001,"column":98}},"597":{"start":{"line":1002,"column":20},"end":{"line":1002,"column":76}},"598":{"start":{"line":1004,"column":4},"end":{"line":1005,"column":39}},"599":{"start":{"line":1005,"column":8},"end":{"line":1005,"column":39}},"600":{"start":{"line":1007,"column":21},"end":{"line":1007,"column":93}},"601":{"start":{"line":1008,"column":27},"end":{"line":1008,"column":71}},"602":{"start":{"line":1009,"column":24},"end":{"line":1009,"column":58}},"603":{"start":{"line":1010,"column":21},"end":{"line":1010,"column":55}},"604":{"start":{"line":1012,"column":4},"end":{"line":1012,"column":52}},"605":{"start":{"line":988,"column":0},"end":{"line":988,"column":16}},"606":{"start":{"line":1024,"column":4},"end":{"line":1024,"column":32}},"607":{"start":{"line":1023,"column":0},"end":{"line":1023,"column":16}},"608":{"start":{"line":1027,"column":19},"end":{"line":1027,"column":103}},"609":{"start":{"line":1032,"column":4},"end":{"line":1032,"column":29}},"610":{"start":{"line":1032,"column":19},"end":{"line":1032,"column":29}},"611":{"start":{"line":1033,"column":4},"end":{"line":1033,"column":27}},"612":{"start":{"line":1035,"column":17},"end":{"line":1035,"column":49}},"613":{"start":{"line":1036,"column":18},"end":{"line":1036,"column":42}},"614":{"start":{"line":1037,"column":16},"end":{"line":1037,"column":44}},"615":{"start":{"line":1039,"column":18},"end":{"line":1039,"column":47}},"616":{"start":{"line":1040,"column":20},"end":{"line":1040,"column":51}},"617":{"start":{"line":1043,"column":20},"end":{"line":1043,"column":92}},"618":{"start":{"line":1045,"column":20},"end":{"line":1045,"column":50}},"619":{"start":{"line":1046,"column":4},"end":{"line":1051,"column":null}},"620":{"start":{"line":1047,"column":24},"end":{"line":1047,"column":45}},"621":{"start":{"line":1048,"column":8},"end":{"line":1048,"column":39}},"622":{"start":{"line":1050,"column":8},"end":{"line":1050,"column":23}},"623":{"start":{"line":1031,"column":0},"end":{"line":1031,"column":16}},"624":{"start":{"line":1059,"column":4},"end":{"line":1061,"column":null}},"625":{"start":{"line":1060,"column":8},"end":{"line":1060,"column":30}},"626":{"start":{"line":1062,"column":4},"end":{"line":1062,"column":87}},"627":{"start":{"line":1062,"column":64},"end":{"line":1062,"column":87}},"628":{"start":{"line":1063,"column":4},"end":{"line":1063,"column":17}},"629":{"start":{"line":1058,"column":0},"end":{"line":1058,"column":16}},"630":{"start":{"line":1068,"column":17},"end":{"line":1068,"column":49}},"631":{"start":{"line":1069,"column":18},"end":{"line":1069,"column":51}},"632":{"start":{"line":1070,"column":16},"end":{"line":1070,"column":44}},"633":{"start":{"line":1072,"column":18},"end":{"line":1072,"column":47}},"634":{"start":{"line":1073,"column":20},"end":{"line":1073,"column":51}},"635":{"start":{"line":1074,"column":20},"end":{"line":1074,"column":51}},"636":{"start":{"line":1076,"column":25},"end":{"line":1076,"column":47}},"637":{"start":{"line":1077,"column":24},"end":{"line":1077,"column":68}},"638":{"start":{"line":1078,"column":22},"end":{"line":1078,"column":66}},"639":{"start":{"line":1079,"column":23},"end":{"line":1079,"column":51}},"640":{"start":{"line":1080,"column":19},"end":{"line":1080,"column":61}},"641":{"start":{"line":1081,"column":4},"end":{"line":1081,"column":77}},"642":{"start":{"line":1067,"column":0},"end":{"line":1067,"column":16}},"643":{"start":{"line":1086,"column":14},"end":{"line":1086,"column":31}},"644":{"start":{"line":1086,"column":19},"end":{"line":1086,"column":38}},"645":{"start":{"line":1087,"column":15},"end":{"line":1087,"column":32}},"646":{"start":{"line":1087,"column":20},"end":{"line":1087,"column":39}},"647":{"start":{"line":1089,"column":4},"end":{"line":1089,"column":138}},"648":{"start":{"line":1085,"column":0},"end":{"line":1085,"column":16}},"649":{"start":{"line":1094,"column":4},"end":{"line":1094,"column":65}},"650":{"start":{"line":1094,"column":40},"end":{"line":1094,"column":64}},"651":{"start":{"line":1093,"column":0},"end":{"line":1093,"column":16}},"652":{"start":{"line":1099,"column":4},"end":{"line":1099,"column":132}},"653":{"start":{"line":1098,"column":0},"end":{"line":1098,"column":16}},"654":{"start":{"line":1103,"column":71},"end":{"line":1103,"column":null}},"655":{"start":{"line":1104,"column":4},"end":{"line":1108,"column":null}},"656":{"start":{"line":1104,"column":17},"end":{"line":1104,"column":27}},"657":{"start":{"line":1105,"column":8},"end":{"line":1107,"column":null}},"658":{"start":{"line":1106,"column":12},"end":{"line":1106,"column":21}},"659":{"start":{"line":1109,"column":4},"end":{"line":1109,"column":16}},"660":{"start":{"line":1103,"column":0},"end":{"line":1103,"column":16}},"661":{"start":{"line":1113,"column":73},"end":{"line":1113,"column":null}},"662":{"start":{"line":1114,"column":24},"end":{"line":1114,"column":26}},"663":{"start":{"line":1115,"column":4},"end":{"line":1119,"column":null}},"664":{"start":{"line":1115,"column":17},"end":{"line":1115,"column":27}},"665":{"start":{"line":1116,"column":8},"end":{"line":1118,"column":null}},"666":{"start":{"line":1117,"column":12},"end":{"line":1117,"column":24}},"667":{"start":{"line":1120,"column":4},"end":{"line":1120,"column":15}},"668":{"start":{"line":1113,"column":0},"end":{"line":1113,"column":16}},"669":{"start":{"line":1127,"column":24},"end":{"line":1127,"column":51}},"670":{"start":{"line":1128,"column":19},"end":{"line":1128,"column":20}},"671":{"start":{"line":1129,"column":19},"end":{"line":1129,"column":33}},"672":{"start":{"line":1130,"column":31},"end":{"line":1130,"column":32}},"673":{"start":{"line":1133,"column":4},"end":{"line":1147,"column":null}},"674":{"start":{"line":1134,"column":8},"end":{"line":1134,"column":53}},"675":{"start":{"line":1135,"column":8},"end":{"line":1135,"column":56}},"676":{"start":{"line":1137,"column":21},"end":{"line":1137,"column":55}},"677":{"start":{"line":1138,"column":8},"end":{"line":1146,"column":null}},"678":{"start":{"line":1139,"column":12},"end":{"line":1139,"column":40}},"679":{"start":{"line":1141,"column":13},"end":{"line":1146,"column":null}},"680":{"start":{"line":1142,"column":12},"end":{"line":1142,"column":40}},"681":{"start":{"line":1145,"column":12},"end":{"line":1145,"column":56}},"682":{"start":{"line":1149,"column":4},"end":{"line":1149,"column":49}},"683":{"start":{"line":1126,"column":0},"end":{"line":1126,"column":16}},"684":{"start":{"line":1161,"column":41},"end":{"line":1161,"column":43}},"685":{"start":{"line":1162,"column":4},"end":{"line":1168,"column":null}},"686":{"start":{"line":1162,"column":20},"end":{"line":1162,"column":26}},"687":{"start":{"line":1162,"column":24},"end":{"line":1162,"column":26}},"688":{"start":{"line":1162,"column":16},"end":{"line":1162,"column":20}},"689":{"start":{"line":1163,"column":8},"end":{"line":1167,"column":null}},"690":{"start":{"line":1163,"column":24},"end":{"line":1163,"column":31}},"691":{"start":{"line":1163,"column":29},"end":{"line":1163,"column":31}},"692":{"start":{"line":1163,"column":20},"end":{"line":1163,"column":24}},"693":{"start":{"line":1164,"column":12},"end":{"line":1166,"column":null}},"694":{"start":{"line":1165,"column":16},"end":{"line":1165,"column":48}},"695":{"start":{"line":1169,"column":4},"end":{"line":1169,"column":15}},"696":{"start":{"line":1160,"column":0},"end":{"line":1160,"column":16}},"697":{"start":{"line":1181,"column":42},"end":{"line":1181,"column":44}},"698":{"start":{"line":1182,"column":4},"end":{"line":1193,"column":null}},"699":{"start":{"line":1182,"column":20},"end":{"line":1182,"column":26}},"700":{"start":{"line":1182,"column":24},"end":{"line":1182,"column":26}},"701":{"start":{"line":1182,"column":16},"end":{"line":1182,"column":20}},"702":{"start":{"line":1183,"column":32},"end":{"line":1183,"column":37}},"703":{"start":{"line":1184,"column":8},"end":{"line":1189,"column":null}},"704":{"start":{"line":1184,"column":24},"end":{"line":1184,"column":31}},"705":{"start":{"line":1184,"column":29},"end":{"line":1184,"column":31}},"706":{"start":{"line":1184,"column":20},"end":{"line":1184,"column":24}},"707":{"start":{"line":1185,"column":12},"end":{"line":1188,"column":null}},"708":{"start":{"line":1186,"column":16},"end":{"line":1186,"column":32}},"709":{"start":{"line":1187,"column":16},"end":{"line":1187,"column":48}},"710":{"start":{"line":1190,"column":8},"end":{"line":1192,"column":null}},"711":{"start":{"line":1191,"column":12},"end":{"line":1191,"column":34}},"712":{"start":{"line":1194,"column":4},"end":{"line":1194,"column":15}},"713":{"start":{"line":1180,"column":0},"end":{"line":1180,"column":16}},"714":{"start":{"line":1204,"column":60},"end":{"line":1204,"column":84}},"715":{"start":{"line":1204,"column":84},"end":{"line":1204,"column":120}},"716":{"start":{"line":1204,"column":120},"end":{"line":1204,"column":null}},"717":{"start":{"line":1206,"column":22},"end":{"line":1206,"column":52}},"718":{"start":{"line":1207,"column":20},"end":{"line":1207,"column":68}},"719":{"start":{"line":1208,"column":8},"end":{"line":1208,"column":44}},"720":{"start":{"line":1211,"column":25},"end":{"line":1211,"column":39}},"721":{"start":{"line":1212,"column":21},"end":{"line":1212,"column":31}},"722":{"start":{"line":1214,"column":26},"end":{"line":1214,"column":54}},"723":{"start":{"line":1215,"column":22},"end":{"line":1215,"column":46}},"724":{"start":{"line":1217,"column":21},"end":{"line":1217,"column":73}},"725":{"start":{"line":1219,"column":18},"end":{"line":1219,"column":52}},"726":{"start":{"line":1220,"column":24},"end":{"line":1220,"column":29}},"727":{"start":{"line":1221,"column":4},"end":{"line":1236,"column":null}},"728":{"start":{"line":1222,"column":8},"end":{"line":1235,"column":null}},"729":{"start":{"line":1222,"column":27},"end":{"line":1222,"column":38}},"730":{"start":{"line":1222,"column":36},"end":{"line":1222,"column":38}},"731":{"start":{"line":1222,"column":23},"end":{"line":1222,"column":27}},"732":{"start":{"line":1223,"column":12},"end":{"line":1225,"column":null}},"733":{"start":{"line":1224,"column":16},"end":{"line":1224,"column":128}},"734":{"start":{"line":1224,"column":35},"end":{"line":1224,"column":128}},"735":{"start":{"line":1226,"column":12},"end":{"line":1234,"column":null}},"736":{"start":{"line":1228,"column":19},"end":{"line":1234,"column":null}},"737":{"start":{"line":1229,"column":37},"end":{"line":1229,"column":55}},"738":{"start":{"line":1230,"column":16},"end":{"line":1230,"column":null}},"739":{"start":{"line":1232,"column":16},"end":{"line":1232,"column":37}},"740":{"start":{"line":1233,"column":16},"end":{"line":1233,"column":68}},"741":{"start":{"line":1238,"column":34},"end":{"line":1238,"column":83}},"742":{"start":{"line":1239,"column":37},"end":{"line":1239,"column":60}},"743":{"start":{"line":1242,"column":4},"end":{"line":1244,"column":null}},"744":{"start":{"line":1243,"column":8},"end":{"line":1243,"column":37}},"745":{"start":{"line":1245,"column":4},"end":{"line":1247,"column":null}},"746":{"start":{"line":1246,"column":8},"end":{"line":1246,"column":37}},"747":{"start":{"line":1248,"column":4},"end":{"line":1248,"column":19}},"748":{"start":{"line":1204,"column":0},"end":{"line":1204,"column":16}},"749":{"start":{"line":1255,"column":4},"end":{"line":1255,"column":78}},"750":{"start":{"line":1255,"column":27},"end":{"line":1255,"column":37}},"751":{"start":{"line":1255,"column":47},"end":{"line":1255,"column":50}},"752":{"start":{"line":1255,"column":68},"end":{"line":1255,"column":75}},"753":{"start":{"line":1254,"column":0},"end":{"line":1254,"column":16}},"754":{"start":{"line":1262,"column":4},"end":{"line":1262,"column":79}},"755":{"start":{"line":1262,"column":47},"end":{"line":1262,"column":78}},"756":{"start":{"line":1261,"column":0},"end":{"line":1261,"column":16}},"757":{"start":{"line":1285,"column":4},"end":{"line":1288,"column":21}},"758":{"start":{"line":1286,"column":8},"end":{"line":1286,"column":21}},"759":{"start":{"line":1287,"column":9},"end":{"line":1288,"column":21}},"760":{"start":{"line":1288,"column":8},"end":{"line":1288,"column":21}},"761":{"start":{"line":1289,"column":4},"end":{"line":1289,"column":16}},"762":{"start":{"line":1284,"column":0},"end":{"line":1284,"column":16}},"763":{"start":{"line":1296,"column":8},"end":{"line":1301,"column":null}},"764":{"start":{"line":1297,"column":12},"end":{"line":1297,"column":52}},"765":{"start":{"line":1298,"column":12},"end":{"line":1298,"column":21}},"766":{"start":{"line":1299,"column":12},"end":{"line":1299,"column":24}},"767":{"start":{"line":1300,"column":12},"end":{"line":1300,"column":21}},"768":{"start":{"line":1303,"column":13},"end":{"line":1303,"column":24}},"769":{"start":{"line":1304,"column":4},"end":{"line":1304,"column":24}},"770":{"start":{"line":1306,"column":4},"end":{"line":1306,"column":15}},"771":{"start":{"line":1293,"column":0},"end":{"line":1293,"column":16}},"772":{"start":{"line":1315,"column":16},"end":{"line":1315,"column":18}},"773":{"start":{"line":1316,"column":4},"end":{"line":1319,"column":null}},"774":{"start":{"line":1317,"column":22},"end":{"line":1317,"column":30}},"775":{"start":{"line":1318,"column":8},"end":{"line":1318,"column":45}},"776":{"start":{"line":1320,"column":4},"end":{"line":1320,"column":43}},"777":{"start":{"line":1314,"column":0},"end":{"line":1314,"column":16}},"778":{"start":{"line":1324,"column":24},"end":{"line":1324,"column":53}},"779":{"start":{"line":1326,"column":4},"end":{"line":1331,"column":null}},"780":{"start":{"line":1326,"column":20},"end":{"line":1326,"column":25}},"781":{"start":{"line":1326,"column":23},"end":{"line":1326,"column":25}},"782":{"start":{"line":1326,"column":16},"end":{"line":1326,"column":20}},"783":{"start":{"line":1327,"column":8},"end":{"line":1330,"column":21}},"784":{"start":{"line":1328,"column":12},"end":{"line":1328,"column":18}},"785":{"start":{"line":1329,"column":13},"end":{"line":1330,"column":21}},"786":{"start":{"line":1330,"column":12},"end":{"line":1330,"column":21}},"787":{"start":{"line":1333,"column":20},"end":{"line":1333,"column":22}},"788":{"start":{"line":1335,"column":15},"end":{"line":1338,"column":5}},"789":{"start":{"line":1336,"column":8},"end":{"line":1336,"column":40}},"790":{"start":{"line":1336,"column":31},"end":{"line":1336,"column":40}},"791":{"start":{"line":1337,"column":8},"end":{"line":1337,"column":17}},"792":{"start":{"line":1340,"column":18},"end":{"line":1340,"column":47}},"793":{"start":{"line":1340,"column":44},"end":{"line":1340,"column":87}},"794":{"start":{"line":1340,"column":71},"end":{"line":1340,"column":86}},"795":{"start":{"line":1342,"column":19},"end":{"line":1342,"column":66}},"796":{"start":{"line":1342,"column":32},"end":{"line":1342,"column":66}},"797":{"start":{"line":1343,"column":19},"end":{"line":1346,"column":6}},"798":{"start":{"line":1343,"column":35},"end":{"line":1346,"column":6}},"799":{"start":{"line":1345,"column":19},"end":{"line":1345,"column":38}},"800":{"start":{"line":1348,"column":20},"end":{"line":1348,"column":65}},"801":{"start":{"line":1349,"column":4},"end":{"line":1352,"column":6}},"802":{"start":{"line":1350,"column":22},"end":{"line":1350,"column":35}},"803":{"start":{"line":1351,"column":19},"end":{"line":1351,"column":26}},"804":{"start":{"line":1324,"column":0},"end":{"line":1324,"column":16}},"805":{"start":{"line":1357,"column":4},"end":{"line":1357,"column":36}},"806":{"start":{"line":1357,"column":26},"end":{"line":1357,"column":36}},"807":{"start":{"line":1359,"column":18},"end":{"line":1359,"column":41}},
[...]
":31}},"loc":{"start":{"line":122,"column":38},"end":{"line":122,"column":50}}},"11":{"name":"syncFail","decl":{"start":{"line":128,"column":16},"end":{"line":128,"column":24}},"loc":{"start":{"line":128,"column":36},"end":{"line":130,"column":1}}},"12":{"name":"(anonymous_14)","decl":{"start":{"line":129,"column":32},"end":{"line":129,"column":33}},"loc":{"start":{"line":129,"column":48},"end":{"line":129,"column":59}}}},"branchMap":{"0":{"loc":{"start":{"line":48,"column":8},"end":{"line":49,"column":69}},"type":"if","locations":[{"start":{"line":48,"column":8},"end":{"line":49,"column":69}},{"start":{"line":48,"column":8},"end":{"line":49,"column":69}}]},"1":{"loc":{"start":{"line":52,"column":12},"end":{"line":57,"column":42}},"type":"switch","locations":[{"start":{"line":52,"column":12},"end":{"line":57,"column":42}},{"start":{"line":58,"column":12},"end":{"line":63,"column":34}}]},"2":{"loc":{"start":{"line":53,"column":16},"end":{"line":55,"column":null}},"type":"if","locations":[{"start":{"line":53,"column":16},"end":{"line":55,"column":null}},{"start":{"line":53,"column":16},"end":{"line":55,"column":null}}]},"3":{"loc":{"start":{"line":59,"column":16},"end":{"line":61,"column":null}},"type":"if","locations":[{"start":{"line":59,"column":16},"end":{"line":61,"column":null}},{"start":{"line":59,"column":16},"end":{"line":61,"column":null}}]},"4":{"loc":{"start":{"line":73,"column":12},"end":{"line":86,"column":null}},"type":"switch","locations":[{"start":{"line":73,"column":12},"end":{"line":86,"column":null}},{"start":{"line":87,"column":12},"end":{"line":99,"column":null}},{"start":{"line":100,"column":12},"end":{"line":111,"column":null}}]},"5":{"loc":{"start":{"line":79,"column":28},"end":{"line":83,"column":null}},"type":"if","locations":[{"start":{"line":79,"column":28},"end":{"line":83,"column":null}},{"start":{"line":79,"column":28},"end":{"line":83,"column":null}}]},"6":{"loc":{"start":{"line":79,"column":32},"end":{"line":79,"column":57}},"type":"binary-expr","locations":[{"start":{"line":79,"column":32},"end":{"line":79,"column":57}},{"start":{"line":79,"column":61},"end":{"line":79,"column":71}}]},"7":{"loc":{"start":{"line":89,"column":20},"end":{"line":97,"column":null}},"type":"if","locations":[{"start":{"line":89,"column":20},"end":{"line":97,"column":null}},{"start":{"line":89,"column":20},"end":{"line":97,"column":null}}]},"8":{"loc":{"start":{"line":91,"column":24},"end":{"line":95,"column":null}},"type":"if","locations":[{"start":{"line":91,"column":24},"end":{"line":95,"column":null}},{"start":{"line":91,"column":24},"end":{"line":95,"column":null}}]},"9":{"loc":{"start":{"line":102,"column":20},"end":{"line":108,"column":null}},"type":"if","locations":[{"start":{"line":102,"column":20},"end":{"line":108,"column":null}},{"start":{"line":102,"column":20},"end":{"line":108,"column":null}}]},"10":{"loc":{"start":{"line":104,"column":24},"end":{"line":107,"column":52}},"type":"if","locations":[{"start":{"line":104,"column":24},"end":{"line":107,"column":52}},{"start":{"line":104,"column":24},"end":{"line":107,"column":52}}]}},"s":{"0":9,"1":9,"2":72,"3":72,"4":467,"5":467,"6":467,"7":72,"8":99,"9":99,"10":99,"11":72,"12":72,"13":566,"14":566,"15":566,"16":378,"17":378,"18":72,"19":72,"20":378,"21":0,"22":378,"23":279,"24":279,"25":0,"26":99,"27":65,"28":34,"29":72,"30":9,"31":49,"32":49,"33":28,"34":28,"35":28,"36":378,"37":378,"38":344,"39":34,"40":20,"41":19,"42":19,"43":0,"44":19,"45":1,"46":1,"47":1,"48":1,"49":0,"50":1,"51":0,"52":0,"53":9,"54":9,"55":28,"56":28,"57":9,"58":0,"59":0,"60":9},"f":{"0":9,"1":72,"2":467,"3":99,"4":566,"5":378,"6":49,"7":28,"8":378,"9":28,"10":28,"11":0,"12":0},"b":{"0":[0,378],"1":[279,99],"2":[279,0],"3":[65,34],"4":[28,20,1],"5":[344,34],"6":[378,99],"7":[19,1],"8":[0,19],"9":[1,0],"10":[0,1]}}
,"C:\\Repos\\Kea Software\\Librerias\\pureutils\\src\\strings\\index.ts": {"path":"C:\\Repos\\Kea Software\\Librerias\\pureutils\\src\\strings\\index.ts","statementMap":{"0":{"start":{"line":1,"column":0},"end":{"line":1,"column":26}},"1":{"start":{"line":2,"column":0},"end":{"line":2,"column":24}},"2":{"start":{"line":3,"column":0},"end":{"line":3,"column":27}}},"fnMap":{},"branchMap":{},"s":{"0":2,"1":2,"2":2},"f":{},"b":{}}
,"C:\\Repos\\Kea Software\\Librerias\\pureutils\\src\\strings\\regex.ts": {"path":"C:\\Repos\\Kea Software\\Librerias\\pureutils\\src\\strings\\regex.ts","statementMap":{"0":{"start":{"line":1,"column":0},"end":{"line":1,"column":57}},"1":{"start":{"line":17,"column":16},"end":{"line":17,"column":17}},"2":{"start":{"line":18,"column":28},"end":{"line":18,"column":30}},"3":{"start":{"line":21,"column":21},"end":{"line":21,"column":39}},"4":{"start":{"line":23,"column":12},"end":{"line":28,"column":44}},"5":{"start":{"line":24,"column":30},"end":{"line":27,"column":19}},"6":{"start":{"line":28,"column":29},"end":{"line":28,"column":44}},"7":{"start":{"line":31,"column":46},"end":{"line":31,"column":84}},"8":{"start":{"line":31,"column":68},"end":{"line":31,"column":81}},"9":{"start":{"line":33,"column":8},"end":{"line":36,"column":null}},"10":{"start":{"line":38,"column":23},"end":{"line":38,"column":38}},"11":{"start":{"line":39,"column":22},"end":{"line":39,"column":31}},"12":{"start":{"line":40,"column":23},"end":{"line":40,"column":38}},"13":{"start":{"line":42,"column":8},"end":{"line":47,"column":null}},"14":{"start":{"line":44,"column":12},"end":{"line":46,"column":15}},"15":{"start":{"line":49,"column":8},"end":{"line":53,"column":11}},"16":{"start":{"line":54,"column":8},"end":{"line":54,"column":45}},"17":{"start":{"line":19,"column":4},"end":{"line":55,"column":null}},"18":{"start":{"line":57,"column":4},"end":{"line":62,"column":null}},"19":{"start":{"line":58,"column":19},"end":{"line":58,"column":37}},"20":{"start":{"line":59,"column":8},"end":{"line":61,"column":11}},"21":{"start":{"line":64,"column":4},"end":{"line":64,"column":15}},"22":{"start":{"line":16,"column":0},"end":{"line":16,"column":16}}},"fnMap":{"0":{"name":"regexParse","decl":{"start":{"line":16,"column":16},"end":{"line":16,"column":26}},"loc":{"start":{"line":16,"column":59},"end":{"line":65,"column":1}}},"1":{"name":"(anonymous_2)","decl":{"start":{"line":24,"column":21},"end":{"line":24,"column":26}},"loc":{"start":{"line":24,"column":26},"end":{"line":24,"column":31}}},"2":{"name":"(anonymous_3)","decl":{"start":{"line":28,"column":24},"end":{"line":28,"column":25}},"loc":{"start":{"line":28,"column":25},"end":{"line":28,"column":30}}},"3":{"name":"(anonymous_4)","decl":{"start":{"line":31,"column":63},"end":{"line":31,"column":64}},"loc":{"start":{"line":31,"column":64},"end":{"line":31,"column":69}}}},"branchMap":{"0":{"loc":{"start":{"line":33,"column":8},"end":{"line":36,"column":null}},"type":"if","locations":[{"start":{"line":33,"column":8},"end":{"line":36,"column":null}},{"start":{"line":33,"column":8},"end":{"line":36,"column":null}}]},"1":{"loc":{"start":{"line":42,"column":8},"end":{"line":47,"column":null}},"type":"if","locations":[{"start":{"line":42,"column":8},"end":{"line":47,"column":null}},{"start":{"line":42,"column":8},"end":{"line":47,"column":null}}]},"2":{"loc":{"start":{"line":57,"column":4},"end":{"line":62,"column":null}},"type":"if","locations":[{"start":{"line":57,"column":4},"end":{"line":62,"column":null}},{"start":{"line":57,"column":4},"end":{"line":62,"column":null}}]}},"s":{"0":3,"1":1,"2":1,"3":7,"4":7,"5":21,"6":21,"7":7,"8":34,"9":7,"10":7,"11":7,"12":7,"13":7,"14":2,"15":7,"16":7,"17":1,"18":1,"19":0,"20":0,"21":1,"22":3},"f":{"0":1,"1":21,"2":21,"3":34},"b":{"0":[0,7],"1":[2,5],"2":[0,1]}}
,"C:\\Repos\\Kea Software\\Librerias\\pureutils\\src\\strings\\strings.ts": {"path":"C:\\Repos\\Kea Software\\Librerias\\pureutils\\src\\strings\\strings.ts","statementMap":{"0":{"start":{"line":5,"column":4},"end":{"line":14,"column":null}},"1":{"start":{"line":6,"column":22},"end":{"line":6,"column":44}},"2":{"start":{"line":7,"column":8},"end":{"line":8,"column":29}},"3":{"start":{"line":8,"column":12},"end":{"line":8,"column":29}},"4":{"start":{"line":10,"column":8},"end":{"line":13,"column":10}},"5":{"start":{"line":17,"column":23},"end":{"line":17,"column":42}},"6":{"start":{"line":18,"column":8},"end":{"line":19,"column":29}},"7":{"start":{"line":19,"column":12},"end":{"line":19,"column":29}},"8":{"start":{"line":21,"column":20},"end":{"line":21,"column":37}},"9":{"start":{"line":22,"column":8},"end":{"line":25,"column":10}},"10":{"start":{"line":31,"column":19},"end":{"line":31,"column":43}},"11":{"start":{"line":32,"column":17},"end":{"line":32,"column":41}},"12":{"start":{"line":34,"column":4},"end":{"line":35,"column":25}},"13":{"start":{"line":35,"column":8},"end":{"line":35,"column":25}},"14":{"start":{"line":37,"column":4},"end":{"line":39,"column":null}},"15":{"start":{"line":45,"column":16},"end":{"line":45,"column":17}},"16":{"start":{"line":46,"column":22},"end":{"line":46,"column":24}},"17":{"start":{"line":47,"column":4},"end":{"line":59,"column":null}},"18":{"start":{"line":48,"column":21},"end":{"line":48,"column":53}},"19":{"start":{"line":49,"column":8},"end":{"line":51,"column":null}},"20":{"start":{"line":50,"column":12},"end":{"line":50,"column":23}},"21":{"start":{"line":53,"column":8},"end":{"line":53,"column":23}},"22":{"start":{"line":54,"column":26},"end":{"line":54,"column":47}},"23":{"start":{"line":55,"column":8},"end":{"line":57,"column":null}},"24":{"start":{"line":56,"column":12},"end":{"line":56,"column":115}},"25":{"start":{"line":58,"column":8},"end":{"line":58,"column":26}},"26":{"start":{"line":61,"column":4},"end":{"line":61,"column":15}},"27":{"start":{"line":44,"column":0},"end":{"line":44,"column":16}},"28":{"start":{"line":84,"column":13},"end":{"line":84,"column":20}},"29":{"start":{"line":86,"column":24},"end":{"line":86,"column":26}},"30":{"start":{"line":88,"column":21},"end":{"line":88,"column":26}},"31":{"start":{"line":89,"column":8},"end":{"line":89,"column":29}},"32":{"start":{"line":92,"column":23},"end":{"line":92,"column":59}},"33":{"start":{"line":94,"column":8},"end":{"line":97,"column":15}},"34":{"start":{"line":94,"column":39},"end":{"line":97,"column":14}},"35":{"start":{"line":87,"column":4},"end":{"line":98,"column":null}},"36":{"start":{"line":87,"column":17},"end":{"line":87,"column":18}},"37":{"start":{"line":87,"column":13},"end":{"line":87,"column":17}},"38":{"start":{"line":100,"column":4},"end":{"line":100,"column":15}},"39":{"start":{"line":82,"column":0},"end":{"line":82,"column":16}}},"fnMap":{"0":{"name":"indexOf","decl":{"start":{"line":4,"column":9},"end":{"line":4,"column":16}},"loc":{"start":{"line":4,"column":56},"end":{"line":27,"column":1}}},"1":{"name":"indexOfAt","decl":{"start":{"line":30,"column":9},"end":{"line":30,"column":18}},"loc":{"start":{"line":30,"column":78},"end":{"line":41,"column":1}}},"2":{"name":"findAll","decl":{"start":{"line":44,"column":16},"end":{"line":44,"column":23}},"loc":{"start":{"line":44,"column":63},"end":{"line":62,"column":1}}},"3":{"name":"getReplaceAllIndices","decl":{"start":{"line":82,"column":16},"end":{"line":82,"column":36}},"loc":{"start":{"line":82,"column":77},"end":{"line":101,"column":1}}},"4":{"name":"(anonymous_7)","decl":{"start":{"line":94,"column":34},"end":{"line":94,"column":35}},"loc":{"start":{"line":94,"column":35},"end":{"line":94,"column":40}}}},"branchMap":{"0":{"loc":{"start":{"line":5,"column":4},"end":{"line":14,"column":null}},"type":"if","locations":[{"start":{"line":5,"column":4},"end":{"line":14,"column":null}},{"start":{"line":5,"column":4},"end":{"line":14,"column":null}}]},"1":{"loc":{"start":{"line":7,"column":8},"end":{"line":8,"column":29}},"type":"if","locations":[{"start":{"line":7,"column":8},"end":{"line":8,"column":29}},{"start":{"line":7,"column":8},"end":{"line":8,"column":29}}]},"2":{"loc":{"start":{"line":18,"column":8},"end":{"line":19,"column":29}},"type":"if","locations":[{"start":{"line":18,"column":8},"end":{"line":19,"column":29}},{"start":{"line":18,"column":8},"end":{"line":19,"column":29}}]},"3":{"loc":{"start":{"line":34,"column":4},"end":{"line":35,"column":25}},"type":"if","locations":[{"start":{"line":34,"column":4},"end":{"line":35,"column":25}},{"start":{"line":34,"column":4},"end":{"line":35,"column":25}}]},"4":{"loc":{"start":{"line":49,"column":8},"end":{"line":51,"column":null}},"type":"if","locations":[{"start":{"line":49,"column":8},"end":{"line":51,"column":null}},{"start":{"line":49,"column":8},"end":{"line":51,"column":null}}]},"5":{"loc":{"start":{"line":55,"column":8},"end":{"line":57,"column":null}},"type":"if","locations":[{"start":{"line":55,"column":8},"end":{"line":57,"column":null}},{"start":{"line":55,"column":8},"end":{"line":57,"column":null}}]},"6":{"loc":{"start":{"line":94,"column":62},"end":{"line":96,"column":null}},"type":"cond-expr","locations":[{"start":{"line":94,"column":62},"end":{"line":96,"column":null}},{"start":{"line":97,"column":12},"end":{"line":97,"column":13}}]}},"s":{"0":8,"1":0,"2":0,"3":0,"4":0,"5":8,"6":8,"7":0,"8":8,"9":8,"10":8,"11":8,"12":8,"13":0,"14":8,"15":4,"16":4,"17":4,"18":8,"19":8,"20":0,"21":8,"22":8,"23":8,"24":1,"25":7,"26":3,"27":2,"28":3,"29":3,"30":7,"31":7,"32":7,"33":7,"34":17,"35":3,"36":3,"37":7,"38":3,"39":2},"f":{"0":8,"1":8,"2":4,"3":3,"4":17},"b":{"0":[0,8],"1":[0,0],"2":[0,8],"3":[0,8],"4":[0,8],"5":[1,7],"6":[12,5]}}
,"C:\\Repos\\Kea Software\\Librerias\\pureutils\\src\\strings\\distance\\index.ts": {"path":"C:\\Repos\\Kea Software\\Librerias\\pureutils\\src\\strings\\distance\\index.ts","statementMap":{"0":{"start":{"line":1,"column":0},"end":{"line":1,"column":29}}},"fnMap":{},"branchMap":{},"s":{"0":2},"f":{},"b":{}}
,"C:\\Repos\\Kea Software\\Librerias\\pureutils\\src\\strings\\distance\\moveRemove.ts": {"path":"C:\\Repos\\Kea Software\\Librerias\\pureutils\\src\\strings\\distance\\moveRemove.ts","statementMap":{"0":{"start":{"line":1,"column":0},"end":{"line":1,"column":85}},"1":{"start":{"line":39,"column":4},"end":{"line":68,"column":null}},"2":{"start":{"line":41,"column":12},"end":{"line":41,"column":120}},"3":{"start":{"line":43,"column":12},"end":{"line":43,"column":103}},"4":{"start":{"line":45,"column":12},"end":{"line":46,"column":30}},"5":{"start":{"line":46,"column":16},"end":{"line":46,"column":30}},"6":{"start":{"line":48,"column":12},"end":{"line":53,"column":14}},"7":{"start":{"line":49,"column":16},"end":{"line":52,"column":null}},"8":{"start":{"line":55,"column":12},"end":{"line":58,"column":null}},"9":{"start":{"line":62,"column":12},"end":{"line":64,"column":73}},"10":{"start":{"line":67,"column":12},"end":{"line":67,"column":43}},"11":{"start":{"line":38,"column":0},"end":{"line":38,"column":16}},"12":{"start":{"line":75,"column":15},"end":{"line":75,"column":40}},"13":{"start":{"line":77,"column":12},"end":{"line":77,"column":13}},"14":{"start":{"line":79,"column":33},"end":{"line":79,"column":35}},"15":{"start":{"line":81,"column":8},"end":{"line":85,"column":null}},"16":{"start":{"line":83,"column":12},"end":{"line":83,"column":16}},"17":{"start":{"line":87,"column":25},"end":{"line":87,"column":32}},"18":{"start":{"line":88,"column":32},"end":{"line":88,"column":69}},"19":{"start":{"line":88,"column":53},"end":{"line":88,"column":69}},"20":{"start":{"line":89,"column":8},"end":{"line":101,"column":null}},"21":{"start":{"line":91,"column":41},"end":{"line":95,"column":14}},"22":{"start":{"line":96,"column":12},"end":{"line":96,"column":26}},"23":{"start":{"line":98,"column":12},"end":{"line":98,"column":53}},"24":{"start":{"line":99,"column":12},"end":{"line":99,"column":16}},"25":{"start":{"line":105,"column":32},"end":{"line":105,"column":69}},"26":{"start":{"line":105,"column":53},"end":{"line":105,"column":69}},"27":{"start":{"line":106,"column":25},"end":{"line":106,"column":52}},"28":{"start":{"line":107,"column":8},"end":{"line":118,"column":null}},"29":{"start":{"line":108,"column":41},"end":{"line":112,"column":14}},"30":{"start":{"line":113,"column":12},"end":{"line":113,"column":26}},"31":{"start":{"line":115,"column":12},"end":{"line":115,"column":53}},"32":{"start":{"line":116,"column":12},"end":{"line":116,"column":16}},"33":{"start":{"line":122,"column":41},"end":{"line":126,"column":null}},"34":{"start":{"line":127,"column":12},"end":{"line":127,"column":26}},"35":{"start":{"line":129,"column":12},"end":{"line":129,"column":53}},"36":{"start":{"line":130,"column":12},"end":{"line":130,"column":16}},"37":{"start":{"line":80,"column":4},"end":{"line":133,"column":null}},"38":{"start":{"line":135,"column":26},"end":{"line":135,"column":27}},"39":{"start":{"line":136,"column":4},"end":{"line":143,"column":null}},"40":{"start":{"line":138,"column":8},"end":{"line":141,"column":11}},"41":{"start":{"line":142,"column":8},"end":{"line":142,"column":12}},"42":{"start":{"line":145,"column":4},"end":{"line":145,"column":15}},"43":{"start":{"line":74,"column":0},"end":{"line":74,"column":16}}},"fnMap":{"0":{"name":"applyStringMove","decl":{"start":{"line":38,"column":16},"end":{"line":38,"column":31}},"loc":{"start":{"line":38,"column":69},"end":{"line":69,"column":1}}},"1":{"name":"getStringMoves","decl":{"start":{"line":74,"column":16},"end":{"line":74,"column":30}},"loc":{"start":{"line":74,"column":95},"end":{"line":146,"column":1}}},"2":{"name":"(anonymous_3)","decl":{"start":{"line":88,"column":48},"end":{"line":88,"column":49}},"loc":{"start":{"line":88,"column":49},"end":{"line":88,"column":55}}},"3":{"name":"(anonymous_4)","decl":{"start":{"line":105,"column":48},"end":{"line":105,"column":49}},"loc":{"start":{"line":105,"column":49},"end":{"line":105,"column":55}}}},"branchMap":{"0":{"loc":{"start":{"line":40,"column":8},"end":{"line":41,"column":120}},"type":"switch","locations":[{"start":{"line":40,"column":8},"end":{"line":41,"column":120}},{"start":{"line":42,"column":8},"end":{"line":43,"column":103}},{"start":{"line":44,"column":8},"end":{"line":60,"column":null}},{"start":{"line":61,"column":8},"end":{"line":65,"column":null}},{"start":{"line":66,"column":8},"end":{"line":67,"column":43}}]},"1":{"loc":{"start":{"line":45,"column":12},"end":{"line":46,"column":30}},"type":"if","locations":[{"start":{"line":45,"column":12},"end":{"line":46,"column":30}},{"start":{"line":45,"column":12},"end":{"line":46,"column":30}}]},"2":{"loc":{"start":{"line":48,"column":12},"end":{"line":53,"column":14}},"type":"if","locations":[{"start":{"line":48,"column":12},"end":{"line":53,"column":14}},{"start":{"line":48,"column":12},"end":{"line":53,"column":14}}]},"3":{"loc":{"start":{"line":75,"column":15},"end":{"line":75,"column":21}},"type":"binary-expr","locations":[{"start":{"line":75,"column":15},"end":{"line":75,"column":21}},{"start":{"line":75,"column":25},"end":{"line":75,"column":40}}]},"4":{"loc":{"start":{"line":81,"column":8},"end":{"line":85,"column":null}},"type":"if","locations":[{"start":{"line":81,"column":8},"end":{"line":85,"column":null}},{"start":{"line":81,"column":8},"end":{"line":85,"column":null}}]},"5":{"loc":{"start":{"line":89,"column":8},"end":{"line":101,"column":null}},"type":"if","locations":[{"start":{"line":89,"column":8},"end":{"line":101,"column":null}},{"start":{"line":89,"column":8},"end":{"line":101,"column":null}}]},"6":{"loc":{"start":{"line":107,"column":8},"end":{"line":118,"column":null}},"type":"if","locations":[{"start":{"line":107,"column":8},"end":{"line":118,"column":null}},{"start":{"line":107,"column":8},"end":{"line":118,"column":null}}]}},"s":{"0":3,"1":117,"2":5,"3":26,"4":25,"5":0,"6":25,"7":1,"8":24,"9":61,"10":0,"11":3,"12":22,"13":22,"14":22,"15":90,"16":46,"17":44,"18":44,"19":106,"20":44,"21":2,"22":2,"23":2,"24":2,"25":42,"26":234,"27":42,"28":42,"29":30,"30":30,"31":30,"32":30,"33":12,"34":12,"35":12,"36":12,"37":22,"38":22,"39":22,"40":28,"41":28,"42":22,"43":3},"f":{"0":117,"1":22,"2":106,"3":234},"b":{"0":[5,26,25,61,0],"1":[0,25],"2":[1,24],"3":[22,22],"4":[46,44],"5":[2,42],"6":[30,12]}}
}
