TN:
SF:src\base64.ts
FN:2,blobToBase64
FN:3,(anonymous_1)
FN:5,(anonymous_2)
FN:24,base64ToString
FN:29,stringToBase64
FN:34,base64ToBlob
FN:44,stringToBlob
FN:66,blobToString
FN:69,(anonymous_8)
FN:70,(anonymous_9)
FNF:10
FNH:2
FNDA:0,blobToBase64
FNDA:0,(anonymous_1)
FNDA:0,(anonymous_2)
FNDA:1,base64ToString
FNDA:1,stringToBase64
FNDA:0,base64ToBlob
FNDA:0,stringToBlob
FNDA:0,blobToString
FNDA:0,(anonymous_8)
FNDA:0,(anonymous_9)
DA:2,1
DA:3,0
DA:4,0
DA:5,0
DA:6,0
DA:7,0
DA:8,0
DA:12,0
DA:13,0
DA:15,0
DA:16,0
DA:17,0
DA:19,0
DA:24,1
DA:25,1
DA:29,1
DA:30,1
DA:34,1
DA:38,0
DA:39,0
DA:40,0
DA:44,1
DA:45,0
DA:46,0
DA:48,0
DA:49,0
DA:51,0
DA:52,0
DA:53,0
DA:56,0
DA:58,0
DA:61,0
DA:62,0
DA:66,1
DA:67,0
DA:69,0
DA:70,0
DA:71,0
DA:72,0
DA:75,0
DA:78,0
LF:41
LH:8
BRDA:7,0,0,0
BRDA:7,0,1,0
BRDA:12,1,0,0
BRDA:12,1,1,0
BRDA:38,2,0,0
BRDA:38,2,1,0
BRDA:71,3,0,0
BRDA:71,3,1,0
BRF:8
BRH:0
end_of_record
TN:
SF:src\compare.ts
FN:21,referenceFuncIgnoreEquals
FN:39,shallowEqualsCustom
FN:46,(anonymous_2)
FN:52,(anonymous_3)
FNF:4
FNH:4
FNDA:4,referenceFuncIgnoreEquals
FNDA:4,shallowEqualsCustom
FNDA:12,(anonymous_2)
FNDA:12,(anonymous_3)
DA:1,2
DA:21,2
DA:22,4
DA:23,3
DA:26,1
DA:39,2
DA:45,4
DA:46,12
DA:52,12
DA:53,4
DA:54,4
LF:11
LH:11
BRDA:22,0,0,3
BRDA:22,0,1,1
BRDA:22,1,0,4
BRDA:22,1,1,4
BRDA:47,2,0,12
BRDA:47,2,1,4
BRDA:47,2,2,0
BRF:7
BRH:6
end_of_record
TN:
SF:src\dates.ts
FN:3,truncateDate
FN:30,addDate
FNF:2
FNH:2
FNDA:7,truncateDate
FNDA:6,addDate
DA:3,1
DA:4,7
DA:5,7
DA:6,7
DA:7,7
DA:8,7
DA:9,7
DA:11,7
DA:13,1
DA:15,1
DA:17,1
DA:19,1
DA:21,1
DA:23,1
DA:25,1
DA:30,1
DA:31,6
DA:32,6
DA:34,1
DA:36,1
DA:38,1
DA:40,0
DA:44,1
DA:45,1
DA:46,1
DA:50,1
DA:51,1
DA:52,1
DA:56,1
DA:57,1
DA:58,1
LF:31
LH:30
BRDA:12,0,0,1
BRDA:12,0,1,1
BRDA:12,0,2,1
BRDA:12,0,3,1
BRDA:12,0,4,1
BRDA:12,0,5,1
BRDA:12,0,6,1
BRDA:33,1,0,1
BRDA:33,1,1,1
BRDA:33,1,2,1
BRDA:33,1,3,0
BRDA:33,1,4,1
BRDA:33,1,5,1
BRDA:33,1,6,1
BRF:14
BRH:13
end_of_record
TN:
SF:src\debounce.ts
FN:6,debounceSync
FN:7,(anonymous_1)
FN:7,(anonymous_2)
FN:12,(anonymous_3)
FN:20,(anonymous_4)
FN:27,(anonymous_5)
FN:42,(anonymous_6)
FN:46,(anonymous_7)
FNF:8
FNH:0
FNDA:0,debounceSync
FNDA:0,(anonymous_1)
FNDA:0,(anonymous_2)
FNDA:0,(anonymous_3)
FNDA:0,(anonymous_4)
FNDA:0,(anonymous_5)
FNDA:0,(anonymous_6)
FNDA:0,(anonymous_7)
DA:1,1
DA:6,1
DA:7,0
DA:8,0
DA:10,0
DA:11,0
DA:12,0
DA:13,0
DA:15,0
DA:16,0
DA:20,0
DA:21,0
DA:22,0
DA:24,0
DA:25,0
DA:26,0
DA:27,0
DA:29,0
DA:30,0
DA:33,0
DA:36,0
DA:37,0
DA:38,0
DA:40,0
DA:43,0
DA:44,0
DA:45,0
DA:47,0
DA:48,0
DA:49,0
DA:52,0
LF:31
LH:2
BRDA:13,0,0,0
BRDA:13,0,1,0
BRDA:13,1,0,0
BRDA:13,1,1,0
BRDA:21,2,0,0
BRDA:21,2,1,0
BRDA:29,3,0,0
BRDA:29,3,1,0
BRF:8
BRH:0
end_of_record
TN:
SF:src\diacritics.ts
FN:99,removeDiacritics
FN:100,(anonymous_1)
FNF:2
FNH:2
FNDA:8,removeDiacritics
FNDA:4,(anonymous_1)
DA:1,1
DA:90,1
DA:91,1
DA:92,86
DA:93,86
DA:94,875
DA:99,1
DA:100,8
DA:101,4
LF:9
LH:9
BRDA:101,0,0,4
BRDA:101,0,1,0
BRF:2
BRH:1
end_of_record
TN:
SF:src\index.ts
FNF:0
FNH:0
DA:1,1
DA:2,1
DA:3,1
DA:4,1
DA:5,1
DA:6,1
DA:7,1
DA:8,1
DA:10,1
DA:11,1
DA:12,1
LF:11
LH:11
BRF:0
BRH:0
end_of_record
TN:
SF:src\interop.ts
FN:11,interopRequireDefault
FNF:1
FNH:0
FNDA:0,interopRequireDefault
DA:11,1
DA:12,0
DA:13,0
LF:3
LH:1
BRDA:13,0,0,0
BRDA:13,0,1,0
BRF:2
BRH:0
end_of_record
TN:
SF:src\logic.ts
FN:13,all
FN:14,(anonymous_5)
FN:27,allEqual
FN:44,any
FN:56,contains
FN:58,(anonymous_9)
FN:62,containsAll
FN:63,(anonymous_11)
FN:67,containsAny
FN:68,(anonymous_13)
FN:76,referenceEquals
FN:81,sequenceEquals
FN:86,(anonymous_16)
FN:96,setEquals
FN:106,shallowEqualsCompareByRef
FN:113,shallowEquals
FN:138,(anonymous_20)
FN:139,(anonymous_21)
FN:142,(anonymous_22)
FN:142,(anonymous_23)
FN:160,shallowDiff
FN:165,(anonymous_25)
FN:165,(anonymous_26)
FN:166,(anonymous_27)
FN:166,(anonymous_28)
FN:168,(anonymous_29)
FN:168,(anonymous_30)
FN:170,(anonymous_31)
FN:170,(anonymous_32)
FN:170,(anonymous_33)
FN:178,toArray
FN:183,(anonymous_35)
FN:198,canBeArray
FN:203,isArrayLike
FN:207,(anonymous_38)
FN:209,deepEquals
FN:210,(anonymous_40)
FN:215,toMap
FN:225,flatten
FN:236,first
FN:247,single
FN:267,last
FN:277,groupBy
FN:282,(anonymous_48)
FN:306,enumObject
FN:307,(anonymous_50)
FN:310,(anonymous_51)
FN:312,(anonymous_52)
FN:312,(anonymous_53)
FN:327,arrayToMap
FN:328,(anonymous_55)
FN:329,(anonymous_56)
FN:344,enumKeys
FN:345,(anonymous_58)
FN:345,(anonymous_59)
FN:355,filterObject
FN:371,omit
FN:372,(anonymous_62)
FN:377,omitUndefined
FN:378,(anonymous_64)
FN:382,pick
FN:393,swapItems
FN:394,(anonymous_67)
FN:398,(anonymous_68)
FN:407,moveItem
FN:408,(anonymous_70)
FN:419,(anonymous_71)
FN:427,upDownItem
FN:439,promiseAllObj
FN:441,(anonymous_74)
FN:443,(anonymous_75)
FN:443,(anonymous_76)
FN:443,(anonymous_77)
FN:462,objRxToRxObj
FN:470,(anonymous_79)
FN:472,(anonymous_80)
FN:481,(anonymous_81)
FN:489,awaitObj
FN:492,(anonymous_83)
FN:492,(anonymous_84)
FN:493,(anonymous_85)
FN:493,(anonymous_86)
FN:493,(anonymous_87)
FN:502,unique
FN:503,(anonymous_89)
FN:503,(anonymous_90)
FN:509,union
FN:519,unionKey
FN:540,exclude
FN:541,(anonymous_94)
FN:542,(anonymous_95)
FN:549,excludeKeys
FN:551,(anonymous_97)
FN:555,concat
FN:556,(anonymous_99)
FN:560,filterIf
FN:571,mapKeys
FN:573,(anonymous_102)
FN:573,(anonymous_103)
FN:579,intersect
FN:580,(anonymous_105)
FN:584,mergeObj
FN:590,(anonymous_107)
FN:601,isSubset
FN:603,(anonymous_109)
FN:610,intersectKeys
FN:611,(anonymous_111)
FN:615,range
FN:629,push
FN:636,replace
FN:637,(anonymous_115)
FN:641,remove
FN:642,(anonymous_117)
FN:646,removeAt
FN:647,(anonymous_119)
FN:655,combineComparers
FN:656,(anonymous_121)
FN:666,defaultComparer
FN:682,sort
FN:685,(anonymous_124)
FN:685,(anonymous_125)
FN:689,(anonymous_126)
FN:693,(anonymous_127)
FN:696,(anonymous_128)
FN:705,orderBy
FN:706,(anonymous_130)
FN:706,(anonymous_131)
FN:711,orderByDesc
FN:712,(anonymous_133)
FN:712,(anonymous_134)
FN:716,keysToComparer
FN:719,(anonymous_136)
FN:719,(anonymous_137)
FN:724,max
FN:730,min
FN:732,(anonymous_140)
FN:737,maxComparer
FN:751,rxFlatten
FN:752,(anonymous_143)
FN:759,valToPromise
FN:767,promiseToObservable
FN:769,(anonymous_146)
FN:772,(anonymous_147)
FN:786,asyncThunkToObservable
FN:792,(anonymous_149)
FN:795,(anonymous_150)
FN:798,(anonymous_151)
FN:808,toObservable
FN:819,take
FN:828,skip
FN:837,firstMap
FN:852,duplicatesOnEdit
FN:853,(anonymous_157)
FN:874,duplicatesOnAdd
FN:875,(anonymous_159)
FN:880,isPromiseLike
FN:885,isObservable
FN:890,isArray
FN:895,mapPreviousRx
FN:898,(anonymous_164)
FN:899,(anonymous_165)
FN:905,mapPrevious
FN:916,runningTotal
FN:931,mapMany
FN:941,zip
FN:943,(anonymous_170)
FN:952,(anonymous_172)
FN:961,aplicarSepMiles
FN:976,formatCurrency
FN:988,formatNumber
FN:1023,nullOrEmpty
FN:1031,formatDate
FN:1058,toDate
FN:1067,toIsoDate
FN:1085,formatDateExcel
FN:1086,(anonymous_181)
FN:1087,(anonymous_182)
FN:1093,delay
FN:1094,(anonymous_184)
FN:1098,assertUnreachable
FN:1103,indexOf
FN:1113,indicesOf
FN:1126,binarySearch
FN:1160,innerJoin
FN:1180,leftJoin
FN:1204,combinePath
FN:1205,trim
FN:1254,sum
FN:1255,(anonymous_194)
FN:1255,(anonymous_195)
FN:1255,(anonymous_196)
FN:1261,nextToPromise
FN:1262,(anonymous_198)
FN:1284,outOfRange
FN:1293,shuffle
FN:1294,shuffleInPlace
FN:1314,mapObject
FN:1324,orRx
FN:1335,(anonymous_204)
FN:1340,(anonymous_205)
FN:1340,(anonymous_206)
FN:1342,(anonymous_207)
FN:1343,(anonymous_208)
FN:1345,(anonymous_209)
FN:1350,(anonymous_210)
FN:1351,(anonymous_211)
FN:1356,treeTraversal
FN:1371,getListenToRx
FN:1372,(anonymous_214)
FN:1373,(anonymous_215)
FN:1388,reduxStoreToRx
FN:1389,(anonymous_217)
FN:1389,(anonymous_218)
FN:1398,doOnSubscribe
FN:1399,inner
FN:1400,(anonymous_221)
FN:1412,obsToPromise
FN:1423,(anonymous_223)
FN:1425,(anonymous_224)
FN:1428,(anonymous_225)
FNF:220
FNH:189
FNDA:16,all
FNDA:9,(anonymous_5)
FNDA:6,allEqual
FNDA:214,any
FNDA:200,contains
FNDA:479,(anonymous_9)
FNDA:12,containsAll
FNDA:43,(anonymous_11)
FNDA:7,containsAny
FNDA:10,(anonymous_13)
FNDA:994,referenceEquals
FNDA:134,sequenceEquals
FNDA:146,(anonymous_16)
FNDA:14,setEquals
FNDA:367,shallowEqualsCompareByRef
FNDA:251,shallowEquals
FNDA:124,(anonymous_20)
FNDA:126,(anonymous_21)
FNDA:122,(anonymous_22)
FNDA:122,(anonymous_23)
FNDA:3,shallowDiff
FNDA:3,(anonymous_25)
FNDA:8,(anonymous_26)
FNDA:3,(anonymous_27)
FNDA:8,(anonymous_28)
FNDA:3,(anonymous_29)
FNDA:4,(anonymous_30)
FNDA:3,(anonymous_31)
FNDA:4,(anonymous_32)
FNDA:4,(anonymous_33)
FNDA:100,toArray
FNDA:0,(anonymous_35)
FNDA:166,canBeArray
FNDA:171,isArrayLike
FNDA:66,(anonymous_38)
FNDA:41,deepEquals
FNDA:147,(anonymous_40)
FNDA:0,toMap
FNDA:2,flatten
FNDA:76,first
FNDA:7,single
FNDA:0,last
FNDA:11,groupBy
FNDA:113,(anonymous_48)
FNDA:2,enumObject
FNDA:6,(anonymous_50)
FNDA:0,(anonymous_51)
FNDA:6,(anonymous_52)
FNDA:6,(anonymous_53)
FNDA:11,arrayToMap
FNDA:24,(anonymous_55)
FNDA:24,(anonymous_56)
FNDA:1,enumKeys
FNDA:6,(anonymous_58)
FNDA:6,(anonymous_59)
FNDA:5,filterObject
FNDA:1,omit
FNDA:4,(anonymous_62)
FNDA:1,omitUndefined
FNDA:2,(anonymous_64)
FNDA:5,pick
FNDA:1,swapItems
FNDA:2,(anonymous_67)
FNDA:5,(anonymous_68)
FNDA:9,moveItem
FNDA:18,(anonymous_70)
FNDA:36,(anonymous_71)
FNDA:6,upDownItem
FNDA:1,promiseAllObj
FNDA:2,(anonymous_74)
FNDA:1,(anonymous_75)
FNDA:2,(anonymous_76)
FNDA:1,(anonymous_77)
FNDA:1,objRxToRxObj
FNDA:3,(anonymous_79)
FNDA:7,(anonymous_80)
FNDA:5,(anonymous_81)
FNDA:2,awaitObj
FNDA:2,(anonymous_83)
FNDA:5,(anonymous_84)
FNDA:2,(anonymous_85)
FNDA:5,(anonymous_86)
FNDA:5,(anonymous_87)
FNDA:9,unique
FNDA:59,(anonymous_89)
FNDA:29,(anonymous_90)
FNDA:8,union
FNDA:1,unionKey
FNDA:6,exclude
FNDA:18,(anonymous_94)
FNDA:46,(anonymous_95)
FNDA:1,excludeKeys
FNDA:9,(anonymous_97)
FNDA:8,concat
FNDA:16,(anonymous_99)
FNDA:2,filterIf
FNDA:1,mapKeys
FNDA:5,(anonymous_102)
FNDA:11,(anonymous_103)
FNDA:1,intersect
FNDA:7,(anonymous_105)
FNDA:1,mergeObj
FNDA:4,(anonymous_107)
FNDA:7,isSubset
FNDA:14,(anonymous_109)
FNDA:1,intersectKeys
FNDA:7,(anonymous_111)
FNDA:7,range
FNDA:0,push
FNDA:0,replace
FNDA:0,(anonymous_115)
FNDA:0,remove
FNDA:0,(anonymous_117)
FNDA:0,removeAt
FNDA:0,(anonymous_119)
FNDA:23,combineComparers
FNDA:117,(anonymous_121)
FNDA:140,defaultComparer
FNDA:16,sort
FNDA:17,(anonymous_124)
FNDA:87,(anonymous_125)
FNDA:9,(anonymous_126)
FNDA:66,(anonymous_127)
FNDA:66,(anonymous_128)
FNDA:11,orderBy
FNDA:11,(anonymous_130)
FNDA:47,(anonymous_131)
FNDA:0,orderByDesc
FNDA:0,(anonymous_133)
FNDA:0,(anonymous_134)
FNDA:7,keysToComparer
FNDA:6,(anonymous_136)
FNDA:22,(anonymous_137)
FNDA:4,max
FNDA:3,min
FNDA:15,(anonymous_140)
FNDA:7,maxComparer
FNDA:1,rxFlatten
FNDA:6,(anonymous_143)
FNDA:0,valToPromise
FNDA:6,promiseToObservable
FNDA:5,(anonymous_146)
FNDA:0,(anonymous_147)
FNDA:2,asyncThunkToObservable
FNDA:5,(anonymous_149)
FNDA:2,(anonymous_150)
FNDA:0,(anonymous_151)
FNDA:12,toObservable
FNDA:1,take
FNDA:7,skip
FNDA:2,firstMap
FNDA:4,duplicatesOnEdit
FNDA:16,(anonymous_157)
FNDA:2,duplicatesOnAdd
FNDA:6,(anonymous_159)
FNDA:302,isPromiseLike
FNDA:287,isObservable
FNDA:5,isArray
FNDA:1,mapPreviousRx
FNDA:5,(anonymous_164)
FNDA:4,(anonymous_165)
FNDA:1,mapPrevious
FNDA:2,runningTotal
FNDA:5,mapMany
FNDA:1,zip
FNDA:3,(anonymous_170)
FNDA:15,(anonymous_172)
FNDA:41,aplicarSepMiles
FNDA:0,formatCurrency
FNDA:128,formatNumber
FNDA:0,nullOrEmpty
FNDA:6,formatDate
FNDA:0,toDate
FNDA:0,toIsoDate
FNDA:4,formatDateExcel
FNDA:20,(anonymous_181)
FNDA:4,(anonymous_182)
FNDA:17,delay
FNDA:17,(anonymous_184)
FNDA:0,assertUnreachable
FNDA:44,indexOf
FNDA:42,indicesOf
FNDA:12,binarySearch
FNDA:1,innerJoin
FNDA:1,leftJoin
FNDA:27,combinePath
FNDA:54,trim
FNDA:5,sum
FNDA:14,(anonymous_194)
FNDA:6,(anonymous_195)
FNDA:6,(anonymous_196)
FNDA:2,nextToPromise
FNDA:2,(anonymous_198)
FNDA:13,outOfRange
FNDA:0,shuffle
FNDA:0,shuffleInPlace
FNDA:8,mapObject
FNDA:7,orRx
FNDA:22,(anonymous_204)
FNDA:13,(anonymous_205)
FNDA:22,(anonymous_206)
FNDA:13,(anonymous_207)
FNDA:13,(anonymous_208)
FNDA:26,(anonymous_209)
FNDA:13,(anonymous_210)
FNDA:7,(anonymous_211)
FNDA:5,treeTraversal
FNDA:0,getListenToRx
FNDA:0,(anonymous_214)
FNDA:0,(anonymous_215)
FNDA:0,reduxStoreToRx
FNDA:0,(anonymous_217)
FNDA:0,(anonymous_218)
FNDA:2,doOnSubscribe
FNDA:2,inner
FNDA:2,(anonymous_221)
FNDA:3,obsToPromise
FNDA:4,(anonymous_223)
FNDA:0,(anonymous_224)
FNDA:3,(anonymous_225)
DA:1,9
DA:2,9
DA:5,9
DA:6,9
DA:7,9
DA:13,9
DA:14,16
DA:16,52
DA:17,52
DA:18,7
DA:20,9
DA:27,9
DA:28,6
DA:29,5
DA:30,5
DA:31,5
DA:32,8
DA:33,8
DA:34,2
DA:36,3
DA:44,9
DA:45,214
DA:46,503
DA:47,503
DA:49,58
DA:51,0
DA:56,9
DA:57,200
DA:58,479
DA:62,9
DA:63,43
DA:67,9
DA:68,10
DA:76,9
DA:77,994
DA:81,9
DA:82,134
DA:83,130
DA:84,129
DA:86,146
DA:87,125
DA:88,255
DA:90,87
DA:96,9
DA:97,37
DA:98,37
DA:100,35
DA:101,35
DA:103,8
DA:107,367
DA:108,367
DA:109,367
DA:113,9
DA:114,251
DA:116,6
DA:119,245
DA:120,0
DA:122,245
DA:123,123
DA:125,122
DA:126,4
DA:127,4
DA:128,0
DA:131,118
DA:132,116
DA:134,116
DA:135,50
DA:138,124
DA:139,126
DA:141,66
DA:142,122
DA:160,9
DA:161,3
DA:163,3
DA:165,8
DA:166,8
DA:168,4
DA:170,4
DA:174,3
DA:178,9
DA:179,100
DA:180,100
DA:183,0
DA:184,0
DA:185,0
DA:186,0
DA:187,0
DA:190,0
DA:191,0
DA:194,0
DA:198,9
DA:199,166
DA:203,9
DA:204,171
DA:207,66
DA:209,9
DA:210,147
DA:211,41
DA:215,9
DA:216,0
DA:217,0
DA:218,0
DA:220,0
DA:225,9
DA:226,2
DA:227,8
DA:228,8
DA:229,2
DA:236,9
DA:237,124
DA:238,124
DA:239,42
DA:241,34
DA:247,9
DA:248,7
DA:249,7
DA:250,14
DA:251,14
DA:253,14
DA:254,9
DA:256,3
DA:258,6
DA:259,6
DA:263,4
DA:267,9
DA:268,0
DA:277,9
DA:278,11
DA:279,11
DA:280,71
DA:281,71
DA:282,113
DA:283,71
DA:284,34
DA:286,37
DA:289,11
DA:306,9
DA:307,6
DA:308,2
DA:309,2
DA:310,0
DA:312,6
DA:327,9
DA:328,24
DA:329,24
DA:331,11
DA:332,11
DA:333,11
DA:334,28
DA:335,28
DA:336,28
DA:337,28
DA:339,11
DA:344,9
DA:345,6
DA:355,9
DA:356,5
DA:357,5
DA:358,15
DA:359,15
DA:360,10
DA:363,5
DA:371,9
DA:372,4
DA:377,9
DA:378,2
DA:382,19
DA:383,5
DA:384,9
DA:385,9
DA:386,8
DA:389,5
DA:393,9
DA:394,2
DA:395,1
DA:396,0
DA:398,1
DA:399,5
DA:407,9
DA:408,18
DA:409,9
DA:410,0
DA:413,9
DA:416,8
DA:417,8
DA:418,8
DA:419,8
DA:420,36
DA:427,9
DA:428,6
DA:429,2
DA:431,4
DA:439,9
DA:440,1
DA:441,2
DA:442,1
DA:443,2
DA:444,1
DA:462,9
DA:463,1
DA:470,1
DA:471,3
DA:472,7
DA:481,5
DA:482,1
DA:489,9
DA:490,2
DA:492,5
DA:493,5
DA:496,2
DA:502,9
DA:503,59
DA:509,32
DA:510,8
DA:519,9
DA:520,1
DA:521,1
DA:524,1
DA:527,2
DA:528,2
DA:529,2
DA:530,1
DA:535,1
DA:536,1
DA:540,9
DA:541,18
DA:542,46
DA:549,9
DA:550,1
DA:551,9
DA:555,32
DA:556,16
DA:560,9
DA:561,2
DA:571,9
DA:572,1
DA:573,11
DA:579,9
DA:580,7
DA:584,9
DA:589,1
DA:590,4
DA:595,1
DA:601,9
DA:603,14
DA:610,9
DA:611,7
DA:615,9
DA:616,7
DA:617,7
DA:618,7
DA:620,7
DA:621,33
DA:623,7
DA:629,9
DA:630,0
DA:636,9
DA:637,0
DA:641,9
DA:642,0
DA:646,9
DA:647,0
DA:655,88
DA:656,23
DA:657,130
DA:658,130
DA:659,130
DA:661,0
DA:666,9
DA:667,140
DA:668,8
DA:669,132
DA:670,0
DA:671,132
DA:672,0
DA:674,132
DA:682,46
DA:683,16
DA:685,87
DA:687,16
DA:689,9
DA:691,16
DA:693,66
DA:694,16
DA:696,66
DA:697,16
DA:705,33
DA:706,47
DA:707,11
DA:711,9
DA:712,0
DA:713,0
DA:718,7
DA:719,22
DA:720,7
DA:724,11
DA:725,4
DA:726,4
DA:730,9
DA:731,3
DA:732,15
DA:733,3
DA:738,7
DA:739,7
DA:741,38
DA:742,38
DA:743,16
DA:744,16
DA:747,7
DA:751,9
DA:752,6
DA:753,1
DA:759,9
DA:760,0
DA:761,0
DA:763,0
DA:767,9
DA:768,6
DA:769,6
DA:770,5
DA:771,5
DA:772,0
DA:774,6
DA:786,9
DA:787,2
DA:790,2
DA:792,2
DA:793,5
DA:795,2
DA:796,2
DA:797,2
DA:798,0
DA:800,2
DA:803,5
DA:808,9
DA:809,12
DA:810,3
DA:811,9
DA:812,6
DA:815,3
DA:819,9
DA:820,1
DA:821,1
DA:822,2
DA:824,1
DA:828,9
DA:829,7
DA:830,7
DA:831,4
DA:833,7
DA:837,9
DA:838,2
DA:839,7
DA:840,7
DA:841,1
DA:844,1
DA:852,9
DA:853,16
DA:854,4
DA:855,13
DA:856,13
DA:857,3
DA:858,1
DA:860,2
DA:864,2
DA:874,9
DA:875,6
DA:876,2
DA:880,9
DA:881,302
DA:885,9
DA:886,287
DA:890,9
DA:891,5
DA:895,9
DA:897,1
DA:898,5
DA:899,4
DA:901,1
DA:905,9
DA:906,1
DA:907,1
DA:908,6
DA:909,6
DA:910,6
DA:912,1
DA:916,9
DA:917,2
DA:919,2
DA:920,12
DA:921,12
DA:922,12
DA:923,12
DA:925,12
DA:927,2
DA:931,9
DA:932,5
DA:933,10
DA:934,10
DA:935,10
DA:937,5
DA:941,9
DA:943,3
DA:944,1
DA:945,0
DA:947,1
DA:949,1
DA:950,1
DA:951,5
DA:952,15
DA:953,5
DA:955,1
DA:961,82
DA:962,41
DA:963,6
DA:965,35
DA:966,35
DA:967,35
DA:968,65
DA:969,65
DA:971,35
DA:976,9
DA:977,0
DA:988,252
DA:989,128
DA:990,128
DA:992,128
DA:993,128
DA:994,128
DA:995,128
DA:996,128
DA:998,128
DA:999,128
DA:1001,128
DA:1002,128
DA:1004,128
DA:1005,66
DA:1007,62
DA:1008,62
DA:1009,62
DA:1010,62
DA:1012,62
DA:1023,9
DA:1024,0
DA:1027,9
DA:1031,9
DA:1032,6
DA:1033,6
DA:1035,6
DA:1036,6
DA:1037,6
DA:1039,6
DA:1040,6
DA:1043,6
DA:1045,6
DA:1046,6
DA:1047,2
DA:1048,2
DA:1050,4
DA:1058,9
DA:1059,0
DA:1060,0
DA:1062,0
DA:1063,0
DA:1067,9
DA:1068,0
DA:1069,0
DA:1070,0
DA:1072,0
DA:1073,0
DA:1074,0
DA:1076,0
DA:1077,0
DA:1078,0
DA:1079,0
DA:1080,0
DA:1081,0
DA:1085,9
DA:1086,20
DA:1087,4
DA:1089,4
DA:1093,9
DA:1094,17
DA:1098,9
DA:1099,0
DA:1103,88
DA:1104,44
DA:1105,106
DA:1106,42
DA:1109,2
DA:1113,84
DA:1114,42
DA:1115,42
DA:1116,234
DA:1117,123
DA:1120,42
DA:1126,9
DA:1127,12
DA:1128,12
DA:1129,12
DA:1130,12
DA:1133,12
DA:1134,31
DA:1135,31
DA:1137,31
DA:1138,31
DA:1139,16
DA:1141,15
DA:1142,12
DA:1145,3
DA:1149,9
DA:1160,9
DA:1161,1
DA:1162,6
DA:1163,12
DA:1164,12
DA:1165,5
DA:1169,1
DA:1180,9
DA:1181,1
DA:1182,6
DA:1183,6
DA:1184,12
DA:1185,12
DA:1186,5
DA:1187,5
DA:1190,6
DA:1191,1
DA:1194,1
DA:1204,54
DA:1206,54
DA:1207,54
DA:1208,54
DA:1211,27
DA:1212,27
DA:1214,27
DA:1215,27
DA:1217,27
DA:1219,27
DA:1220,27
DA:1221,27
DA:1222,62
DA:1223,62
DA:1224,49
DA:1226,62
DA:1228,55
DA:1229,42
DA:1230,42
DA:1232,13
DA:1233,13
DA:1238,27
DA:1239,27
DA:1242,27
DA:1243,27
DA:1245,27
DA:1246,0
DA:1248,27
DA:1254,9
DA:1255,14
DA:1261,9
DA:1262,2
DA:1284,9
DA:1285,13
DA:1286,4
DA:1287,9
DA:1288,5
DA:1289,4
DA:1293,9
DA:1296,0
DA:1297,0
DA:1298,0
DA:1299,0
DA:1300,0
DA:1303,0
DA:1304,0
DA:1306,0
DA:1314,9
DA:1315,8
DA:1316,8
DA:1317,23
DA:1318,23
DA:1320,8
DA:1324,33
DA:1326,12
DA:1327,12
DA:1328,5
DA:1329,7
DA:1330,2
DA:1333,5
DA:1335,5
DA:1336,22
DA:1337,19
DA:1340,22
DA:1342,13
DA:1343,13
DA:1345,26
DA:1348,5
DA:1349,5
DA:1350,13
DA:1351,7
DA:1356,9
DA:1357,5
DA:1359,4
DA:1360,4
DA:1362,4
DA:1371,9
DA:1372,0
DA:1373,0
DA:1374,0
DA:1375,0
DA:1388,9
DA:1389,0
DA:1398,9
DA:1399,2
DA:1400,2
DA:1401,2
DA:1403,2
DA:1412,9
DA:1418,3
DA:1419,3
DA:1421,3
DA:1423,3
DA:1424,4
DA:1426,0
DA:1427,0
DA:1429,3
DA:1430,3
DA:1433,3
DA:1435,2
DA:1437,1
LF:630
LH:561
BRDA:14,0,0,16
BRDA:14,0,1,4
BRDA:17,1,0,7
BRDA:17,1,1,45
BRDA:28,2,0,1
BRDA:28,2,1,5
BRDA:29,3,0,5
BRDA:29,3,1,5
BRDA:33,4,0,2
BRDA:33,4,1,6
BRDA:45,5,0,214
BRDA:45,5,1,0
BRDA:47,6,0,156
BRDA:47,6,1,347
BRDA:57,7,0,200
BRDA:57,7,1,175
BRDA:82,8,0,4
BRDA:82,8,1,130
BRDA:83,9,0,1
BRDA:83,9,1,129
BRDA:83,10,0,130
BRDA:83,10,1,129
BRDA:84,11,0,4
BRDA:84,11,1,125
BRDA:86,12,0,125
BRDA:86,12,1,69
BRDA:88,13,0,38
BRDA:88,13,1,217
BRDA:98,14,0,6
BRDA:98,14,1,31
BRDA:101,15,0,0
BRDA:101,15,1,35
BRDA:108,16,0,367
BRDA:108,16,1,325
BRDA:108,16,2,319
BRDA:108,16,3,256
BRDA:108,16,4,256
BRDA:109,17,0,367
BRDA:109,17,1,256
BRDA:109,17,2,250
BRDA:114,18,0,6
BRDA:114,18,1,245
BRDA:114,19,0,251
BRDA:114,19,1,245
BRDA:119,20,0,0
BRDA:119,20,1,245
BRDA:122,21,0,123
BRDA:122,21,1,122
BRDA:122,22,0,245
BRDA:122,22,1,122
BRDA:125,23,0,4
BRDA:125,23,1,118
BRDA:125,24,0,122
BRDA:125,24,1,118
BRDA:126,25,0,4
BRDA:126,25,1,0
BRDA:126,26,0,4
BRDA:126,26,1,4
BRDA:131,27,0,2
BRDA:131,27,1,116
BRDA:132,28,0,0
BRDA:132,28,1,116
BRDA:132,29,0,116
BRDA:132,29,1,116
BRDA:134,30,0,50
BRDA:134,30,1,66
BRDA:134,31,0,116
BRDA:134,31,1,50
BRDA:141,32,0,2
BRDA:141,32,1,64
BRDA:161,33,0,3
BRDA:161,33,1,3
BRDA:179,34,0,100
BRDA:179,34,1,0
BRDA:185,35,0,0
BRDA:185,35,1,0
BRDA:199,36,0,166
BRDA:199,36,1,66
BRDA:204,37,0,171
BRDA:204,37,1,170
BRDA:207,38,0,66
BRDA:207,38,1,66
BRDA:238,39,0,42
BRDA:238,39,1,82
BRDA:238,40,0,124
BRDA:238,40,1,124
BRDA:251,41,0,14
BRDA:251,41,1,11
BRDA:253,42,0,9
BRDA:253,42,1,5
BRDA:254,43,0,3
BRDA:254,43,1,6
BRDA:279,44,0,11
BRDA:279,44,1,2
BRDA:283,45,0,34
BRDA:283,45,1,37
BRDA:308,46,0,2
BRDA:308,46,1,2
BRDA:309,47,0,0
BRDA:309,47,1,2
BRDA:331,48,0,11
BRDA:331,48,1,8
BRDA:332,49,0,11
BRDA:332,49,1,8
BRDA:359,50,0,10
BRDA:359,50,1,5
BRDA:385,51,0,8
BRDA:385,51,1,1
BRDA:394,52,0,2
BRDA:394,52,1,2
BRDA:395,53,0,0
BRDA:395,53,1,1
BRDA:395,54,0,1
BRDA:395,54,1,1
BRDA:399,55,0,1
BRDA:399,55,1,4
BRDA:400,56,0,1
BRDA:400,56,1,3
BRDA:408,57,0,18
BRDA:408,57,1,18
BRDA:409,58,0,0
BRDA:409,58,1,9
BRDA:409,59,0,9
BRDA:409,59,1,9
BRDA:413,60,0,1
BRDA:413,60,1,8
BRDA:420,61,0,10
BRDA:420,61,1,26
BRDA:420,62,0,36
BRDA:420,62,1,32
BRDA:421,63,0,8
BRDA:421,63,1,18
BRDA:428,64,0,2
BRDA:428,64,1,4
BRDA:428,65,0,6
BRDA:428,65,1,2
BRDA:428,65,2,5
BRDA:428,65,3,2
BRDA:431,66,0,2
BRDA:431,66,1,2
BRDA:520,67,0,1
BRDA:520,67,1,1
BRDA:529,68,0,1
BRDA:529,68,1,1
BRDA:541,69,0,6
BRDA:541,69,1,2
BRDA:550,70,0,1
BRDA:550,70,1,1
BRDA:561,71,0,1
BRDA:561,71,1,1
BRDA:572,72,0,1
BRDA:572,72,1,1
BRDA:580,73,0,1
BRDA:580,73,1,1
BRDA:611,74,0,7
BRDA:611,74,1,0
BRDA:617,75,0,7
BRDA:617,75,1,6
BRDA:637,76,0,0
BRDA:637,76,1,0
BRDA:659,77,0,117
BRDA:659,77,1,13
BRDA:667,78,0,8
BRDA:667,78,1,132
BRDA:669,79,0,0
BRDA:669,79,1,132
BRDA:669,80,0,132
BRDA:669,80,1,0
BRDA:671,81,0,0
BRDA:671,81,1,132
BRDA:671,82,0,132
BRDA:671,82,1,0
BRDA:674,83,0,67
BRDA:674,83,1,65
BRDA:674,84,0,61
BRDA:674,84,1,4
BRDA:683,85,0,3
BRDA:683,85,1,13
BRDA:718,86,0,3
BRDA:718,86,1,4
BRDA:742,87,0,16
BRDA:742,87,1,22
BRDA:742,88,0,38
BRDA:742,88,1,31
BRDA:760,89,0,0
BRDA:760,89,1,0
BRDA:793,90,0,2
BRDA:793,90,1,3
BRDA:809,91,0,3
BRDA:809,91,1,9
BRDA:811,92,0,6
BRDA:811,92,1,3
BRDA:840,93,0,1
BRDA:840,93,1,6
BRDA:856,94,0,3
BRDA:856,94,1,10
BRDA:857,95,0,1
BRDA:857,95,1,2
BRDA:857,96,0,3
BRDA:857,96,1,1
BRDA:881,97,0,302
BRDA:881,97,1,289
BRDA:944,98,0,0
BRDA:944,98,1,1
BRDA:947,99,0,0
BRDA:947,99,1,1
BRDA:961,100,0,41
BRDA:961,100,1,0
BRDA:962,101,0,6
BRDA:962,101,1,35
BRDA:969,102,0,12
BRDA:969,102,1,53
BRDA:988,103,0,0
BRDA:988,103,1,128
BRDA:988,104,0,48
BRDA:988,104,1,80
BRDA:988,105,0,87
BRDA:988,105,1,41
BRDA:988,106,0,124
BRDA:988,106,1,4
BRDA:989,107,0,0
BRDA:989,107,1,128
BRDA:993,108,0,28
BRDA:993,108,1,100
BRDA:1002,109,0,41
BRDA:1002,109,1,87
BRDA:1004,110,0,66
BRDA:1004,110,1,62
BRDA:1024,111,0,0
BRDA:1024,111,1,0
BRDA:1032,112,0,0
BRDA:1032,112,1,6
BRDA:1043,113,0,3
BRDA:1043,113,1,3
BRDA:1043,114,0,3
BRDA:1043,114,1,2
BRDA:1046,115,0,2
BRDA:1046,115,1,4
BRDA:1059,116,0,0
BRDA:1059,116,1,0
BRDA:1062,117,0,0
BRDA:1062,117,1,0
BRDA:1062,118,0,0
BRDA:1062,118,1,0
BRDA:1079,119,0,0
BRDA:1079,119,1,0
BRDA:1103,120,0,44
BRDA:1103,120,1,0
BRDA:1105,121,0,42
BRDA:1105,121,1,64
BRDA:1113,122,0,42
BRDA:1113,122,1,0
BRDA:1116,123,0,123
BRDA:1116,123,1,111
BRDA:1127,124,0,12
BRDA:1127,124,1,12
BRDA:1138,125,0,16
BRDA:1138,125,1,15
BRDA:1141,126,0,12
BRDA:1141,126,1,3
BRDA:1164,127,0,5
BRDA:1164,127,1,7
BRDA:1185,128,0,5
BRDA:1185,128,1,7
BRDA:1190,129,0,1
BRDA:1190,129,1,5
BRDA:1204,130,0,27
BRDA:1204,130,1,0
BRDA:1204,131,0,27
BRDA:1204,131,1,0
BRDA:1204,132,0,27
BRDA:1204,132,1,0
BRDA:1206,133,0,9
BRDA:1206,133,1,45
BRDA:1207,134,0,34
BRDA:1207,134,1,20
BRDA:1217,135,0,27
BRDA:1217,135,1,27
BRDA:1219,136,0,22
BRDA:1219,136,1,5
BRDA:1221,137,0,22
BRDA:1221,137,1,5
BRDA:1223,138,0,49
BRDA:1223,138,1,13
BRDA:1223,139,0,62
BRDA:1223,139,1,55
BRDA:1224,140,0,0
BRDA:1224,140,1,49
BRDA:1226,141,0,7
BRDA:1226,141,1,55
BRDA:1228,142,0,42
BRDA:1228,142,1,13
BRDA:1233,143,0,4
BRDA:1233,143,1,9
BRDA:1238,144,0,22
BRDA:1238,144,1,5
BRDA:1242,145,0,27
BRDA:1242,145,1,0
BRDA:1242,146,0,27
BRDA:1242,146,1,0
BRDA:1242,146,2,0
BRDA:1245,147,0,0
BRDA:1245,147,1,27
BRDA:1245,148,0,27
BRDA:1245,148,1,27
BRDA:1245,148,2,0
BRDA:1285,149,0,4
BRDA:1285,149,1,9
BRDA:1285,150,0,13
BRDA:1285,150,1,8
BRDA:1285,150,2,6
BRDA:1285,150,3,6
BRDA:1285,150,4,2
BRDA:1287,151,0,5
BRDA:1287,151,1,4
BRDA:1287,152,0,9
BRDA:1287,152,1,7
BRDA:1287,152,2,2
BRDA:1287,152,3,6
BRDA:1287,152,4,5
BRDA:1327,153,0,5
BRDA:1327,153,1,7
BRDA:1327,154,0,12
BRDA:1327,154,1,12
BRDA:1329,155,0,2
BRDA:1329,155,1,5
BRDA:1336,156,0,3
BRDA:1336,156,1,19
BRDA:1336,157,0,22
BRDA:1336,157,1,7
BRDA:1342,158,0,7
BRDA:1342,158,1,6
BRDA:1357,159,0,1
BRDA:1357,159,1,4
BRDA:1433,160,0,2
BRDA:1433,160,1,1
BRF:336
BRH:289
end_of_record
TN:
SF:src\pipe.ts
FN:22,pipe
FN:23,(anonymous_1)
FNF:2
FNH:2
FNDA:6,pipe
FNDA:19,(anonymous_1)
DA:22,31
DA:23,19
LF:2
LH:2
BRF:0
BRH:0
end_of_record
TN:
SF:src\search.ts
FN:9,search
FN:23,(anonymous_1)
FN:23,(anonymous_2)
FNF:3
FNH:3
FNDA:4,search
FNDA:10,(anonymous_1)
FNDA:10,(anonymous_2)
DA:1,1
DA:9,1
DA:10,4
DA:11,4
DA:13,4
DA:14,4
DA:16,4
DA:17,4
DA:18,4
DA:20,4
DA:21,4
DA:23,10
DA:25,4
LF:13
LH:13
BRDA:10,0,0,0
BRDA:10,0,1,4
BRDA:11,1,0,0
BRDA:11,1,1,4
BRDA:20,2,0,0
BRDA:20,2,1,4
BRDA:21,3,0,0
BRDA:21,3,1,4
BRDA:23,4,0,10
BRDA:23,4,1,9
BRF:10
BRH:6
end_of_record
TN:
SF:src\url.ts
FN:10,encodeUrlParameterValue
FN:21,urlParamsToKeyValuePair
FN:26,(anonymous_2)
FN:28,(anonymous_3)
FN:30,(anonymous_4)
FN:30,(anonymous_5)
FN:31,(anonymous_6)
FN:32,(anonymous_7)
FN:33,(anonymous_8)
FN:41,encodeUrlParameters
FN:43,(anonymous_10)
FN:43,(anonymous_11)
FN:51,appendEncodedUrlParameters
FN:57,isUrlAbsolute
FNF:14
FNH:0
FNDA:0,encodeUrlParameterValue
FNDA:0,urlParamsToKeyValuePair
FNDA:0,(anonymous_2)
FNDA:0,(anonymous_3)
FNDA:0,(anonymous_4)
FNDA:0,(anonymous_5)
FNDA:0,(anonymous_6)
FNDA:0,(anonymous_7)
FNDA:0,(anonymous_8)
FNDA:0,encodeUrlParameters
FNDA:0,(anonymous_10)
FNDA:0,(anonymous_11)
FNDA:0,appendEncodedUrlParameters
FNDA:0,isUrlAbsolute
DA:10,1
DA:12,0
DA:17,0
DA:23,0
DA:26,0
DA:28,0
DA:30,0
DA:31,0
DA:32,0
DA:33,0
DA:35,0
DA:41,1
DA:42,0
DA:43,0
DA:44,0
DA:51,1
DA:53,0
DA:57,1
DA:60,0
DA:61,0
DA:62,0
DA:63,0
DA:64,0
DA:65,0
DA:66,0
LF:25
LH:4
BRDA:12,0,0,0
BRDA:12,0,1,0
BRDA:13,1,0,0
BRDA:13,1,1,0
BRDA:14,2,0,0
BRDA:14,2,1,0
BRDA:28,3,0,0
BRDA:28,3,1,0
BRDA:53,4,0,0
BRDA:53,4,1,0
BRDA:60,5,0,0
BRDA:60,5,1,0
BRDA:61,6,0,0
BRDA:61,6,1,0
BRDA:62,7,0,0
BRDA:62,7,1,0
BRDA:63,8,0,0
BRDA:63,8,1,0
BRDA:64,9,0,0
BRDA:64,9,1,0
BRDA:65,10,0,0
BRDA:65,10,1,0
BRF:22
BRH:0
end_of_record
TN:
SF:src\promise\index.ts
FNF:0
FNH:0
DA:1,9
DA:2,9
LF:2
LH:2
BRF:0
BRH:0
end_of_record
TN:
SF:src\promise\logic.ts
FN:4,isSyncPromise
FN:15,syncPromiseValue
FN:20,(anonymous_2)
FN:23,(anonymous_3)
FN:38,isSyncPromiseType
FN:39,(anonymous_5)
FN:47,toSyncPromise
FN:51,(anonymous_7)
FN:55,splitPromise
FN:60,(anonymous_9)
FNF:10
FNH:10
FNDA:15,isSyncPromise
FNDA:20,syncPromiseValue
FNDA:26,(anonymous_2)
FNDA:2,(anonymous_3)
FNDA:2,isSyncPromiseType
FNDA:2,(anonymous_5)
FNDA:3,toSyncPromise
FNDA:3,(anonymous_7)
FNDA:3,splitPromise
FNDA:3,(anonymous_9)
DA:1,9
DA:4,9
DA:5,15
DA:15,9
DA:16,20
DA:20,26
DA:23,2
DA:27,20
DA:38,9
DA:39,2
DA:47,9
DA:48,3
DA:49,0
DA:51,3
DA:55,9
DA:56,3
DA:57,3
DA:59,3
DA:61,3
DA:62,3
DA:66,3
LF:21
LH:20
BRDA:48,0,0,0
BRDA:48,0,1,3
BRF:2
BRH:1
end_of_record
TN:
SF:src\promise\split.ts
FN:17,(anonymous_2)
FN:18,SyncPromise
FN:25,(anonymous_4)
FN:31,(anonymous_5)
FN:38,(anonymous_6)
FN:47,(anonymous_7)
FN:67,(anonymous_8)
FN:76,(anonymous_9)
FN:77,(anonymous_10)
FN:121,syncResolve
FN:122,(anonymous_12)
FN:128,syncFail
FN:129,(anonymous_14)
FNF:13
FNH:11
FNDA:9,(anonymous_2)
FNDA:72,SyncPromise
FNDA:467,(anonymous_4)
FNDA:99,(anonymous_5)
FNDA:566,(anonymous_6)
FNDA:378,(anonymous_7)
FNDA:49,(anonymous_8)
FNDA:28,(anonymous_9)
FNDA:378,(anonymous_10)
FNDA:28,syncResolve
FNDA:28,(anonymous_12)
FNDA:0,syncFail
FNDA:0,(anonymous_14)
DA:1,9
DA:17,9
DA:18,72
DA:22,72
DA:25,72
DA:26,467
DA:27,467
DA:28,467
DA:31,72
DA:32,99
DA:33,99
DA:34,99
DA:37,72
DA:38,72
DA:39,566
DA:40,378
DA:45,72
DA:47,72
DA:48,378
DA:49,0
DA:51,378
DA:53,279
DA:54,279
DA:57,0
DA:59,99
DA:60,65
DA:63,34
DA:67,49
DA:72,49
DA:75,28
DA:76,28
DA:77,28
DA:78,378
DA:79,378
DA:80,344
DA:82,34
DA:89,20
DA:90,19
DA:91,19
DA:92,0
DA:94,19
DA:98,1
DA:102,1
DA:103,1
DA:104,1
DA:105,0
DA:107,1
DA:109,0
DA:110,0
DA:115,9
DA:121,9
DA:122,28
DA:128,9
DA:129,0
LF:54
LH:47
BRDA:48,0,0,0
BRDA:48,0,1,378
BRDA:52,1,0,279
BRDA:52,1,1,99
BRDA:53,2,0,279
BRDA:53,2,1,0
BRDA:59,3,0,65
BRDA:59,3,1,34
BRDA:73,4,0,28
BRDA:73,4,1,20
BRDA:73,4,2,1
BRDA:79,5,0,344
BRDA:79,5,1,34
BRDA:79,6,0,378
BRDA:79,6,1,99
BRDA:89,7,0,19
BRDA:89,7,1,1
BRDA:91,8,0,0
BRDA:91,8,1,19
BRDA:102,9,0,1
BRDA:102,9,1,0
BRDA:104,10,0,0
BRDA:104,10,1,1
BRF:23
BRH:18
end_of_record
TN:
SF:src\strings\index.ts
FNF:0
FNH:0
DA:1,2
DA:2,2
DA:3,2
LF:3
LH:3
BRF:0
BRH:0
end_of_record
TN:
SF:src\strings\regex.ts
FN:16,regexParse
FN:24,(anonymous_2)
FN:28,(anonymous_3)
FN:31,(anonymous_4)
FNF:4
FNH:4
FNDA:1,regexParse
FNDA:21,(anonymous_2)
FNDA:21,(anonymous_3)
FNDA:34,(anonymous_4)
DA:1,3
DA:16,3
DA:17,1
DA:18,1
DA:19,1
DA:21,7
DA:23,7
DA:24,21
DA:28,21
DA:31,34
DA:33,7
DA:38,7
DA:39,7
DA:40,7
DA:42,7
DA:44,2
DA:49,7
DA:54,7
DA:57,1
DA:58,0
DA:59,0
DA:64,1
LF:22
LH:20
BRDA:33,0,0,0
BRDA:33,0,1,7
BRDA:42,1,0,2
BRDA:42,1,1,5
BRDA:57,2,0,0
BRDA:57,2,1,1
BRF:6
BRH:4
end_of_record
TN:
SF:src\strings\strings.ts
FN:4,indexOf
FN:30,indexOfAt
FN:44,findAll
FN:82,getReplaceAllIndices
FN:94,(anonymous_7)
FNF:5
FNH:5
FNDA:8,indexOf
FNDA:8,indexOfAt
FNDA:4,findAll
FNDA:3,getReplaceAllIndices
FNDA:17,(anonymous_7)
DA:5,8
DA:6,0
DA:7,0
DA:8,0
DA:10,0
DA:17,8
DA:18,8
DA:19,0
DA:21,8
DA:22,8
DA:31,8
DA:32,8
DA:34,8
DA:35,0
DA:37,8
DA:44,2
DA:45,4
DA:46,4
DA:47,4
DA:48,8
DA:49,8
DA:50,0
DA:53,8
DA:54,8
DA:55,8
DA:56,1
DA:58,7
DA:61,3
DA:82,2
DA:84,3
DA:86,3
DA:87,7
DA:88,7
DA:89,7
DA:92,7
DA:94,17
DA:100,3
LF:37
LH:30
BRDA:5,0,0,0
BRDA:5,0,1,8
BRDA:7,1,0,0
BRDA:7,1,1,0
BRDA:18,2,0,0
BRDA:18,2,1,8
BRDA:34,3,0,0
BRDA:34,3,1,8
BRDA:49,4,0,0
BRDA:49,4,1,8
BRDA:55,5,0,1
BRDA:55,5,1,7
BRDA:94,6,0,12
BRDA:94,6,1,5
BRF:14
BRH:8
end_of_record
TN:
SF:src\strings\distance\index.ts
FNF:0
FNH:0
DA:1,2
LF:1
LH:1
BRF:0
BRH:0
end_of_record
TN:
SF:src\strings\distance\moveRemove.ts
FN:38,applyStringMove
FN:74,getStringMoves
FN:88,(anonymous_3)
FN:105,(anonymous_4)
FNF:4
FNH:4
FNDA:117,applyStringMove
FNDA:22,getStringMoves
FNDA:106,(anonymous_3)
FNDA:234,(anonymous_4)
DA:1,3
DA:38,3
DA:39,117
DA:41,5
DA:43,26
DA:45,25
DA:46,0
DA:48,25
DA:49,1
DA:55,24
DA:62,61
DA:67,0
DA:74,3
DA:75,22
DA:77,22
DA:79,22
DA:80,22
DA:81,90
DA:83,46
DA:87,44
DA:88,106
DA:89,44
DA:91,2
DA:96,2
DA:98,2
DA:99,2
DA:105,234
DA:106,42
DA:107,42
DA:108,30
DA:113,30
DA:115,30
DA:116,30
DA:122,12
DA:127,12
DA:129,12
DA:130,12
DA:135,22
DA:136,22
DA:138,28
DA:142,28
DA:145,22
LF:42
LH:40
BRDA:40,0,0,5
BRDA:40,0,1,26
BRDA:40,0,2,25
BRDA:40,0,3,61
BRDA:40,0,4,0
BRDA:45,1,0,0
BRDA:45,1,1,25
BRDA:48,2,0,1
BRDA:48,2,1,24
BRDA:75,3,0,22
BRDA:75,3,1,22
BRDA:81,4,0,46
BRDA:81,4,1,44
BRDA:89,5,0,2
BRDA:89,5,1,42
BRDA:107,6,0,30
BRDA:107,6,1,12
BRF:17
BRH:15
end_of_record
